#
# There is insufficient memory for the Java Runtime Environment to continue.
# Native memory allocation (malloc) failed to allocate 1237936 bytes for Chunk::new
# Possible reasons:
#   The system is out of physical RAM or swap space
#   The process is running with CompressedOops enabled, and the Java Heap may be blocking the growth of the native heap
# Possible solutions:
#   Reduce memory load on the system
#   Increase physical memory or swap space
#   Check if swap backing store is full
#   Decrease Java heap size (-Xmx/-Xms)
#   Decrease number of Java threads
#   Decrease Java thread stack sizes (-Xss)
#   Set larger code cache with -XX:ReservedCodeCacheSize=
#   JVM is running with Unscaled Compressed Oops mode in which the Java heap is
#     placed in the first 4GB address space. The Java Heap base address is the
#     maximum limit for the native heap growth. Please use -XX:HeapBaseMinAddress
#     to set the Java Heap base and to place the Java Heap above 4GB virtual address.
# This output file may be truncated or incomplete.
#
#  Out of Memory Error (allocation.cpp:389), pid=6176, tid=0x0000000000000510
#
# JRE version: OpenJDK Runtime Environment (8.0_242-b01) (build 1.8.0_242-release-1644-b01)
# Java VM: OpenJDK 64-Bit Server VM (25.242-b01 mixed mode windows-amd64 compressed oops)
# Failed to write core dump. Minidumps are not enabled by default on client versions of Windows
#

---------------  T H R E A D  ---------------

Current thread (0x0000000019e17800):  JavaThread "C2 CompilerThread1" daemon [_thread_in_native, id=1296, stack(0x000000001a7f0000,0x000000001a8f0000)]

Stack: [0x000000001a7f0000,0x000000001a8f0000]
[error occurred during error reporting (printing stack bounds), id 0xc0000005]

Native frames: (J=compiled Java code, j=interpreted, Vv=VM code, C=native code)


Current CompileTask:
C2:  25674 9027       4       com.android.utils.XmlUtils::append (639 bytes)


---------------  P R O C E S S  ---------------

Java Threads: ( => current thread )
  0x00000000206e8000 JavaThread "stdout" [_thread_in_native, id=8248, stack(0x00000000318e0000,0x00000000319e0000)]
  0x00000000206e4000 JavaThread "stderr" [_thread_in_native, id=16332, stack(0x00000000317e0000,0x00000000318e0000)]
  0x00000000206e2800 JavaThread "stdout" [_thread_in_native, id=13532, stack(0x00000000316e0000,0x00000000317e0000)]
  0x00000000206e2000 JavaThread "stderr" [_thread_in_native, id=5296, stack(0x00000000315e0000,0x00000000316e0000)]
  0x00000000206e0800 JavaThread "stdout" [_thread_in_native, id=18740, stack(0x00000000314e0000,0x00000000315e0000)]
  0x00000000206e5000 JavaThread "stderr" [_thread_in_native, id=28416, stack(0x00000000313e0000,0x00000000314e0000)]
  0x000000001faff800 JavaThread "stdout" [_thread_in_native, id=784, stack(0x0000000030f90000,0x0000000031090000)]
  0x000000001fafd800 JavaThread "stderr" [_thread_in_native, id=6228, stack(0x0000000030e90000,0x0000000030f90000)]
  0x000000001faff000 JavaThread "stdout" [_thread_in_native, id=16340, stack(0x0000000030b90000,0x0000000030c90000)]
  0x000000001fb02800 JavaThread "stderr" [_thread_in_native, id=26360, stack(0x0000000030a90000,0x0000000030b90000)]
  0x000000001fb00800 JavaThread "stdout" [_thread_in_native, id=280, stack(0x0000000030990000,0x0000000030a90000)]
  0x000000001fafe000 JavaThread "stderr" [_thread_in_native, id=18644, stack(0x0000000030890000,0x0000000030990000)]
  0x000000001fb02000 JavaThread "pool-2-thread-1" [_thread_blocked, id=20416, stack(0x0000000030790000,0x0000000030890000)]
  0x000000001b85a000 JavaThread "MarlinRenderer Disposer" daemon [_thread_blocked, id=28120, stack(0x0000000030490000,0x0000000030590000)]
  0x000000001b852800 JavaThread "Java2D Disposer" daemon [_thread_blocked, id=21360, stack(0x0000000030390000,0x0000000030490000)]
  0x000000001b859000 JavaThread "WorkerExecutor Queue Thread 8" [_thread_blocked, id=8724, stack(0x000000002f920000,0x000000002fa20000)]
  0x000000001b858800 JavaThread "WorkerExecutor Queue Thread 7" [_thread_blocked, id=7252, stack(0x0000000030090000,0x0000000030190000)]
  0x000000001b857800 JavaThread "WorkerExecutor Queue Thread 6" [_thread_blocked, id=1652, stack(0x000000002ff90000,0x0000000030090000)]
  0x000000001b854000 JavaThread "WorkerExecutor Queue Thread 5" [_thread_blocked, id=23472, stack(0x000000002fe90000,0x000000002ff90000)]
  0x000000001b856000 JavaThread "WorkerExecutor Queue Thread 4" [_thread_blocked, id=5412, stack(0x000000002fd90000,0x000000002fe90000)]
  0x000000001b853000 JavaThread "WorkerExecutor Queue Thread 3" [_thread_blocked, id=27828, stack(0x000000002fc90000,0x000000002fd90000)]
  0x000000001b854800 JavaThread "WorkerExecutor Queue Thread 2" [_thread_blocked, id=10084, stack(0x000000002fb90000,0x000000002fc90000)]
  0x000000001b855800 JavaThread "WorkerExecutor Queue" [_thread_blocked, id=4388, stack(0x000000002fa90000,0x000000002fb90000)]
  0x000000001b850800 JavaThread "Cache worker for execution history cache (D:\Android\AndroidStudioProjects\mousic\.gradle\6.5\executionHistory)" [_thread_blocked, id=21580, stack(0x000000002f420000,0x000000002f520000)]
  0x000000001b850000 JavaThread "Execution worker for ':' Thread 7" [_thread_blocked, id=23888, stack(0x000000002f320000,0x000000002f420000)]
  0x000000001b84b800 JavaThread "Execution worker for ':' Thread 6" [_thread_blocked, id=17976, stack(0x000000002f220000,0x000000002f320000)]
  0x000000001b84c000 JavaThread "Execution worker for ':' Thread 5" [_thread_blocked, id=15316, stack(0x000000002f120000,0x000000002f220000)]
  0x0000000020534000 JavaThread "Execution worker for ':' Thread 4" [_thread_blocked, id=25804, stack(0x000000002f020000,0x000000002f120000)]
  0x0000000020533000 JavaThread "Execution worker for ':' Thread 3" [_thread_blocked, id=7892, stack(0x000000002ef20000,0x000000002f020000)]
  0x0000000020532800 JavaThread "Execution worker for ':' Thread 2" [_thread_blocked, id=11128, stack(0x000000002ee20000,0x000000002ef20000)]
  0x0000000020531800 JavaThread "Execution worker for ':'" [_thread_blocked, id=18284, stack(0x000000002db00000,0x000000002dc00000)]
  0x0000000020530000 JavaThread "Cache worker for file content cache (D:\Android\AndroidStudioProjects\mousic\.gradle\6.5\fileContent)" [_thread_blocked, id=18576, stack(0x000000002c210000,0x000000002c310000)]
  0x0000000020528800 JavaThread "Memory manager" [_thread_blocked, id=1700, stack(0x000000002bb00000,0x000000002bc00000)]
  0x000000002052e000 JavaThread "Cache worker for Build Output Cleanup Cache (D:\Android\AndroidStudioProjects\mousic\.gradle\buildOutputCleanup)" [_thread_blocked, id=15368, stack(0x000000002b1c0000,0x000000002b2c0000)]
  0x000000002052d000 JavaThread "jar transforms Thread 113" [_thread_blocked, id=8076, stack(0x000000002b0c0000,0x000000002b1c0000)]
  0x0000000020525800 JavaThread "jar transforms Thread 112" [_thread_blocked, id=7580, stack(0x000000002afc0000,0x000000002b0c0000)]
  0x000000002052c800 JavaThread "jar transforms Thread 111" [_thread_blocked, id=23132, stack(0x000000002aec0000,0x000000002afc0000)]
  0x0000000020528000 JavaThread "jar transforms Thread 110" [_thread_blocked, id=28624, stack(0x000000002adc0000,0x000000002aec0000)]
  0x0000000020525000 JavaThread "jar transforms Thread 109" [_thread_blocked, id=27784, stack(0x000000002abc0000,0x000000002acc0000)]
  0x0000000020527000 JavaThread "jar transforms Thread 108" [_thread_blocked, id=28620, stack(0x000000002aac0000,0x000000002abc0000)]
  0x000000002052b800 JavaThread "jar transforms Thread 107" [_thread_blocked, id=13952, stack(0x000000002a9c0000,0x000000002aac0000)]
  0x000000002052b000 JavaThread "jar transforms Thread 106" [_thread_blocked, id=11776, stack(0x000000002a8c0000,0x000000002a9c0000)]
  0x000000002052a000 JavaThread "jar transforms Thread 105" [_thread_blocked, id=12712, stack(0x000000002a7c0000,0x000000002a8c0000)]
  0x000000001bb57800 JavaThread "jar transforms Thread 104" [_thread_blocked, id=11580, stack(0x000000002a6c0000,0x000000002a7c0000)]
  0x000000001bb5d800 JavaThread "jar transforms Thread 103" [_thread_blocked, id=14608, stack(0x000000002a5c0000,0x000000002a6c0000)]
  0x000000001bb5d000 JavaThread "jar transforms Thread 102" [_thread_blocked, id=8936, stack(0x000000002a4c0000,0x000000002a5c0000)]
  0x000000001bb5e800 JavaThread "jar transforms Thread 101" [_thread_blocked, id=24788, stack(0x000000002a3c0000,0x000000002a4c0000)]
  0x000000001bb58800 JavaThread "jar transforms Thread 100" [_thread_blocked, id=25736, stack(0x000000002a2c0000,0x000000002a3c0000)]
  0x000000001bb5c000 JavaThread "jar transforms Thread 99" [_thread_blocked, id=27012, stack(0x000000002a1c0000,0x000000002a2c0000)]
  0x000000001bb5b800 JavaThread "jar transforms Thread 98" [_thread_blocked, id=19012, stack(0x000000002a0c0000,0x000000002a1c0000)]
  0x000000001bb5a800 JavaThread "jar transforms Thread 97" [_thread_blocked, id=19564, stack(0x0000000029fc0000,0x000000002a0c0000)]
  0x000000001bb5a000 JavaThread "jar transforms Thread 96" [_thread_blocked, id=20560, stack(0x0000000029ec0000,0x0000000029fc0000)]
  0x000000001bb57000 JavaThread "jar transforms Thread 95" [_thread_blocked, id=13824, stack(0x0000000029dc0000,0x0000000029ec0000)]
  0x000000001bb59000 JavaThread "jar transforms Thread 94" [_thread_blocked, id=24492, stack(0x0000000029cc0000,0x0000000029dc0000)]
  0x000000001bb4f800 JavaThread "jar transforms Thread 93" [_thread_blocked, id=21276, stack(0x0000000029bc0000,0x0000000029cc0000)]
  0x000000001bb56000 JavaThread "jar transforms Thread 92" [_thread_blocked, id=1732, stack(0x0000000029ac0000,0x0000000029bc0000)]
  0x000000001bb55800 JavaThread "jar transforms Thread 91" [_thread_blocked, id=25300, stack(0x00000000299c0000,0x0000000029ac0000)]
  0x000000001bb54000 JavaThread "jar transforms Thread 90" [_thread_blocked, id=25068, stack(0x00000000298c0000,0x00000000299c0000)]
  0x000000001bb51800 JavaThread "jar transforms Thread 89" [_thread_blocked, id=25664, stack(0x00000000297c0000,0x00000000298c0000)]
  0x000000001bb53000 JavaThread "jar transforms Thread 88" [_thread_blocked, id=13020, stack(0x00000000296c0000,0x00000000297c0000)]
  0x000000001bb54800 JavaThread "jar transforms Thread 87" [_thread_blocked, id=10432, stack(0x00000000295c0000,0x00000000296c0000)]
  0x000000001bb51000 JavaThread "jar transforms Thread 86" [_thread_blocked, id=9092, stack(0x00000000294c0000,0x00000000295c0000)]
  0x000000001bb52800 JavaThread "jar transforms Thread 85" [_thread_blocked, id=26072, stack(0x00000000293c0000,0x00000000294c0000)]
  0x000000001bb50000 JavaThread "jar transforms Thread 84" [_thread_blocked, id=24356, stack(0x00000000292c0000,0x00000000293c0000)]
  0x000000001f733000 JavaThread "jar transforms Thread 83" [_thread_blocked, id=2532, stack(0x00000000291c0000,0x00000000292c0000)]
  0x000000001f732800 JavaThread "jar transforms Thread 82" [_thread_blocked, id=2664, stack(0x00000000290c0000,0x00000000291c0000)]
  0x000000001f731800 JavaThread "jar transforms Thread 81" [_thread_blocked, id=23496, stack(0x0000000028fc0000,0x00000000290c0000)]
  0x000000001f731000 JavaThread "jar transforms Thread 80" [_thread_blocked, id=21980, stack(0x0000000028ec0000,0x0000000028fc0000)]
  0x000000001f730000 JavaThread "jar transforms Thread 79" [_thread_blocked, id=9004, stack(0x0000000028dc0000,0x0000000028ec0000)]
  0x000000001f729800 JavaThread "jar transforms Thread 78" [_thread_blocked, id=27772, stack(0x0000000028cc0000,0x0000000028dc0000)]
  0x000000001f72f800 JavaThread "jar transforms Thread 77" [_thread_blocked, id=25252, stack(0x0000000028bc0000,0x0000000028cc0000)]
  0x000000001f72e800 JavaThread "jar transforms Thread 76" [_thread_blocked, id=8392, stack(0x0000000028ac0000,0x0000000028bc0000)]
  0x000000001f72e000 JavaThread "jar transforms Thread 75" [_thread_blocked, id=15448, stack(0x00000000289c0000,0x0000000028ac0000)]
  0x000000001f72d000 JavaThread "jar transforms Thread 74" [_thread_blocked, id=16868, stack(0x00000000288c0000,0x00000000289c0000)]
  0x000000001f72c800 JavaThread "jar transforms Thread 73" [_thread_blocked, id=23796, stack(0x00000000287c0000,0x00000000288c0000)]
  0x000000001f72a000 JavaThread "jar transforms Thread 72" [_thread_blocked, id=17356, stack(0x00000000286c0000,0x00000000287c0000)]
  0x000000001f725000 JavaThread "jar transforms Thread 71" [_thread_blocked, id=2316, stack(0x00000000285c0000,0x00000000286c0000)]
  0x000000001f725800 JavaThread "jar transforms Thread 70" [_thread_blocked, id=17920, stack(0x00000000284c0000,0x00000000285c0000)]
  0x000000001f72b800 JavaThread "jar transforms Thread 69" [_thread_blocked, id=11720, stack(0x00000000283c0000,0x00000000284c0000)]
  0x000000001f724000 JavaThread "jar transforms Thread 68" [_thread_blocked, id=27432, stack(0x00000000282c0000,0x00000000283c0000)]
  0x000000001f72b000 JavaThread "jar transforms Thread 67" [_thread_blocked, id=9444, stack(0x00000000281c0000,0x00000000282c0000)]
  0x000000001f728800 JavaThread "jar transforms Thread 66" [_thread_blocked, id=28508, stack(0x00000000280c0000,0x00000000281c0000)]
  0x000000001f728000 JavaThread "jar transforms Thread 65" [_thread_blocked, id=11304, stack(0x0000000027fc0000,0x00000000280c0000)]
  0x000000001f727000 JavaThread "jar transforms Thread 64" [_thread_blocked, id=9680, stack(0x0000000027ec0000,0x0000000027fc0000)]
  0x000000001f726800 JavaThread "jar transforms Thread 63" [_thread_blocked, id=7728, stack(0x0000000027dc0000,0x0000000027ec0000)]
  0x000000001b527000 JavaThread "jar transforms Thread 62" [_thread_blocked, id=26520, stack(0x0000000027cc0000,0x0000000027dc0000)]
  0x000000001b526000 JavaThread "jar transforms Thread 61" [_thread_blocked, id=17020, stack(0x0000000027bc0000,0x0000000027cc0000)]
  0x000000001b525800 JavaThread "jar transforms Thread 60" [_thread_blocked, id=22412, stack(0x0000000027ac0000,0x0000000027bc0000)]
  0x000000001b52a800 JavaThread "jar transforms Thread 59" [_thread_blocked, id=23920, stack(0x00000000279c0000,0x0000000027ac0000)]
  0x000000001b52a000 JavaThread "jar transforms Thread 58" [_thread_blocked, id=4568, stack(0x00000000278c0000,0x00000000279c0000)]
  0x000000001b52c000 JavaThread "jar transforms Thread 57" [_thread_blocked, id=27264, stack(0x00000000277c0000,0x00000000278c0000)]
  0x000000001b528800 JavaThread "jar transforms Thread 56" [_thread_blocked, id=27148, stack(0x00000000276c0000,0x00000000277c0000)]
  0x000000001b529000 JavaThread "jar transforms Thread 55" [_thread_blocked, id=23700, stack(0x00000000275c0000,0x00000000276c0000)]
  0x000000001b527800 JavaThread "jar transforms Thread 54" [_thread_blocked, id=8776, stack(0x00000000274c0000,0x00000000275c0000)]
  0x000000001b524800 JavaThread "jar transforms Thread 53" [_thread_blocked, id=15060, stack(0x00000000273c0000,0x00000000274c0000)]
  0x000000001b52b800 JavaThread "jar transforms Thread 52" [_thread_blocked, id=25184, stack(0x00000000272c0000,0x00000000273c0000)]
  0x000000001b51d000 JavaThread "jar transforms Thread 51" [_thread_blocked, id=17936, stack(0x00000000271c0000,0x00000000272c0000)]
  0x000000001b523000 JavaThread "jar transforms Thread 50" [_thread_blocked, id=7268, stack(0x00000000270c0000,0x00000000271c0000)]
  0x000000001b524000 JavaThread "jar transforms Thread 49" [_thread_blocked, id=16020, stack(0x0000000026fc0000,0x00000000270c0000)]
  0x000000001b522800 JavaThread "jar transforms Thread 48" [_thread_blocked, id=16236, stack(0x0000000026ec0000,0x0000000026fc0000)]
  0x000000001b521800 JavaThread "jar transforms Thread 47" [_thread_blocked, id=24168, stack(0x0000000026dc0000,0x0000000026ec0000)]
  0x000000001b520000 JavaThread "jar transforms Thread 46" [_thread_blocked, id=22136, stack(0x0000000026cc0000,0x0000000026dc0000)]
  0x000000001b51f800 JavaThread "jar transforms Thread 45" [_thread_blocked, id=12276, stack(0x0000000026bc0000,0x0000000026cc0000)]
  0x000000001b51e000 JavaThread "jar transforms Thread 44" [_thread_blocked, id=7468, stack(0x0000000026ac0000,0x0000000026bc0000)]
  0x000000001b51e800 JavaThread "jar transforms Thread 43" [_thread_blocked, id=27624, stack(0x00000000269c0000,0x0000000026ac0000)]
  0x000000001b521000 JavaThread "jar transforms Thread 42" [_thread_blocked, id=21524, stack(0x00000000268c0000,0x00000000269c0000)]
  0x000000001c0d4800 JavaThread "jar transforms Thread 41" [_thread_blocked, id=27404, stack(0x00000000267c0000,0x00000000268c0000)]
  0x000000001c0d0000 JavaThread "jar transforms Thread 40" [_thread_blocked, id=24880, stack(0x00000000266c0000,0x00000000267c0000)]
  0x000000001c0d2000 JavaThread "jar transforms Thread 39" [_thread_blocked, id=7612, stack(0x00000000265c0000,0x00000000266c0000)]
  0x000000001c0cf000 JavaThread "jar transforms Thread 38" [_thread_blocked, id=12916, stack(0x00000000264c0000,0x00000000265c0000)]
  0x000000001c0d3800 JavaThread "jar transforms Thread 37" [_thread_blocked, id=26084, stack(0x00000000263c0000,0x00000000264c0000)]
  0x000000001c0d3000 JavaThread "jar transforms Thread 36" [_thread_blocked, id=26740, stack(0x00000000262c0000,0x00000000263c0000)]
  0x000000001c0ce800 JavaThread "jar transforms Thread 35" [_thread_blocked, id=11708, stack(0x00000000261c0000,0x00000000262c0000)]
  0x000000001c0cd000 JavaThread "jar transforms Thread 34" [_thread_blocked, id=21836, stack(0x00000000260c0000,0x00000000261c0000)]
  0x000000001c0d0800 JavaThread "jar transforms Thread 33" [_thread_blocked, id=27696, stack(0x0000000025fc0000,0x00000000260c0000)]
  0x000000001c0d1800 JavaThread "jar transforms Thread 32" [_thread_blocked, id=24864, stack(0x0000000025ec0000,0x0000000025fc0000)]
  0x000000001c0cd800 JavaThread "jar transforms Thread 31" [_thread_blocked, id=19840, stack(0x0000000025dc0000,0x0000000025ec0000)]
  0x000000001c0c5800 JavaThread "jar transforms Thread 30" [_thread_blocked, id=22656, stack(0x0000000025cc0000,0x0000000025dc0000)]
  0x000000001c0cc000 JavaThread "jar transforms Thread 29" [_thread_blocked, id=23136, stack(0x0000000025bc0000,0x0000000025cc0000)]
  0x000000001c0ca800 JavaThread "jar transforms Thread 28" [_thread_blocked, id=27748, stack(0x0000000025ac0000,0x0000000025bc0000)]
  0x000000001c0cb800 JavaThread "jar transforms Thread 27" [_thread_blocked, id=28020, stack(0x00000000259c0000,0x0000000025ac0000)]
  0x000000001c0c9000 JavaThread "jar transforms Thread 26" [_thread_blocked, id=26208, stack(0x00000000258c0000,0x00000000259c0000)]
  0x000000001c0c8800 JavaThread "jar transforms Thread 25" [_thread_blocked, id=26684, stack(0x00000000257c0000,0x00000000258c0000)]
  0x000000001c0c7800 JavaThread "jar transforms Thread 24" [_thread_blocked, id=8400, stack(0x00000000256c0000,0x00000000257c0000)]
  0x000000001c0c6000 JavaThread "jar transforms Thread 23" [_thread_blocked, id=24404, stack(0x00000000255c0000,0x00000000256c0000)]
  0x000000001c0ca000 JavaThread "jar transforms Thread 22" [_thread_blocked, id=28252, stack(0x00000000254c0000,0x00000000255c0000)]
  0x000000001c0c7000 JavaThread "jar transforms Thread 21" [_thread_blocked, id=25948, stack(0x00000000253c0000,0x00000000254c0000)]
  0x000000001b943000 JavaThread "jar transforms Thread 20" [_thread_blocked, id=21600, stack(0x00000000252c0000,0x00000000253c0000)]
  0x000000001b948800 JavaThread "jar transforms Thread 19" [_thread_blocked, id=20608, stack(0x00000000251c0000,0x00000000252c0000)]
  0x000000001b949000 JavaThread "jar transforms Thread 18" [_thread_blocked, id=25308, stack(0x00000000250c0000,0x00000000251c0000)]
  0x000000001b942800 JavaThread "jar transforms Thread 17" [_thread_blocked, id=16904, stack(0x0000000024fc0000,0x00000000250c0000)]
  0x000000001b947000 JavaThread "jar transforms Thread 16" [_thread_blocked, id=26968, stack(0x0000000024ec0000,0x0000000024fc0000)]
  0x000000001b946000 JavaThread "jar transforms Thread 15" [_thread_blocked, id=9756, stack(0x0000000024dc0000,0x0000000024ec0000)]
  0x000000001b944000 JavaThread "jar transforms Thread 14" [_thread_blocked, id=20452, stack(0x0000000024cc0000,0x0000000024dc0000)]
  0x000000001b945800 JavaThread "jar transforms Thread 13" [_thread_blocked, id=20200, stack(0x0000000024bc0000,0x0000000024cc0000)]
  0x000000001b947800 JavaThread "jar transforms Thread 12" [_thread_blocked, id=22468, stack(0x0000000024ac0000,0x0000000024bc0000)]
  0x000000001b944800 JavaThread "jar transforms Thread 11" [_thread_blocked, id=15200, stack(0x00000000249c0000,0x0000000024ac0000)]
  0x000000001ba83000 JavaThread "jar transforms Thread 10" [_thread_blocked, id=1464, stack(0x00000000248c0000,0x00000000249c0000)]
  0x000000001ba82800 JavaThread "jar transforms Thread 9" [_thread_blocked, id=25500, stack(0x00000000247c0000,0x00000000248c0000)]
  0x000000001ba81800 JavaThread "jar transforms Thread 8" [_thread_blocked, id=10440, stack(0x00000000246c0000,0x00000000247c0000)]
  0x000000001ba81000 JavaThread "jar transforms Thread 7" [_thread_blocked, id=23196, stack(0x00000000245c0000,0x00000000246c0000)]
  0x000000001ba7f800 JavaThread "jar transforms Thread 6" [_thread_blocked, id=2756, stack(0x00000000244c0000,0x00000000245c0000)]
  0x000000001ba80000 JavaThread "jar transforms Thread 5" [_thread_blocked, id=13664, stack(0x00000000243c0000,0x00000000244c0000)]
  0x000000001ba7e800 JavaThread "jar transforms Thread 4" [_thread_blocked, id=1548, stack(0x00000000242c0000,0x00000000243c0000)]
  0x000000001ba77000 JavaThread "jar transforms Thread 3" [_thread_blocked, id=22836, stack(0x00000000241c0000,0x00000000242c0000)]
  0x000000001ba7e000 JavaThread "jar transforms Thread 2" [_thread_blocked, id=22292, stack(0x00000000240c0000,0x00000000241c0000)]
  0x000000001ba76800 JavaThread "Build operations Thread 8" [_thread_blocked, id=21596, stack(0x0000000023fc0000,0x00000000240c0000)]
  0x000000001ba78000 JavaThread "Build operations Thread 7" [_thread_blocked, id=26916, stack(0x0000000023ec0000,0x0000000023fc0000)]
  0x000000001ba7a000 JavaThread "Build operations Thread 6" [_thread_in_Java, id=24624, stack(0x0000000023dc0000,0x0000000023ec0000)]
  0x000000001ba79800 JavaThread "Build operations Thread 5" [_thread_blocked, id=27916, stack(0x0000000023cc0000,0x0000000023dc0000)]
  0x000000001ba7b800 JavaThread "Build operations Thread 4" [_thread_blocked, id=16536, stack(0x0000000023bc0000,0x0000000023cc0000)]
  0x000000001ba7d000 JavaThread "Build operations Thread 3" [_thread_blocked, id=25660, stack(0x0000000023ac0000,0x0000000023bc0000)]
  0x000000001ba7c800 JavaThread "Build operations Thread 2" [_thread_blocked, id=12564, stack(0x00000000239c0000,0x0000000023ac0000)]
  0x000000001ba75800 JavaThread "Build operations" [_thread_blocked, id=24040, stack(0x00000000238c0000,0x00000000239c0000)]
  0x000000001ca09000 JavaThread "Cache worker for file content cache (C:\Users\lesha\.gradle\caches\6.5\fileContent)" [_thread_blocked, id=26080, stack(0x00000000231c0000,0x00000000232c0000)]
  0x000000001ca07000 JavaThread "jar transforms" [_thread_blocked, id=5852, stack(0x0000000022920000,0x0000000022a20000)]
  0x000000001ca07800 JavaThread "Cache worker for execution history cache (C:\Users\lesha\.gradle\caches\6.5\executionHistory)" [_thread_blocked, id=7740, stack(0x0000000022820000,0x0000000022920000)]
  0x000000001ca06000 JavaThread "Cache worker for cache directory md-rule (C:\Users\lesha\.gradle\caches\6.5\md-rule)" [_thread_blocked, id=5920, stack(0x0000000022720000,0x0000000022820000)]
  0x000000001ca0a000 JavaThread "Cache worker for cache directory md-supplier (C:\Users\lesha\.gradle\caches\6.5\md-supplier)" [_thread_blocked, id=15808, stack(0x00000000213c0000,0x00000000214c0000)]
  0x000000001ca0b800 JavaThread "Cache worker for checksums cache (D:\Android\AndroidStudioProjects\mousic\.gradle\checksums)" [_thread_blocked, id=20872, stack(0x00000000212c0000,0x00000000213c0000)]
  0x000000001ca05800 JavaThread "Cache worker for file hash cache (D:\Android\AndroidStudioProjects\mousic\.gradle\6.5\fileHashes)" [_thread_blocked, id=26868, stack(0x0000000022ac0000,0x0000000022bc0000)]
  0x000000001ca04800 JavaThread "Cache worker for file hash cache (C:\Users\lesha\.gradle\caches\6.5\fileHashes)" [_thread_blocked, id=22348, stack(0x000000001ee20000,0x000000001ef20000)]
  0x000000001ca08800 JavaThread "File lock request listener" [_thread_in_native, id=28204, stack(0x000000001ed20000,0x000000001ee20000)]
  0x000000001cc02800 JavaThread "Cache worker for journal cache (C:\Users\lesha\.gradle\caches\journal-1)" [_thread_blocked, id=23540, stack(0x000000001ec20000,0x000000001ed20000)]
  0x000000001ca86000 JavaThread "Thread-9" [_thread_blocked, id=22172, stack(0x000000001e920000,0x000000001ea20000)]
  0x000000001c991800 JavaThread "Stdin handler" [_thread_blocked, id=17332, stack(0x000000001e820000,0x000000001e920000)]
  0x000000001c98e800 JavaThread "Asynchronous log dispatcher for DefaultDaemonConnection: socket connection from /127.0.0.1:55512 to /127.0.0.1:55513" [_thread_blocked, id=22212, stack(0x000000001e720000,0x000000001e820000)]
  0x000000001c9e6000 JavaThread "Daemon worker" [_thread_in_Java, id=22612, stack(0x000000001e620000,0x000000001e720000)]
  0x000000001c99b000 JavaThread "Cancel handler" [_thread_blocked, id=11768, stack(0x000000001e420000,0x000000001e520000)]
  0x000000001c987000 JavaThread "Handler for socket connection from /127.0.0.1:55512 to /127.0.0.1:55513" [_thread_in_native, id=1304, stack(0x000000001e120000,0x000000001e220000)]
  0x000000001c97c800 JavaThread "Daemon" [_thread_blocked, id=20016, stack(0x000000001e020000,0x000000001e120000)]
  0x000000001c99d800 JavaThread "Daemon periodic checks" [_thread_blocked, id=17632, stack(0x000000001df20000,0x000000001e020000)]
  0x000000001c8fc000 JavaThread "Incoming local TCP Connector on port 55512" [_thread_in_native, id=2204, stack(0x000000001dcd0000,0x000000001ddd0000)]
  0x000000001c541000 JavaThread "Daemon health stats" [_thread_blocked, id=7972, stack(0x000000001d690000,0x000000001d790000)]
  0x0000000019eb8800 JavaThread "Service Thread" daemon [_thread_blocked, id=23356, stack(0x000000001aaf0000,0x000000001abf0000)]
  0x0000000019e23800 JavaThread "C1 CompilerThread3" daemon [_thread_blocked, id=15812, stack(0x000000001a9f0000,0x000000001aaf0000)]
  0x0000000019e1f800 JavaThread "C2 CompilerThread2" daemon [_thread_in_native, id=6440, stack(0x000000001a8f0000,0x000000001a9f0000)]
=>0x0000000019e17800 JavaThread "C2 CompilerThread1" daemon [_thread_in_native, id=1296, stack(0x000000001a7f0000,0x000000001a8f0000)]
  0x0000000019e11800 JavaThread "C2 CompilerThread0" daemon [_thread_in_native, id=5048, stack(0x000000001a6f0000,0x000000001a7f0000)]
  0x0000000019e11000 JavaThread "Attach Listener" daemon [_thread_blocked, id=19772, stack(0x000000001a5f0000,0x000000001a6f0000)]
  0x0000000019e10000 JavaThread "Signal Dispatcher" daemon [_thread_blocked, id=24288, stack(0x000000001a4f0000,0x000000001a5f0000)]
  0x0000000018012800 JavaThread "Finalizer" daemon [_thread_blocked, id=18140, stack(0x000000001a2e0000,0x000000001a3e0000)]
  0x000000001800b800 JavaThread "Reference Handler" daemon [_thread_blocked, id=6092, stack(0x000000001a1e0000,0x000000001a2e0000)]
  0x0000000002d9e000 JavaThread "main" [_thread_blocked, id=19360, stack(0x0000000002da0000,0x0000000002ea0000)]

Other Threads:
  0x0000000018008800 VMThread [stack: 0x0000000019ce0000,0x0000000019de0000] [id=5008]
  0x0000000019e67800 WatcherThread [stack: 0x000000001abf0000,0x000000001acf0000] [id=27300]

VM state:not at safepoint (normal execution)

VM Mutex/Monitor currently owned by a thread: None

heap address: 0x0000000080000000, size: 2048 MB, Compressed Oops mode: 32-bit
Narrow klass base: 0x0000000000000000, Narrow klass shift: 3
Compressed class space size: 1073741824 Address: 0x0000000100000000

Heap:
 PSYoungGen      total 176128K, used 166067K [0x00000000d5580000, 0x00000000e3400000, 0x0000000100000000)
  eden space 154112K, 93% used [0x00000000d5580000,0x00000000de22d188,0x00000000dec00000)
  from space 22016K, 99% used [0x00000000dec00000,0x00000000e017fd58,0x00000000e0180000)
  to   space 26112K, 0% used [0x00000000e1a80000,0x00000000e1a80000,0x00000000e3400000)
 ParOldGen       total 248832K, used 34196K [0x0000000080000000, 0x000000008f300000, 0x00000000d5580000)
  object space 248832K, 13% used [0x0000000080000000,0x0000000082165050,0x000000008f300000)
 Metaspace       used 70641K, capacity 73906K, committed 74008K, reserved 1114112K
  class space    used 9545K, capacity 10196K, committed 10288K, reserved 1048576K

Card table byte_map: [0x0000000012360000,0x0000000012770000] byte_map_base: 0x0000000011f60000

Marking Bits: (ParMarkBitMap*) 0x000000005a19f030
 Begin Bits: [0x0000000013220000, 0x0000000015220000)
 End Bits:   [0x0000000015220000, 0x0000000017220000)

Polling page: 0x0000000002cf0000

CodeCache: size=245760Kb used=26325Kb max_used=26367Kb free=219435Kb
 bounds [0x0000000002fa0000, 0x0000000004980000, 0x0000000011fa0000]
 total_blobs=8882 nmethods=7968 adapters=824
 compilation: enabled

Compilation events (10 events):
Event: 25.322 Thread 0x0000000019e23800 9193       2       org.gradle.internal.resources.AbstractResourceLockRegistry$3::execute (9 bytes)
Event: 25.322 Thread 0x0000000019e23800 nmethod 9193 0x0000000004963310 code [0x0000000004963480, 0x0000000004963698]
Event: 25.322 Thread 0x0000000019e23800 9194   !   2       com.google.common.collect.Synchronized$SynchronizedMultimap::remove (28 bytes)
Event: 25.323 Thread 0x0000000019e23800 nmethod 9194 0x0000000004963810 code [0x0000000004963980, 0x0000000004963cd8]
Event: 25.564 Thread 0x0000000019e23800 9196       2       org.gradle.api.internal.provider.ValueSanitizers$2::sanitize (2 bytes)
Event: 25.567 Thread 0x0000000019e23800 nmethod 9196 0x000000000496e210 code [0x000000000496e360, 0x000000000496e4b0]
Event: 25.571 Thread 0x0000000019e1f800 nmethod 9016 0x000000000496e550 code [0x000000000496ee00, 0x0000000004976248]
Event: 25.572 Thread 0x0000000019e1f800 9103       4       java.io.ObjectStreamClass$FieldReflector::getPrimFieldValues (317 bytes)
Event: 25.581 Thread 0x0000000019e1f800 nmethod 9103 0x000000000320c410 code [0x000000000320c6c0, 0x000000000320cb00]
Event: 25.582 Thread 0x0000000019e1f800 9128       4       java.io.ObjectStreamClass$FieldReflector::setPrimFieldValues (329 bytes)

GC Heap History (10 events):
Event: 13.575 GC heap before
{Heap before GC invocations=10 (full 2):
 PSYoungGen      total 119296K, used 119276K [0x00000000d5580000, 0x00000000df580000, 0x0000000100000000)
  eden space 105984K, 100% used [0x00000000d5580000,0x00000000dbd00000,0x00000000dbd00000)
  from space 13312K, 99% used [0x00000000dbd00000,0x00000000dc9fb2c8,0x00000000dca00000)
  to   space 16384K, 0% used [0x00000000de580000,0x00000000de580000,0x00000000df580000)
 ParOldGen       total 248832K, used 20596K [0x0000000080000000, 0x000000008f300000, 0x00000000d5580000)
  object space 248832K, 8% used [0x0000000080000000,0x000000008141d0c8,0x000000008f300000)
 Metaspace       used 55906K, capacity 57994K, committed 58280K, reserved 1099776K
  class space    used 7564K, capacity 8036K, committed 8112K, reserved 1048576K
Event: 13.611 GC heap after
Heap after GC invocations=10 (full 2):
 PSYoungGen      total 142336K, used 16364K [0x00000000d5580000, 0x00000000e0400000, 0x0000000100000000)
  eden space 125952K, 0% used [0x00000000d5580000,0x00000000d5580000,0x00000000dd080000)
  from space 16384K, 99% used [0x00000000de580000,0x00000000df57b310,0x00000000df580000)
  to   space 21504K, 0% used [0x00000000dd080000,0x00000000dd080000,0x00000000de580000)
 ParOldGen       total 248832K, used 27679K [0x0000000080000000, 0x000000008f300000, 0x00000000d5580000)
  object space 248832K, 11% used [0x0000000080000000,0x0000000081b07f70,0x000000008f300000)
 Metaspace       used 55906K, capacity 57994K, committed 58280K, reserved 1099776K
  class space    used 7564K, capacity 8036K, committed 8112K, reserved 1048576K
}
Event: 13.920 GC heap before
{Heap before GC invocations=11 (full 2):
 PSYoungGen      total 142336K, used 27616K [0x00000000d5580000, 0x00000000e0400000, 0x0000000100000000)
  eden space 125952K, 8% used [0x00000000d5580000,0x00000000d607cf88,0x00000000dd080000)
  from space 16384K, 99% used [0x00000000de580000,0x00000000df57b310,0x00000000df580000)
  to   space 21504K, 0% used [0x00000000dd080000,0x00000000dd080000,0x00000000de580000)
 ParOldGen       total 248832K, used 27679K [0x0000000080000000, 0x000000008f300000, 0x00000000d5580000)
  object space 248832K, 11% used [0x0000000080000000,0x0000000081b07f70,0x000000008f300000)
 Metaspace       used 56778K, capacity 59008K, committed 59160K, reserved 1099776K
  class space    used 7695K, capacity 8151K, committed 8240K, reserved 1048576K
Event: 13.938 GC heap after
Heap after GC invocations=11 (full 2):
 PSYoungGen      total 147456K, used 17634K [0x00000000d5580000, 0x00000000e2000000, 0x0000000100000000)
  eden space 125952K, 0% used [0x00000000d5580000,0x00000000d5580000,0x00000000dd080000)
  from space 21504K, 82% used [0x00000000dd080000,0x00000000de1b8b30,0x00000000de580000)
  to   space 23040K, 0% used [0x00000000e0980000,0x00000000e0980000,0x00000000e2000000)
 ParOldGen       total 248832K, used 27687K [0x0000000080000000, 0x000000008f300000, 0x00000000d5580000)
  object space 248832K, 11% used [0x0000000080000000,0x0000000081b09f70,0x000000008f300000)
 Metaspace       used 56778K, capacity 59008K, committed 59160K, reserved 1099776K
  class space    used 7695K, capacity 8151K, committed 8240K, reserved 1048576K
}
Event: 13.938 GC heap before
{Heap before GC invocations=12 (full 3):
 PSYoungGen      total 147456K, used 17634K [0x00000000d5580000, 0x00000000e2000000, 0x0000000100000000)
  eden space 125952K, 0% used [0x00000000d5580000,0x00000000d5580000,0x00000000dd080000)
  from space 21504K, 82% used [0x00000000dd080000,0x00000000de1b8b30,0x00000000de580000)
  to   space 23040K, 0% used [0x00000000e0980000,0x00000000e0980000,0x00000000e2000000)
 ParOldGen       total 248832K, used 27687K [0x0000000080000000, 0x000000008f300000, 0x00000000d5580000)
  object space 248832K, 11% used [0x0000000080000000,0x0000000081b09f70,0x000000008f300000)
 Metaspace       used 56778K, capacity 59008K, committed 59160K, reserved 1099776K
  class space    used 7695K, capacity 8151K, committed 8240K, reserved 1048576K
Event: 14.407 GC heap after
Heap after GC invocations=12 (full 3):
 PSYoungGen      total 147456K, used 0K [0x00000000d5580000, 0x00000000e2000000, 0x0000000100000000)
  eden space 125952K, 0% used [0x00000000d5580000,0x00000000d5580000,0x00000000dd080000)
  from space 21504K, 0% used [0x00000000dd080000,0x00000000dd080000,0x00000000de580000)
  to   space 23040K, 0% used [0x00000000e0980000,0x00000000e0980000,0x00000000e2000000)
 ParOldGen       total 248832K, used 30362K [0x0000000080000000, 0x000000008f300000, 0x00000000d5580000)
  object space 248832K, 12% used [0x0000000080000000,0x0000000081da6840,0x000000008f300000)
 Metaspace       used 56763K, capacity 58960K, committed 59160K, reserved 1099776K
  class space    used 7690K, capacity 8143K, committed 8240K, reserved 1048576K
}
Event: 17.546 GC heap before
{Heap before GC invocations=13 (full 3):
 PSYoungGen      total 147456K, used 125952K [0x00000000d5580000, 0x00000000e2000000, 0x0000000100000000)
  eden space 125952K, 100% used [0x00000000d5580000,0x00000000dd080000,0x00000000dd080000)
  from space 21504K, 0% used [0x00000000dd080000,0x00000000dd080000,0x00000000de580000)
  to   space 23040K, 0% used [0x00000000e0980000,0x00000000e0980000,0x00000000e2000000)
 ParOldGen       total 248832K, used 30362K [0x0000000080000000, 0x000000008f300000, 0x00000000d5580000)
  object space 248832K, 12% used [0x0000000080000000,0x0000000081da6840,0x000000008f300000)
 Metaspace       used 64891K, capacity 67638K, committed 67864K, reserved 1107968K
  class space    used 8956K, capacity 9510K, committed 9520K, reserved 1048576K
Event: 17.570 GC heap after
Heap after GC invocations=13 (full 3):
 PSYoungGen      total 163840K, used 13359K [0x00000000d5580000, 0x00000000e1700000, 0x0000000100000000)
  eden space 150016K, 0% used [0x00000000d5580000,0x00000000d5580000,0x00000000de800000)
  from space 13824K, 96% used [0x00000000e0980000,0x00000000e168bc88,0x00000000e1700000)
  to   space 22016K, 0% used [0x00000000dec00000,0x00000000dec00000,0x00000000e0180000)
 ParOldGen       total 248832K, used 30370K [0x0000000080000000, 0x000000008f300000, 0x00000000d5580000)
  object space 248832K, 12% used [0x0000000080000000,0x0000000081da8840,0x000000008f300000)
 Metaspace       used 64891K, capacity 67638K, committed 67864K, reserved 1107968K
  class space    used 8956K, capacity 9510K, committed 9520K, reserved 1048576K
}
Event: 22.337 GC heap before
{Heap before GC invocations=14 (full 3):
 PSYoungGen      total 163840K, used 163375K [0x00000000d5580000, 0x00000000e1700000, 0x0000000100000000)
  eden space 150016K, 100% used [0x00000000d5580000,0x00000000de800000,0x00000000de800000)
  from space 13824K, 96% used [0x00000000e0980000,0x00000000e168bc88,0x00000000e1700000)
  to   space 22016K, 0% used [0x00000000dec00000,0x00000000dec00000,0x00000000e0180000)
 ParOldGen       total 248832K, used 30370K [0x0000000080000000, 0x000000008f300000, 0x00000000d5580000)
  object space 248832K, 12% used [0x0000000080000000,0x0000000081da8840,0x000000008f300000)
 Metaspace       used 66869K, capacity 69932K, committed 70296K, reserved 1110016K
  class space    used 9157K, capacity 9783K, committed 9904K, reserved 1048576K
Event: 22.368 GC heap after
Heap after GC invocations=14 (full 3):
 PSYoungGen      total 176128K, used 22015K [0x00000000d5580000, 0x00000000e3400000, 0x0000000100000000)
  eden space 154112K, 0% used [0x00000000d5580000,0x00000000d5580000,0x00000000dec00000)
  from space 22016K, 99% used [0x00000000dec00000,0x00000000e017fd58,0x00000000e0180000)
  to   space 26112K, 0% used [0x00000000e1a80000,0x00000000e1a80000,0x00000000e3400000)
 ParOldGen       total 248832K, used 34196K [0x0000000080000000, 0x000000008f300000, 0x00000000d5580000)
  object space 248832K, 13% used [0x0000000080000000,0x0000000082165050,0x000000008f300000)
 Metaspace       used 66869K, capacity 69932K, committed 70296K, reserved 1110016K
  class space    used 9157K, capacity 9783K, committed 9904K, reserved 1048576K
}

Deoptimization events (10 events):
Event: 24.818 Thread 0x000000001b850000 Uncommon trap: reason=class_check action=maybe_recompile pc=0x000000000476f86c method=com.sun.org.apache.xerces.internal.dom.ElementImpl.getAttributes()Lorg/w3c/dom/NamedNodeMap; @ 8
Event: 24.818 Thread 0x000000001b850000 Uncommon trap: reason=class_check action=maybe_recompile pc=0x000000000476f86c method=com.sun.org.apache.xerces.internal.dom.ElementImpl.getAttributes()Lorg/w3c/dom/NamedNodeMap; @ 8
Event: 24.855 Thread 0x000000001b850000 Uncommon trap: reason=null_check action=make_not_entrant pc=0x0000000004705f68 method=com.sun.org.apache.xerces.internal.dom.NamedNodeMapImpl.findNamePoint(Ljava/lang/String;Ljava/lang/String;)I @ 105
Event: 24.927 Thread 0x000000001b850000 Uncommon trap: reason=unstable_if action=reinterpret pc=0x00000000048ed7f8 method=com.android.utils.XmlUtils.toXmlAttributeValue(Ljava/lang/String;)Ljava/lang/String; @ 33
Event: 24.927 Thread 0x000000001b850000 Uncommon trap: reason=unstable_if action=reinterpret pc=0x00000000047a4c5c method=com.android.utils.XmlUtils.toXmlAttributeValue(Ljava/lang/String;)Ljava/lang/String; @ 33
Event: 24.988 Thread 0x000000001b850000 Uncommon trap: reason=unstable_if action=reinterpret pc=0x00000000048e8e74 method=com.android.utils.XmlUtils.append(Lcom/android/utils/XmlUtils$PositionAwareStringBuilder;Lorg/w3c/dom/Node;Ljava/util/Map;Ljava/util/Set;)V @ 540
Event: 25.541 Thread 0x000000001b859000 Uncommon trap: reason=class_check action=maybe_recompile pc=0x0000000003c98040 method=java.lang.Throwable.<init>(Ljava/lang/String;Ljava/lang/Throwable;)V @ 24
Event: 25.546 Thread 0x000000001b859000 Uncommon trap: reason=class_check action=maybe_recompile pc=0x0000000003c98040 method=java.lang.Throwable.<init>(Ljava/lang/String;Ljava/lang/Throwable;)V @ 24
Event: 25.557 Thread 0x000000001b855800 Uncommon trap: reason=class_check action=maybe_recompile pc=0x0000000003c98040 method=java.lang.Throwable.<init>(Ljava/lang/String;Ljava/lang/Throwable;)V @ 24
Event: 25.560 Thread 0x000000001b855800 Uncommon trap: reason=class_check action=maybe_recompile pc=0x0000000003c98040 method=java.lang.Throwable.<init>(Ljava/lang/String;Ljava/lang/Throwable;)V @ 24

Classes redefined (0 events):
No events

Internal exceptions (10 events):
Event: 23.607 Thread 0x000000001b850000 Implicit null exception at 0x000000000477ad97 to 0x000000000477b11d
Event: 23.666 Thread 0x000000001b850000 Implicit null exception at 0x00000000047f55a7 to 0x00000000047f79e9
Event: 24.855 Thread 0x000000001b850000 Implicit null exception at 0x00000000047057e9 to 0x0000000004705f3c
Event: 24.988 Thread 0x000000001b850000 Implicit null exception at 0x00000000048eb141 to 0x00000000048e8e51
Event: 25.056 Thread 0x000000001b850000 Exception <a 'java/lang/NoSuchMethodError': <clinit>> (0x00000000dd0170e0) thrown at [C:\src\AOSP-openjdk-git\hotspot\src\share\vm\prims\jni.cpp, line 1615]
Event: 25.057 Thread 0x000000001b850000 Exception <a 'java/lang/NoSuchMethodError': <clinit>> (0x00000000dd027500) thrown at [C:\src\AOSP-openjdk-git\hotspot\src\share\vm\prims\jni.cpp, line 1615]
Event: 25.059 Thread 0x000000001b850000 Exception <a 'java/lang/NoSuchMethodError': <clinit>> (0x00000000dd03ad58) thrown at [C:\src\AOSP-openjdk-git\hotspot\src\share\vm\prims\jni.cpp, line 1615]
Event: 25.070 Thread 0x000000001b850000 Exception <a 'java/lang/NoSuchMethodError': <clinit>> (0x00000000dd0bfee8) thrown at [C:\src\AOSP-openjdk-git\hotspot\src\share\vm\prims\jni.cpp, line 1615]
Event: 25.545 Thread 0x000000001b859000 Exception <a 'java/io/IOException'> (0x00000000dd80a690) thrown at [C:\src\AOSP-openjdk-git\hotspot\src\share\vm\prims\jni.cpp, line 710]
Event: 25.559 Thread 0x000000001b855800 Exception <a 'java/io/IOException'> (0x00000000dda5c6e0) thrown at [C:\src\AOSP-openjdk-git\hotspot\src\share\vm\prims\jni.cpp, line 710]

Events (10 events):
Event: 25.563 Executing VM operation: RevokeBias done
Event: 25.564 Executing VM operation: BulkRevokeBias
Event: 25.567 Executing VM operation: BulkRevokeBias done
Event: 25.567 Thread 0x0000000019e23800 flushing nmethod 0x00000000030a0010
Event: 25.567 Thread 0x0000000019e23800 flushing nmethod 0x00000000030cb610
Event: 25.567 Thread 0x0000000019e23800 flushing nmethod 0x0000000003121a90
Event: 25.568 Thread 0x0000000019e23800 flushing nmethod 0x000000000317ca50
Event: 25.572 Thread 0x0000000019e1f800 flushing nmethod 0x000000000320b710
Event: 25.572 Thread 0x0000000019e1f800 flushing nmethod 0x0000000003278c50
Event: 25.582 Thread 0x0000000019e1f800 flushing nmethod 0x000000000341dc90


Dynamic libraries:
0x00007ff75bcc0000 - 0x00007ff75bcf1000 	D:\Android\Android Studio\jre\bin\java.exe
0x00007ffc4d8b0000 - 0x00007ffc4daa5000 	C:\WINDOWS\SYSTEM32\ntdll.dll
0x00007ffc4c6d0000 - 0x00007ffc4c78d000 	C:\WINDOWS\System32\KERNEL32.DLL
0x00007ffc4b610000 - 0x00007ffc4b8d8000 	C:\WINDOWS\System32\KERNELBASE.dll
0x00007ffc4ced0000 - 0x00007ffc4cf7c000 	C:\WINDOWS\System32\ADVAPI32.dll
0x00007ffc4c0c0000 - 0x00007ffc4c15e000 	C:\WINDOWS\System32\msvcrt.dll
0x00007ffc4b9a0000 - 0x00007ffc4ba3b000 	C:\WINDOWS\System32\sechost.dll
0x00007ffc4bf30000 - 0x00007ffc4c05b000 	C:\WINDOWS\System32\RPCRT4.dll
0x00007ffc4cc60000 - 0x00007ffc4ce00000 	C:\WINDOWS\System32\USER32.dll
0x00007ffc4b260000 - 0x00007ffc4b282000 	C:\WINDOWS\System32\win32u.dll
0x00007ffc4b910000 - 0x00007ffc4b93a000 	C:\WINDOWS\System32\GDI32.dll
0x00007ffc4aff0000 - 0x00007ffc4b0fb000 	C:\WINDOWS\System32\gdi32full.dll
0x00007ffc4b2e0000 - 0x00007ffc4b37d000 	C:\WINDOWS\System32\msvcp_win.dll
0x00007ffc4b400000 - 0x00007ffc4b500000 	C:\WINDOWS\System32\ucrtbase.dll
0x00007ffc1e5f0000 - 0x00007ffc1e88a000 	C:\WINDOWS\WinSxS\amd64_microsoft.windows.common-controls_6595b64144ccf1df_6.0.19041.844_none_ca00b6081b84eb1d\COMCTL32.dll
0x00007ffc4c470000 - 0x00007ffc4c4a0000 	C:\WINDOWS\System32\IMM32.DLL
0x00000000598f0000 - 0x00000000599c2000 	D:\Android\Android Studio\jre\jre\bin\msvcr100.dll
0x00000000599d0000 - 0x000000005a21b000 	D:\Android\Android Studio\jre\jre\bin\server\jvm.dll
0x00007ffc4c460000 - 0x00007ffc4c468000 	C:\WINDOWS\System32\PSAPI.DLL
0x00007ffc45e60000 - 0x00007ffc45e69000 	C:\WINDOWS\SYSTEM32\WSOCK32.dll
0x00007ffc31c40000 - 0x00007ffc31c67000 	C:\WINDOWS\SYSTEM32\WINMM.dll
0x00007ffc3bcc0000 - 0x00007ffc3bcca000 	C:\WINDOWS\SYSTEM32\VERSION.dll
0x00007ffc4d000000 - 0x00007ffc4d06b000 	C:\WINDOWS\System32\WS2_32.dll
0x00007ffc45810000 - 0x00007ffc4581f000 	D:\Android\Android Studio\jre\jre\bin\verify.dll
0x00007ffc457e0000 - 0x00007ffc45809000 	D:\Android\Android Studio\jre\jre\bin\java.dll
0x00007ffc457c0000 - 0x00007ffc457d6000 	D:\Android\Android Studio\jre\jre\bin\zip.dll
0x00007ffc4d120000 - 0x00007ffc4d862000 	C:\WINDOWS\System32\SHELL32.dll
0x00007ffc48e40000 - 0x00007ffc495d1000 	C:\WINDOWS\SYSTEM32\windows.storage.dll
0x00007ffc4bbd0000 - 0x00007ffc4bf25000 	C:\WINDOWS\System32\combase.dll
0x00007ffc4aa60000 - 0x00007ffc4aa8c000 	C:\WINDOWS\SYSTEM32\Wldp.dll
0x00007ffc4c3b0000 - 0x00007ffc4c45e000 	C:\WINDOWS\System32\SHCORE.dll
0x00007ffc4b940000 - 0x00007ffc4b995000 	C:\WINDOWS\System32\shlwapi.dll
0x00007ffc4af30000 - 0x00007ffc4af4f000 	C:\WINDOWS\SYSTEM32\profapi.dll
0x00007ffc451f0000 - 0x00007ffc4520a000 	D:\Android\Android Studio\jre\jre\bin\net.dll
0x00007ffc4a7d0000 - 0x00007ffc4a83a000 	C:\WINDOWS\system32\mswsock.dll
0x00007ffc44360000 - 0x00007ffc44373000 	D:\Android\Android Studio\jre\jre\bin\nio.dll
0x00007ffc191d0000 - 0x00007ffc191f7000 	C:\Users\lesha\.gradle\native\f6784746aeab05261644944871eae4fe03e0ef1612fff0a4a95f87b438bc6780\windows-amd64\native-platform.dll
0x00007ffc44350000 - 0x00007ffc4435d000 	D:\Android\Android Studio\jre\jre\bin\management.dll
0x00007ffc4a9b0000 - 0x00007ffc4a9c8000 	C:\WINDOWS\SYSTEM32\CRYPTSP.dll
0x00007ffc4a100000 - 0x00007ffc4a134000 	C:\WINDOWS\system32\rsaenh.dll
0x00007ffc4b8e0000 - 0x00007ffc4b907000 	C:\WINDOWS\System32\bcrypt.dll
0x00007ffc4aef0000 - 0x00007ffc4af1e000 	C:\WINDOWS\SYSTEM32\USERENV.dll
0x00007ffc4b380000 - 0x00007ffc4b400000 	C:\WINDOWS\System32\bcryptprimitives.dll
0x00007ffc4a9a0000 - 0x00007ffc4a9ac000 	C:\WINDOWS\SYSTEM32\CRYPTBASE.dll
0x00007ffc4a470000 - 0x00007ffc4a4ab000 	C:\WINDOWS\SYSTEM32\IPHLPAPI.DLL
0x00007ffc4bbc0000 - 0x00007ffc4bbc8000 	C:\WINDOWS\System32\NSI.dll
0x00007ffc3ba90000 - 0x00007ffc3baa7000 	C:\WINDOWS\SYSTEM32\dhcpcsvc6.DLL
0x00007ffc3ba70000 - 0x00007ffc3ba8d000 	C:\WINDOWS\SYSTEM32\dhcpcsvc.DLL
0x00007ffc4a4b0000 - 0x00007ffc4a57c000 	C:\WINDOWS\SYSTEM32\DNSAPI.dll
0x00007ffc3bcd0000 - 0x00007ffc3bcdb000 	C:\WINDOWS\SYSTEM32\WINNSI.DLL
0x00007ffc12f10000 - 0x00007ffc130ac000 	D:\Android\Android Studio\jre\jre\bin\awt.dll
0x00007ffc4ce00000 - 0x00007ffc4cecd000 	C:\WINDOWS\System32\OLEAUT32.dll
0x00007ffc489c0000 - 0x00007ffc489ef000 	C:\WINDOWS\SYSTEM32\dwmapi.dll
0x00007ffc46610000 - 0x00007ffc46bd0000 	C:\WINDOWS\SYSTEM32\d2d1.dll
0x00007ffc47830000 - 0x00007ffc478c0000 	C:\WINDOWS\SYSTEM32\apphelp.dll
0x00007ffc47b30000 - 0x00007ffc47bce000 	C:\WINDOWS\system32\uxtheme.dll

VM Arguments:
jvm_args: -Xmx2048m -Dfile.encoding=UTF-8 -Duser.country=RU -Duser.language=ru -Duser.variant 
java_command: org.gradle.launcher.daemon.bootstrap.GradleDaemon 6.5
java_class_path (initial): C:\Users\lesha\.gradle\wrapper\dists\gradle-6.5-all\2oz4ud9k3tuxjg84bbf55q0tn\gradle-6.5\lib\gradle-launcher-6.5.jar
Launcher Type: SUN_STANDARD

Environment Variables:
PATH=C:\WINDOWS\system32;C:\WINDOWS;C:\WINDOWS\System32\Wbem;C:\WINDOWS\System32\WindowsPowerShell\v1.0\;C:\WINDOWS\System32\OpenSSH\;C:\Program Files\dotnet\;C:\Program Files\Microsoft SQL Server\130\Tools\Binn\;C:\Program Files\Git\cmd;C:\Program Files (x86)\Microsoft SQL Server\130\Tools\Binn\;C:\Program Files\Microsoft SQL Server\Client SDK\ODBC\130\Tools\Binn\;C:\Program Files\Microsoft SQL Server\130\DTS\Binn\;C:\Program Files\nodejs\;C:\Program Files\Common Files\Autodesk Shared\;C:\Program Files (x86)\PDFtk Server\bin\;C:\Program Files (x86)\PDFtk\bin\;C:\Program Files (x86)\PuTTY\;C:\Program Files\Microsoft SQL Server\Client SDK\ODBC\170\Tools\Binn\;C:\Users\lesha\AppData\Local\Microsoft\WindowsApps;C:\Users\lesha\AppData\Roaming\npm;C:\Users\lesha\.dotnet\tools;C:\Users\lesha\.dotnet\tools;C:\Program Files\JetBrains\WebStorm 203.5419.24\bin;C:\Users\lesha\AppData\Local\Microsoft\WindowsApps
USERNAME=lesha
OS=Windows_NT
PROCESSOR_IDENTIFIER=Intel64 Family 6 Model 142 Stepping 10, GenuineIntel



---------------  S Y S T E M  ---------------

OS: Windows 10.0 , 64 bit Build 19041 (10.0.19041.928)

CPU:total 8 (initial active 8) (4 cores per cpu, 2 threads per core) family 6 model 142 stepping 10, cmov, cx8, fxsr, mmx, sse, sse2, sse3, ssse3, sse4.1, sse4.2, popcnt, avx, avx2, aes, clmul, erms, 3dnowpref, lzcnt, ht, tsc, tscinvbit, bmi1, bmi2, adx

Memory: 4k page, physical 20878476k(6458584k free), swap 24974476k(3220k free)

vm_info: OpenJDK 64-Bit Server VM (25.242-b01) for windows-amd64 JRE (1.8.0_242-release-1644-b01), built by "builder" with MS VC++ 10.0 (VS2010)

time: Mon May 31 03:39:35 2021
timezone: RTZ 2 (зима)
elapsed time: 25 seconds (0d 0h 0m 25s)

