#
# There is insufficient memory for the Java Runtime Environment to continue.
# Native memory allocation (malloc) failed to allocate 2933776 bytes for Chunk::new
# Possible reasons:
#   The system is out of physical RAM or swap space
#   The process is running with CompressedOops enabled, and the Java Heap may be blocking the growth of the native heap
# Possible solutions:
#   Reduce memory load on the system
#   Increase physical memory or swap space
#   Check if swap backing store is full
#   Decrease Java heap size (-Xmx/-Xms)
#   Decrease number of Java threads
#   Decrease Java thread stack sizes (-Xss)
#   Set larger code cache with -XX:ReservedCodeCacheSize=
#   JVM is running with Unscaled Compressed Oops mode in which the Java heap is
#     placed in the first 4GB address space. The Java Heap base address is the
#     maximum limit for the native heap growth. Please use -XX:HeapBaseMinAddress
#     to set the Java Heap base and to place the Java Heap above 4GB virtual address.
# This output file may be truncated or incomplete.
#
#  Out of Memory Error (allocation.cpp:389), pid=25724, tid=0x0000000000007b24
#
# JRE version: OpenJDK Runtime Environment (8.0_242-b01) (build 1.8.0_242-release-1644-b01)
# Java VM: OpenJDK 64-Bit Server VM (25.242-b01 mixed mode windows-amd64 compressed oops)
# Failed to write core dump. Minidumps are not enabled by default on client versions of Windows
#

---------------  T H R E A D  ---------------

Current thread (0x0000000019b49800):  JavaThread "C2 CompilerThread2" daemon [_thread_in_native, id=31524, stack(0x000000001a5d0000,0x000000001a6d0000)]

Stack: [0x000000001a5d0000,0x000000001a6d0000]
[error occurred during error reporting (printing stack bounds), id 0xc0000005]

Native frames: (J=compiled Java code, j=interpreted, Vv=VM code, C=native code)


Current CompileTask:
C2:2837007 23381 %     4       com.android.tools.r8.z.a.a.f::a @ 1823 (3630 bytes)


---------------  P R O C E S S  ---------------

Java Threads: ( => current thread )
  0x000000002672d000 JavaThread "WorkerExecutor Queue Thread 10" [_thread_blocked, id=15160, stack(0x0000000035db0000,0x0000000035eb0000)]
  0x000000002672b000 JavaThread "WorkerExecutor Queue Thread 9" [_thread_blocked, id=17164, stack(0x00000000352d0000,0x00000000353d0000)]
  0x000000002672e000 JavaThread "WorkerExecutor Queue Thread 8" [_thread_blocked, id=16404, stack(0x00000000351d0000,0x00000000352d0000)]
  0x000000002672a000 JavaThread "WorkerExecutor Queue Thread 7" [_thread_in_Java, id=10760, stack(0x00000000350d0000,0x00000000351d0000)]
  0x000000002604e000 JavaThread "ForkJoinPool.commonPool-worker-0" daemon [_thread_blocked, id=6732, stack(0x0000000034d40000,0x0000000034e40000)]
  0x000000002604d800 JavaThread "ForkJoinPool.commonPool-worker-7" daemon [_thread_blocked, id=26924, stack(0x0000000034c40000,0x0000000034d40000)]
  0x0000000026046000 JavaThread "ForkJoinPool.commonPool-worker-6" daemon [_thread_blocked, id=14912, stack(0x0000000034b40000,0x0000000034c40000)]
  0x000000002604c800 JavaThread "ForkJoinPool.commonPool-worker-5" daemon [_thread_blocked, id=14776, stack(0x0000000034a40000,0x0000000034b40000)]
  0x0000000026045000 JavaThread "ForkJoinPool.commonPool-worker-4" daemon [_thread_blocked, id=32608, stack(0x00000000346b0000,0x00000000347b0000)]
  0x000000002604a800 JavaThread "ForkJoinPool.commonPool-worker-3" daemon [_thread_blocked, id=27300, stack(0x00000000345b0000,0x00000000346b0000)]
  0x0000000026049800 JavaThread "ForkJoinPool.commonPool-worker-2" daemon [_thread_blocked, id=17020, stack(0x00000000342b0000,0x00000000343b0000)]
  0x0000000026048000 JavaThread "Cache worker for Java compile cache (C:\Users\lesha\AndroidStudioProjects\mousic\.gradle\6.5\javaCompile)" [_thread_blocked, id=28800, stack(0x0000000033c50000,0x0000000033d50000)]
  0x000000002604c000 JavaThread "RMI TCP Connection(11)-127.0.0.1" daemon [_thread_in_native, id=20424, stack(0x0000000033b50000,0x0000000033c50000)]
  0x0000000026046800 JavaThread "RMI TCP Connection(10)-127.0.0.1" daemon [_thread_in_native, id=22256, stack(0x0000000033050000,0x0000000033150000)]
  0x000000002604b000 JavaThread "RMI RenewClean-[127.0.0.1:17566,org.jetbrains.kotlin.daemon.common.LoopbackNetworkInterface$ClientLoopbackSocketFactory@358643ad]" daemon [_thread_blocked, id=3340, stack(0x0000000032650000,0x0000000032750000)]
  0x0000000026044800 JavaThread "WorkerExecutor Queue Thread 6" [_thread_blocked, id=16976, stack(0x0000000032f50000,0x0000000033050000)]
  0x0000000026040800 JavaThread "WorkerExecutor Queue Thread 5" [_thread_blocked, id=20780, stack(0x0000000033200000,0x0000000033300000)]
  0x000000002603e800 JavaThread "stdout" [_thread_in_native, id=14672, stack(0x0000000032e50000,0x0000000032f50000)]
  0x000000002603d000 JavaThread "stderr" [_thread_in_native, id=27276, stack(0x0000000032d50000,0x0000000032e50000)]
  0x0000000026042000 JavaThread "stdout" [_thread_in_native, id=3744, stack(0x0000000032c50000,0x0000000032d50000)]
  0x0000000026041800 JavaThread "stderr" [_thread_in_native, id=2712, stack(0x0000000032b50000,0x0000000032c50000)]
  0x0000000026043800 JavaThread "stdout" [_thread_in_native, id=20156, stack(0x0000000032a50000,0x0000000032b50000)]
  0x0000000026040000 JavaThread "stderr" [_thread_in_native, id=28292, stack(0x0000000032950000,0x0000000032a50000)]
  0x000000002603c000 JavaThread "stdout" [_thread_in_native, id=19792, stack(0x0000000032850000,0x0000000032950000)]
  0x0000000026043000 JavaThread "stderr" [_thread_in_native, id=31380, stack(0x0000000032750000,0x0000000032850000)]
  0x000000002603b000 JavaThread "pool-15-thread-1" [_thread_blocked, id=25640, stack(0x0000000032550000,0x0000000032650000)]
  0x0000000026039800 JavaThread "WorkerExecutor Queue Thread 3" [_thread_blocked, id=30736, stack(0x00000000320b0000,0x00000000321b0000)]
  0x0000000026038000 JavaThread "WorkerExecutor Queue Thread 2" [_thread_blocked, id=8420, stack(0x0000000031fb0000,0x00000000320b0000)]
  0x000000002603a800 JavaThread "WorkerExecutor Queue" [_thread_blocked, id=16472, stack(0x0000000031eb0000,0x0000000031fb0000)]
  0x0000000026039000 JavaThread "Cache worker for execution history cache (C:\Users\lesha\AndroidStudioProjects\mousic\.gradle\6.5\executionHistory)" [_thread_blocked, id=26724, stack(0x0000000031aa0000,0x0000000031ba0000)]
  0x0000000026033000 JavaThread "Execution worker for ':' Thread 7" [_thread_blocked, id=25660, stack(0x00000000319a0000,0x0000000031aa0000)]
  0x0000000026035000 JavaThread "Execution worker for ':' Thread 6" [_thread_blocked, id=3032, stack(0x00000000318a0000,0x00000000319a0000)]
  0x000000002602f000 JavaThread "Execution worker for ':' Thread 5" [_thread_blocked, id=2676, stack(0x0000000030570000,0x0000000030670000)]
  0x0000000026030000 JavaThread "Execution worker for ':' Thread 4" [_thread_blocked, id=2864, stack(0x0000000030270000,0x0000000030370000)]
  0x0000000026032000 JavaThread "Execution worker for ':' Thread 3" [_thread_blocked, id=27312, stack(0x0000000030170000,0x0000000030270000)]
  0x0000000026033800 JavaThread "Execution worker for ':' Thread 2" [_thread_blocked, id=22096, stack(0x000000002fe50000,0x000000002ff50000)]
  0x0000000026031800 JavaThread "Execution worker for ':'" [_thread_blocked, id=27684, stack(0x000000002fd50000,0x000000002fe50000)]
  0x0000000026030800 JavaThread "Cache worker for file content cache (C:\Users\lesha\AndroidStudioProjects\mousic\.gradle\6.5\fileContent)" [_thread_blocked, id=29236, stack(0x000000002f360000,0x000000002f460000)]
  0x000000001b7f0800 JavaThread "Cache worker for Build Output Cleanup Cache (C:\Users\lesha\AndroidStudioProjects\mousic\.gradle\buildOutputCleanup)" [_thread_blocked, id=6176, stack(0x000000002e720000,0x000000002e820000)]
  0x000000001b7ef800 JavaThread "jar transforms Thread 678" [_thread_blocked, id=10372, stack(0x000000002e620000,0x000000002e720000)]
  0x000000001b7f4000 JavaThread "jar transforms Thread 677" [_thread_blocked, id=23600, stack(0x000000002cf30000,0x000000002d030000)]
  0x000000001b7ef000 JavaThread "jar transforms Thread 676" [_thread_blocked, id=12072, stack(0x000000002ce30000,0x000000002cf30000)]
  0x000000001b7f3800 JavaThread "jar transforms Thread 675" [_thread_blocked, id=14972, stack(0x000000002cd30000,0x000000002ce30000)]
  0x000000001b7f2000 JavaThread "jar transforms Thread 674" [_thread_blocked, id=20316, stack(0x000000002cc30000,0x000000002cd30000)]
  0x000000001b7ee000 JavaThread "jar transforms Thread 673" [_thread_blocked, id=24424, stack(0x000000002cb30000,0x000000002cc30000)]
  0x000000001b7f2800 JavaThread "jar transforms Thread 672" [_thread_blocked, id=14736, stack(0x000000002ca30000,0x000000002cb30000)]
  0x000000001b7ed800 JavaThread "jar transforms Thread 671" [_thread_blocked, id=12624, stack(0x000000002c930000,0x000000002ca30000)]
  0x000000001b7f1000 JavaThread "jar transforms Thread 670" [_thread_blocked, id=9964, stack(0x000000002c830000,0x000000002c930000)]
  0x0000000019b4e800 JavaThread "jar transforms Thread 669" [_thread_blocked, id=25812, stack(0x000000002c730000,0x000000002c830000)]
  0x0000000019b4e000 JavaThread "jar transforms Thread 668" [_thread_blocked, id=5112, stack(0x000000002c630000,0x000000002c730000)]
  0x0000000019b54000 JavaThread "jar transforms Thread 667" [_thread_blocked, id=21588, stack(0x000000002c530000,0x000000002c630000)]
  0x0000000019b53000 JavaThread "jar transforms Thread 666" [_thread_blocked, id=8272, stack(0x000000002c430000,0x000000002c530000)]
  0x0000000019b52800 JavaThread "jar transforms Thread 665" [_thread_blocked, id=19992, stack(0x000000002c330000,0x000000002c430000)]
  0x0000000019b4d000 JavaThread "jar transforms Thread 664" [_thread_blocked, id=31556, stack(0x000000002c230000,0x000000002c330000)]
  0x0000000019b51800 JavaThread "jar transforms Thread 663" [_thread_blocked, id=10984, stack(0x000000002c130000,0x000000002c230000)]
  0x000000002107d800 JavaThread "jar transforms Thread 662" [_thread_blocked, id=13548, stack(0x000000002c030000,0x000000002c130000)]
  0x0000000021079000 JavaThread "jar transforms Thread 661" [_thread_blocked, id=13336, stack(0x000000002bf30000,0x000000002c030000)]
  0x000000002107d000 JavaThread "jar transforms Thread 660" [_thread_blocked, id=23708, stack(0x000000002be30000,0x000000002bf30000)]
  0x000000002107c000 JavaThread "jar transforms Thread 659" [_thread_blocked, id=32568, stack(0x000000002bd30000,0x000000002be30000)]
  0x000000002107a800 JavaThread "jar transforms Thread 658" [_thread_blocked, id=23244, stack(0x000000002bc30000,0x000000002bd30000)]
  0x0000000021078800 JavaThread "jar transforms Thread 657" [_thread_blocked, id=28912, stack(0x000000002bb30000,0x000000002bc30000)]
  0x0000000021077000 JavaThread "jar transforms Thread 656" [_thread_blocked, id=372, stack(0x000000002ba30000,0x000000002bb30000)]
  0x000000002107b800 JavaThread "jar transforms Thread 655" [_thread_blocked, id=11144, stack(0x000000002b930000,0x000000002ba30000)]
  0x0000000021bf9800 JavaThread "jar transforms Thread 654" [_thread_blocked, id=13132, stack(0x000000002b830000,0x000000002b930000)]
  0x0000000021bf8800 JavaThread "jar transforms Thread 653" [_thread_blocked, id=13512, stack(0x000000002b730000,0x000000002b830000)]
  0x0000000021bfa000 JavaThread "jar transforms Thread 652" [_thread_blocked, id=2872, stack(0x000000002b630000,0x000000002b730000)]
  0x0000000021bf8000 JavaThread "jar transforms Thread 651" [_thread_blocked, id=31324, stack(0x000000002b530000,0x000000002b630000)]
  0x0000000021bf7000 JavaThread "jar transforms Thread 650" [_thread_blocked, id=8560, stack(0x000000002b430000,0x000000002b530000)]
  0x0000000021bf5000 JavaThread "jar transforms Thread 649" [_thread_blocked, id=26952, stack(0x000000002b330000,0x000000002b430000)]
  0x0000000021bf6800 JavaThread "jar transforms Thread 648" [_thread_blocked, id=10248, stack(0x000000002b230000,0x000000002b330000)]
  0x0000000021bf5800 JavaThread "jar transforms Thread 647" [_thread_blocked, id=27460, stack(0x000000002b130000,0x000000002b230000)]
  0x0000000021bed800 JavaThread "jar transforms Thread 646" [_thread_blocked, id=22320, stack(0x000000002b030000,0x000000002b130000)]
  0x0000000021bf4000 JavaThread "jar transforms Thread 645" [_thread_blocked, id=27080, stack(0x000000002af30000,0x000000002b030000)]
  0x0000000021bec800 JavaThread "jar transforms Thread 644" [_thread_blocked, id=17916, stack(0x000000002ae30000,0x000000002af30000)]
  0x0000000021bf3800 JavaThread "jar transforms Thread 643" [_thread_blocked, id=7064, stack(0x000000002ad30000,0x000000002ae30000)]
  0x0000000021bee000 JavaThread "jar transforms Thread 642" [_thread_blocked, id=17048, stack(0x000000002ac30000,0x000000002ad30000)]
  0x0000000021bef000 JavaThread "jar transforms Thread 641" [_thread_blocked, id=9496, stack(0x000000002ab30000,0x000000002ac30000)]
  0x0000000025d8b000 JavaThread "jar transforms Thread 640" [_thread_blocked, id=11276, stack(0x000000002aa30000,0x000000002ab30000)]
  0x0000000025d89800 JavaThread "jar transforms Thread 639" [_thread_blocked, id=2764, stack(0x000000002a930000,0x000000002aa30000)]
  0x0000000025d8d800 JavaThread "jar transforms Thread 638" [_thread_blocked, id=23852, stack(0x000000002a830000,0x000000002a930000)]
  0x0000000025d8c000 JavaThread "jar transforms Thread 637" [_thread_blocked, id=31360, stack(0x000000002a730000,0x000000002a830000)]
  0x0000000025d8a800 JavaThread "jar transforms Thread 636" [_thread_blocked, id=29660, stack(0x000000002a630000,0x000000002a730000)]
  0x0000000025d8c800 JavaThread "jar transforms Thread 635" [_thread_blocked, id=24184, stack(0x000000002a530000,0x000000002a630000)]
  0x0000000025d89000 JavaThread "jar transforms Thread 634" [_thread_blocked, id=30036, stack(0x000000002a430000,0x000000002a530000)]
  0x0000000025d80800 JavaThread "jar transforms Thread 633" [_thread_blocked, id=25036, stack(0x000000002a330000,0x000000002a430000)]
  0x0000000025d87000 JavaThread "jar transforms Thread 632" [_thread_blocked, id=30860, stack(0x000000002a230000,0x000000002a330000)]
  0x0000000025d7f800 JavaThread "jar transforms Thread 631" [_thread_blocked, id=10600, stack(0x000000002a130000,0x000000002a230000)]
  0x0000000025d86800 JavaThread "jar transforms Thread 630" [_thread_blocked, id=29892, stack(0x000000002a030000,0x000000002a130000)]
  0x0000000025d7f000 JavaThread "jar transforms Thread 629" [_thread_blocked, id=8788, stack(0x0000000029f30000,0x000000002a030000)]
  0x0000000025d85800 JavaThread "jar transforms Thread 628" [_thread_blocked, id=27992, stack(0x0000000029e30000,0x0000000029f30000)]
  0x0000000025d85000 JavaThread "jar transforms Thread 627" [_thread_blocked, id=24672, stack(0x0000000029d30000,0x0000000029e30000)]
  0x0000000025d84000 JavaThread "jar transforms Thread 626" [_thread_blocked, id=4272, stack(0x0000000029c30000,0x0000000029d30000)]
  0x000000001fd5f800 JavaThread "jar transforms Thread 625" [_thread_blocked, id=32148, stack(0x0000000029b30000,0x0000000029c30000)]
  0x000000001fd5e000 JavaThread "jar transforms Thread 624" [_thread_blocked, id=23296, stack(0x0000000029a30000,0x0000000029b30000)]
  0x000000001fd62000 JavaThread "jar transforms Thread 623" [_thread_blocked, id=28248, stack(0x0000000029930000,0x0000000029a30000)]
  0x000000001fd5c800 JavaThread "jar transforms Thread 622" [_thread_blocked, id=29960, stack(0x0000000029830000,0x0000000029930000)]
  0x000000001fd61000 JavaThread "jar transforms Thread 621" [_thread_blocked, id=4952, stack(0x0000000029730000,0x0000000029830000)]
  0x000000001fd60800 JavaThread "jar transforms Thread 620" [_thread_blocked, id=17288, stack(0x0000000029630000,0x0000000029730000)]
  0x000000001fd5e800 JavaThread "jar transforms Thread 619" [_thread_blocked, id=19340, stack(0x0000000029530000,0x0000000029630000)]
  0x000000001fd5d000 JavaThread "jar transforms Thread 618" [_thread_blocked, id=27888, stack(0x0000000029430000,0x0000000029530000)]
  0x000000001fd62800 JavaThread "jar transforms Thread 617" [_thread_blocked, id=32064, stack(0x0000000029330000,0x0000000029430000)]
  0x000000001fd55000 JavaThread "jar transforms Thread 616" [_thread_blocked, id=24652, stack(0x0000000029230000,0x0000000029330000)]
  0x000000001fd5b800 JavaThread "jar transforms Thread 615" [_thread_blocked, id=22976, stack(0x0000000029130000,0x0000000029230000)]
  0x000000001fd54000 JavaThread "jar transforms Thread 614" [_thread_blocked, id=32736, stack(0x0000000029030000,0x0000000029130000)]
  0x000000001fd5b000 JavaThread "jar transforms Thread 613" [_thread_blocked, id=19040, stack(0x0000000028f30000,0x0000000029030000)]
  0x000000001fd53800 JavaThread "jar transforms Thread 612" [_thread_blocked, id=24296, stack(0x0000000028e30000,0x0000000028f30000)]
  0x000000001fd58800 JavaThread "jar transforms Thread 611" [_thread_blocked, id=26588, stack(0x0000000028d30000,0x0000000028e30000)]
  0x000000001fd5a000 JavaThread "jar transforms Thread 610" [_thread_blocked, id=23920, stack(0x0000000028c30000,0x0000000028d30000)]
  0x000000002103a000 JavaThread "jar transforms Thread 609" [_thread_blocked, id=28764, stack(0x0000000028b30000,0x0000000028c30000)]
  0x0000000021037000 JavaThread "jar transforms Thread 608" [_thread_blocked, id=6768, stack(0x0000000028a30000,0x0000000028b30000)]
  0x0000000021036000 JavaThread "jar transforms Thread 607" [_thread_blocked, id=28804, stack(0x0000000028930000,0x0000000028a30000)]
  0x0000000021039000 JavaThread "jar transforms Thread 606" [_thread_blocked, id=15716, stack(0x0000000028830000,0x0000000028930000)]
  0x0000000021035800 JavaThread "jar transforms Thread 605" [_thread_blocked, id=11712, stack(0x0000000028730000,0x0000000028830000)]
  0x0000000021038800 JavaThread "jar transforms Thread 604" [_thread_blocked, id=21672, stack(0x0000000028630000,0x0000000028730000)]
  0x0000000021037800 JavaThread "jar transforms Thread 603" [_thread_blocked, id=12264, stack(0x0000000028530000,0x0000000028630000)]
  0x000000002102e800 JavaThread "jar transforms Thread 602" [_thread_blocked, id=15396, stack(0x0000000028430000,0x0000000028530000)]
  0x0000000021034800 JavaThread "jar transforms Thread 601" [_thread_blocked, id=14200, stack(0x0000000028330000,0x0000000028430000)]
  0x0000000021031000 JavaThread "jar transforms Thread 600" [_thread_blocked, id=10848, stack(0x0000000028230000,0x0000000028330000)]
  0x0000000021034000 JavaThread "jar transforms Thread 599" [_thread_blocked, id=15304, stack(0x0000000028130000,0x0000000028230000)]
  0x0000000021032800 JavaThread "jar transforms Thread 598" [_thread_blocked, id=27132, stack(0x0000000028030000,0x0000000028130000)]
  0x0000000021030000 JavaThread "jar transforms Thread 597" [_thread_blocked, id=30016, stack(0x0000000027f30000,0x0000000028030000)]
  0x0000000021033000 JavaThread "jar transforms Thread 596" [_thread_blocked, id=25696, stack(0x0000000027e30000,0x0000000027f30000)]
  0x000000002102b000 JavaThread "jar transforms Thread 595" [_thread_blocked, id=12808, stack(0x0000000027d30000,0x0000000027e30000)]
  0x000000002102f800 JavaThread "jar transforms Thread 594" [_thread_blocked, id=22600, stack(0x0000000027c30000,0x0000000027d30000)]
  0x000000002102e000 JavaThread "jar transforms Thread 593" [_thread_blocked, id=27084, stack(0x0000000027b30000,0x0000000027c30000)]
  0x000000002102c800 JavaThread "jar transforms Thread 592" [_thread_blocked, id=31664, stack(0x0000000027a30000,0x0000000027b30000)]
  0x000000002102b800 JavaThread "jar transforms Thread 591" [_thread_blocked, id=24416, stack(0x0000000027930000,0x0000000027a30000)]
  0x000000001b379000 JavaThread "jar transforms Thread 590" [_thread_blocked, id=2776, stack(0x0000000027830000,0x0000000027930000)]
  0x000000001b374800 JavaThread "jar transforms Thread 589" [_thread_blocked, id=22480, stack(0x0000000027730000,0x0000000027830000)]
  0x000000001b37a800 JavaThread "jar transforms Thread 588" [_thread_blocked, id=22360, stack(0x0000000027630000,0x0000000027730000)]
  0x000000001b378000 JavaThread "jar transforms Thread 587" [_thread_blocked, id=32000, stack(0x0000000027530000,0x0000000027630000)]
  0x000000001b377800 JavaThread "jar transforms Thread 586" [_thread_blocked, id=25352, stack(0x0000000027430000,0x0000000027530000)]
  0x000000001b379800 JavaThread "jar transforms Thread 585" [_thread_blocked, id=13516, stack(0x0000000027330000,0x0000000027430000)]
  0x000000001b376000 JavaThread "jar transforms Thread 584" [_thread_blocked, id=18740, stack(0x0000000027230000,0x0000000027330000)]
  0x000000001b376800 JavaThread "jar transforms Thread 583" [_thread_blocked, id=16460, stack(0x0000000027130000,0x0000000027230000)]
  0x000000001b36e800 JavaThread "jar transforms Thread 582" [_thread_blocked, id=6156, stack(0x0000000027030000,0x0000000027130000)]
  0x000000001b375000 JavaThread "jar transforms Thread 581" [_thread_blocked, id=25808, stack(0x0000000024780000,0x0000000024880000)]
  0x000000001b373800 JavaThread "jar transforms Thread 580" [_thread_blocked, id=27224, stack(0x0000000023e80000,0x0000000023f80000)]
  0x000000001b36c000 JavaThread "jar transforms Thread 579" [_thread_blocked, id=18064, stack(0x0000000023970000,0x0000000023a70000)]
  0x000000001b373000 JavaThread "jar transforms Thread 578" [_thread_blocked, id=12588, stack(0x0000000023870000,0x0000000023970000)]
  0x000000001b36d000 JavaThread "jar transforms Thread 577" [_thread_blocked, id=30916, stack(0x0000000023770000,0x0000000023870000)]
  0x000000001b36b800 JavaThread "jar transforms Thread 576" [_thread_blocked, id=29992, stack(0x0000000023670000,0x0000000023770000)]
  0x000000001b36d800 JavaThread "jar transforms Thread 575" [_thread_blocked, id=24328, stack(0x0000000023570000,0x0000000023670000)]
  0x000000001b372000 JavaThread "jar transforms Thread 574" [_thread_blocked, id=25156, stack(0x0000000023470000,0x0000000023570000)]
  0x000000001b371800 JavaThread "jar transforms Thread 573" [_thread_blocked, id=31872, stack(0x0000000023370000,0x0000000023470000)]
  0x000000001b370000 JavaThread "jar transforms Thread 572" [_thread_blocked, id=25076, stack(0x0000000023270000,0x0000000023370000)]
  0x000000001b36f000 JavaThread "jar transforms Thread 571" [_thread_blocked, id=24072, stack(0x0000000023170000,0x0000000023270000)]
  0x0000000024ed5000 JavaThread "jar transforms Thread 570" [_thread_blocked, id=9040, stack(0x0000000023070000,0x0000000023170000)]
  0x0000000024ed0800 JavaThread "jar transforms Thread 569" [_thread_blocked, id=28204, stack(0x0000000022f70000,0x0000000023070000)]
  0x0000000024ed4000 JavaThread "jar transforms Thread 568" [_thread_blocked, id=21788, stack(0x0000000022e70000,0x0000000022f70000)]
  0x0000000024ecf800 JavaThread "jar transforms Thread 567" [_thread_blocked, id=30376, stack(0x0000000022d70000,0x0000000022e70000)]
  0x0000000024ed3800 JavaThread "jar transforms Thread 566" [_thread_blocked, id=24700, stack(0x0000000022c70000,0x0000000022d70000)]
  0x0000000024ed2800 JavaThread "Build operations Thread 8" [_thread_blocked, id=30992, stack(0x0000000022b70000,0x0000000022c70000)]
  0x0000000024ed2000 JavaThread "Build operations Thread 7" [_thread_blocked, id=28136, stack(0x0000000022a70000,0x0000000022b70000)]
  0x0000000024ecb000 JavaThread "Build operations Thread 6" [_thread_blocked, id=21528, stack(0x0000000022970000,0x0000000022a70000)]
  0x0000000024ed1000 JavaThread "Build operations Thread 5" [_thread_blocked, id=30900, stack(0x0000000022870000,0x0000000022970000)]
  0x0000000024ec8000 JavaThread "Build operations Thread 4" [_thread_blocked, id=19984, stack(0x0000000022770000,0x0000000022870000)]
  0x0000000024ecf000 JavaThread "Build operations Thread 3" [_thread_blocked, id=26412, stack(0x0000000022670000,0x0000000022770000)]
  0x0000000024ece000 JavaThread "Build operations Thread 2" [_thread_blocked, id=19656, stack(0x0000000022370000,0x0000000022470000)]
  0x0000000024eca800 JavaThread "Build operations" [_thread_blocked, id=32756, stack(0x0000000022270000,0x0000000022370000)]
  0x0000000024ec6800 JavaThread "Cache worker for cache directory md-rule (C:\Users\lesha\.gradle\caches\6.5\md-rule)" [_thread_blocked, id=21492, stack(0x0000000022170000,0x0000000022270000)]
  0x0000000024ec9800 JavaThread "Cache worker for cache directory md-supplier (C:\Users\lesha\.gradle\caches\6.5\md-supplier)" [_thread_blocked, id=15432, stack(0x0000000022070000,0x0000000022170000)]
  0x0000000024ecc000 JavaThread "Cache worker for checksums cache (C:\Users\lesha\AndroidStudioProjects\mousic\.gradle\checksums)" [_thread_blocked, id=24396, stack(0x0000000021f70000,0x0000000022070000)]
  0x0000000024ebf000 JavaThread "Cache worker for file hash cache (C:\Users\lesha\AndroidStudioProjects\mousic\.gradle\6.5\fileHashes)" [_thread_blocked, id=26620, stack(0x000000001e600000,0x000000001e700000)]
  0x0000000024ec6000 JavaThread "Thread-782" [_thread_blocked, id=2944, stack(0x000000001e300000,0x000000001e400000)]
  0x0000000024ec5000 JavaThread "Stdin handler" [_thread_blocked, id=16584, stack(0x000000001e100000,0x000000001e200000)]
  0x0000000024ec4800 JavaThread "Asynchronous log dispatcher for DefaultDaemonConnection: socket connection from /127.0.0.1:59250 to /127.0.0.1:60440" [_thread_blocked, id=13672, stack(0x000000001de00000,0x000000001df00000)]
  0x0000000024ec3800 JavaThread "Daemon worker Thread 6" [_thread_blocked, id=12508, stack(0x000000001dd00000,0x000000001de00000)]
  0x0000000024ec1800 JavaThread "Cancel handler" [_thread_blocked, id=25768, stack(0x0000000000f70000,0x0000000001070000)]
  0x0000000024ec3000 JavaThread "Handler for socket connection from /127.0.0.1:59250 to /127.0.0.1:60440" [_thread_in_native, id=9164, stack(0x0000000000e30000,0x0000000000f30000)]
  0x0000000024ec0800 JavaThread "Daemon Thread 6" [_thread_blocked, id=16652, stack(0x0000000000d30000,0x0000000000e30000)]
  0x0000000024ebb000 JavaThread "Cache worker for Java compile cache (C:\Users\lesha\.gradle\caches\6.5\javaCompile)" [_thread_blocked, id=30400, stack(0x00000000340b0000,0x00000000341b0000)]
  0x0000000024ebf800 JavaThread "RMI Reaper" [_thread_blocked, id=23264, stack(0x0000000030470000,0x0000000030570000)]
  0x0000000024ebc800 JavaThread "RMI TCP Accept-0" daemon [_thread_in_native, id=28228, stack(0x0000000030370000,0x0000000030470000)]
  0x0000000024ec2000 JavaThread "GC Daemon" daemon [_thread_blocked, id=27984, stack(0x00000000341b0000,0x00000000342b0000)]
  0x0000000024eb9800 JavaThread "RMI Scheduler(0)" daemon [_thread_blocked, id=25028, stack(0x0000000033fb0000,0x00000000340b0000)]
  0x0000000025d7e000 JavaThread "MarlinRenderer Disposer" daemon [_thread_blocked, id=17356, stack(0x0000000032450000,0x0000000032550000)]
  0x0000000025d82800 JavaThread "Java2D Disposer" daemon [_thread_blocked, id=16756, stack(0x0000000031da0000,0x0000000031ea0000)]
  0x000000001fd55800 JavaThread "Memory manager" [_thread_blocked, id=31424, stack(0x000000002e230000,0x000000002e330000)]
  0x0000000021bf2000 JavaThread "Cache worker for file content cache (C:\Users\lesha\.gradle\caches\6.5\fileContent)" [_thread_blocked, id=16364, stack(0x0000000024680000,0x0000000024780000)]
  0x0000000021bf1000 JavaThread "Cache worker for execution history cache (C:\Users\lesha\.gradle\caches\6.5\executionHistory)" [_thread_blocked, id=1228, stack(0x0000000024180000,0x0000000024280000)]
  0x0000000019b51000 JavaThread "Cache worker for file hash cache (C:\Users\lesha\.gradle\caches\6.5\fileHashes)" [_thread_blocked, id=288, stack(0x000000001eb00000,0x000000001ec00000)]
  0x0000000019b4f800 JavaThread "File lock request listener" [_thread_in_native, id=14704, stack(0x000000001ea00000,0x000000001eb00000)]
  0x000000001c798800 JavaThread "Cache worker for journal cache (C:\Users\lesha\.gradle\caches\journal-1)" [_thread_blocked, id=26008, stack(0x000000001e900000,0x000000001ea00000)]
  0x000000001c511800 JavaThread "Daemon periodic checks" [_thread_blocked, id=28996, stack(0x000000001dc00000,0x000000001dd00000)]
  0x000000001c4c9000 JavaThread "Incoming local TCP Connector on port 59250" [_thread_in_native, id=6876, stack(0x000000001d9b0000,0x000000001dab0000)]
  0x000000001c414000 JavaThread "Daemon health stats" [_thread_blocked, id=23752, stack(0x000000001d370000,0x000000001d470000)]
  0x0000000019b87000 JavaThread "Service Thread" daemon [_thread_blocked, id=25928, stack(0x000000001a7d0000,0x000000001a8d0000)]
  0x0000000019b50000 JavaThread "C1 CompilerThread3" daemon [_thread_blocked, id=28616, stack(0x000000001a6d0000,0x000000001a7d0000)]
=>0x0000000019b49800 JavaThread "C2 CompilerThread2" daemon [_thread_in_native, id=31524, stack(0x000000001a5d0000,0x000000001a6d0000)]
  0x0000000019b3c000 JavaThread "C2 CompilerThread1" daemon [_thread_in_native, id=15620, stack(0x000000001a4d0000,0x000000001a5d0000)]
  0x0000000019af6800 JavaThread "C2 CompilerThread0" daemon [_thread_in_native, id=4024, stack(0x000000001a3d0000,0x000000001a4d0000)]
  0x0000000019af5000 JavaThread "Attach Listener" daemon [_thread_blocked, id=32480, stack(0x000000001a2d0000,0x000000001a3d0000)]
  0x0000000019af4800 JavaThread "Signal Dispatcher" daemon [_thread_blocked, id=28056, stack(0x000000001a1d0000,0x000000001a2d0000)]
  0x0000000019ae1800 JavaThread "Finalizer" daemon [_thread_blocked, id=30148, stack(0x0000000019fc0000,0x000000001a0c0000)]
  0x0000000019ae0800 JavaThread "Reference Handler" daemon [_thread_blocked, id=892, stack(0x0000000019ec0000,0x0000000019fc0000)]
  0x0000000002c6e000 JavaThread "main" [_thread_blocked, id=29996, stack(0x0000000002930000,0x0000000002a30000)]

Other Threads:
  0x0000000017cd8800 VMThread [stack: 0x00000000199c0000,0x0000000019ac0000] [id=27268]
  0x0000000019b87800 WatcherThread [stack: 0x000000001a8d0000,0x000000001a9d0000] [id=15424]

VM state:not at safepoint (normal execution)

VM Mutex/Monitor currently owned by a thread: None

heap address: 0x0000000080000000, size: 2048 MB, Compressed Oops mode: 32-bit
Narrow klass base: 0x0000000000000000, Narrow klass shift: 3
Compressed class space size: 1073741824 Address: 0x0000000100000000

Heap:
 PSYoungGen      total 480768K, used 414037K [0x00000000d5580000, 0x00000000f9180000, 0x0000000100000000)
  eden space 415744K, 88% used [0x00000000d5580000,0x00000000ebda7068,0x00000000eeb80000)
  from space 65024K, 69% used [0x00000000eeb80000,0x00000000f17ae658,0x00000000f2b00000)
  to   space 67072K, 0% used [0x00000000f5000000,0x00000000f5000000,0x00000000f9180000)
 ParOldGen       total 509952K, used 93833K [0x0000000080000000, 0x000000009f200000, 0x00000000d5580000)
  object space 509952K, 18% used [0x0000000080000000,0x0000000085ba27d8,0x000000009f200000)
 Metaspace       used 116616K, capacity 124220K, committed 124236K, reserved 1157120K
  class space    used 15305K, capacity 16757K, committed 16768K, reserved 1048576K

Card table byte_map: [0x0000000012030000,0x0000000012440000] byte_map_base: 0x0000000011c30000

Marking Bits: (ParMarkBitMap*) 0x0000000058cef030
 Begin Bits: [0x0000000012ef0000, 0x0000000014ef0000)
 End Bits:   [0x0000000014ef0000, 0x0000000016ef0000)

Polling page: 0x0000000002a30000

CodeCache: size=245760Kb used=63026Kb max_used=64316Kb free=182733Kb
 bounds [0x0000000002c70000, 0x0000000006bc0000, 0x0000000011c70000]
 total_blobs=19486 nmethods=18433 adapters=961
 compilation: enabled

Compilation events (10 events):
Event: 2836.891 Thread 0x0000000019b50000 23692       2       java.nio.Bits::getIntL (30 bytes)
Event: 2836.892 Thread 0x0000000019b50000 nmethod 23692 0x0000000003489e90 code [0x000000000348a020, 0x000000000348a258]
Event: 2836.895 Thread 0x0000000019b50000 23690       2       com.android.tools.r8.dex.p::<init> (42 bytes)
Event: 2836.895 Thread 0x0000000019b50000 nmethod 23690 0x00000000052147d0 code [0x0000000005214920, 0x0000000005214a70]
Event: 2836.898 Thread 0x0000000019b50000 23696       2       com.android.tools.r8.dex.j::e (8 bytes)
Event: 2836.898 Thread 0x0000000019b50000 nmethod 23696 0x0000000004c5edd0 code [0x0000000004c5ef20, 0x0000000004c5f070]
Event: 2836.902 Thread 0x0000000019b50000 23689       2       com.android.tools.r8.t.a.a.a.h.K::a (147 bytes)
Event: 2836.903 Thread 0x0000000019b50000 nmethod 23689 0x00000000046bfb90 code [0x00000000046bfd20, 0x00000000046c02a8]
Event: 2836.994 Thread 0x0000000019b50000 23698       2       com.android.tools.r8.q.a.b.m.a::a (159 bytes)
Event: 2836.995 Thread 0x0000000019b50000 nmethod 23698 0x0000000005728450 code [0x00000000057285e0, 0x0000000005728998]

GC Heap History (10 events):
Event: 267.776 GC heap before
{Heap before GC invocations=19 (full 4):
 PSYoungGen      total 345088K, used 345082K [0x00000000d5580000, 0x00000000eed00000, 0x0000000100000000)
  eden space 305664K, 100% used [0x00000000d5580000,0x00000000e8000000,0x00000000e8000000)
  from space 39424K, 99% used [0x00000000ead00000,0x00000000ed37eb70,0x00000000ed380000)
  to   space 46080K, 0% used [0x00000000e8000000,0x00000000e8000000,0x00000000ead00000)
 ParOldGen       total 509952K, used 69920K [0x0000000080000000, 0x000000009f200000, 0x00000000d5580000)
  object space 509952K, 13% used [0x0000000080000000,0x0000000084448098,0x000000009f200000)
 Metaspace       used 109637K, capacity 115736K, committed 115916K, reserved 1148928K
  class space    used 14596K, capacity 15774K, committed 15872K, reserved 1048576K
Event: 267.841 GC heap after
Heap after GC invocations=19 (full 4):
 PSYoungGen      total 351744K, used 46051K [0x00000000d5580000, 0x00000000f3a80000, 0x0000000100000000)
  eden space 305664K, 0% used [0x00000000d5580000,0x00000000d5580000,0x00000000e8000000)
  from space 46080K, 99% used [0x00000000e8000000,0x00000000eacf8e98,0x00000000ead00000)
  to   space 58880K, 0% used [0x00000000f0100000,0x00000000f0100000,0x00000000f3a80000)
 ParOldGen       total 509952K, used 86402K [0x0000000080000000, 0x000000009f200000, 0x00000000d5580000)
  object space 509952K, 16% used [0x0000000080000000,0x0000000085460a98,0x000000009f200000)
 Metaspace       used 109637K, capacity 115736K, committed 115916K, reserved 1148928K
  class space    used 14596K, capacity 15774K, committed 15872K, reserved 1048576K
}
Event: 272.819 GC heap before
{Heap before GC invocations=20 (full 4):
 PSYoungGen      total 351744K, used 351661K [0x00000000d5580000, 0x00000000f3a80000, 0x0000000100000000)
  eden space 305664K, 99% used [0x00000000d5580000,0x00000000e7ff2648,0x00000000e8000000)
  from space 46080K, 99% used [0x00000000e8000000,0x00000000eacf8e98,0x00000000ead00000)
  to   space 58880K, 0% used [0x00000000f0100000,0x00000000f0100000,0x00000000f3a80000)
 ParOldGen       total 509952K, used 86402K [0x0000000080000000, 0x000000009f200000, 0x00000000d5580000)
  object space 509952K, 16% used [0x0000000080000000,0x0000000085460a98,0x000000009f200000)
 Metaspace       used 110851K, capacity 117030K, committed 117324K, reserved 1150976K
  class space    used 14694K, capacity 15917K, committed 16000K, reserved 1048576K
Event: 272.899 GC heap after
Heap after GC invocations=20 (full 4):
 PSYoungGen      total 434688K, used 42759K [0x00000000d5580000, 0x00000000f3f80000, 0x0000000100000000)
  eden space 375808K, 0% used [0x00000000d5580000,0x00000000d5580000,0x00000000ec480000)
  from space 58880K, 72% used [0x00000000f0100000,0x00000000f2ac1d90,0x00000000f3a80000)
  to   space 61952K, 0% used [0x00000000ec480000,0x00000000ec480000,0x00000000f0100000)
 ParOldGen       total 509952K, used 93809K [0x0000000080000000, 0x000000009f200000, 0x00000000d5580000)
  object space 509952K, 18% used [0x0000000080000000,0x0000000085b9c7d8,0x000000009f200000)
 Metaspace       used 110851K, capacity 117030K, committed 117324K, reserved 1150976K
  class space    used 14694K, capacity 15917K, committed 16000K, reserved 1048576K
}
Event: 884.306 GC heap before
{Heap before GC invocations=21 (full 4):
 PSYoungGen      total 434688K, used 418567K [0x00000000d5580000, 0x00000000f3f80000, 0x0000000100000000)
  eden space 375808K, 100% used [0x00000000d5580000,0x00000000ec480000,0x00000000ec480000)
  from space 58880K, 72% used [0x00000000f0100000,0x00000000f2ac1d90,0x00000000f3a80000)
  to   space 61952K, 0% used [0x00000000ec480000,0x00000000ec480000,0x00000000f0100000)
 ParOldGen       total 509952K, used 93809K [0x0000000080000000, 0x000000009f200000, 0x00000000d5580000)
  object space 509952K, 18% used [0x0000000080000000,0x0000000085b9c7d8,0x000000009f200000)
 Metaspace       used 111965K, capacity 118284K, committed 118476K, reserved 1150976K
  class space    used 14780K, capacity 16024K, committed 16128K, reserved 1048576K
Event: 884.361 GC heap after
Heap after GC invocations=21 (full 4):
 PSYoungGen      total 437760K, used 34644K [0x00000000d5580000, 0x00000000f6b80000, 0x0000000100000000)
  eden space 375808K, 0% used [0x00000000d5580000,0x00000000d5580000,0x00000000ec480000)
  from space 61952K, 55% used [0x00000000ec480000,0x00000000ee6551e0,0x00000000f0100000)
  to   space 60928K, 0% used [0x00000000f3000000,0x00000000f3000000,0x00000000f6b80000)
 ParOldGen       total 509952K, used 93817K [0x0000000080000000, 0x000000009f200000, 0x00000000d5580000)
  object space 509952K, 18% used [0x0000000080000000,0x0000000085b9e7d8,0x000000009f200000)
 Metaspace       used 111965K, capacity 118284K, committed 118476K, reserved 1150976K
  class space    used 14780K, capacity 16024K, committed 16128K, reserved 1048576K
}
Event: 1542.111 GC heap before
{Heap before GC invocations=22 (full 4):
 PSYoungGen      total 437760K, used 410452K [0x00000000d5580000, 0x00000000f6b80000, 0x0000000100000000)
  eden space 375808K, 100% used [0x00000000d5580000,0x00000000ec480000,0x00000000ec480000)
  from space 61952K, 55% used [0x00000000ec480000,0x00000000ee6551e0,0x00000000f0100000)
  to   space 60928K, 0% used [0x00000000f3000000,0x00000000f3000000,0x00000000f6b80000)
 ParOldGen       total 509952K, used 93817K [0x0000000080000000, 0x000000009f200000, 0x00000000d5580000)
  object space 509952K, 18% used [0x0000000080000000,0x0000000085b9e7d8,0x000000009f200000)
 Metaspace       used 114807K, capacity 121544K, committed 121676K, reserved 1155072K
  class space    used 15106K, capacity 16458K, committed 16512K, reserved 1048576K
Event: 1542.152 GC heap after
Heap after GC invocations=22 (full 4):
 PSYoungGen      total 475648K, used 47005K [0x00000000d5580000, 0x00000000f6a80000, 0x0000000100000000)
  eden space 415744K, 0% used [0x00000000d5580000,0x00000000d5580000,0x00000000eeb80000)
  from space 59904K, 78% used [0x00000000f3000000,0x00000000f5de76e8,0x00000000f6a80000)
  to   space 65024K, 0% used [0x00000000eeb80000,0x00000000eeb80000,0x00000000f2b00000)
 ParOldGen       total 509952K, used 93825K [0x0000000080000000, 0x000000009f200000, 0x00000000d5580000)
  object space 509952K, 18% used [0x0000000080000000,0x0000000085ba07d8,0x000000009f200000)
 Metaspace       used 114807K, capacity 121544K, committed 121676K, reserved 1155072K
  class space    used 15106K, capacity 16458K, committed 16512K, reserved 1048576K
}
Event: 2826.106 GC heap before
{Heap before GC invocations=23 (full 4):
 PSYoungGen      total 475648K, used 462749K [0x00000000d5580000, 0x00000000f6a80000, 0x0000000100000000)
  eden space 415744K, 100% used [0x00000000d5580000,0x00000000eeb80000,0x00000000eeb80000)
  from space 59904K, 78% used [0x00000000f3000000,0x00000000f5de76e8,0x00000000f6a80000)
  to   space 65024K, 0% used [0x00000000eeb80000,0x00000000eeb80000,0x00000000f2b00000)
 ParOldGen       total 509952K, used 93825K [0x0000000080000000, 0x000000009f200000, 0x00000000d5580000)
  object space 509952K, 18% used [0x0000000080000000,0x0000000085ba07d8,0x000000009f200000)
 Metaspace       used 116205K, capacity 123654K, committed 123724K, reserved 1157120K
  class space    used 15287K, capacity 16730K, committed 16768K, reserved 1048576K
Event: 2826.181 GC heap after
Heap after GC invocations=23 (full 4):
 PSYoungGen      total 480768K, used 45241K [0x00000000d5580000, 0x00000000f9180000, 0x0000000100000000)
  eden space 415744K, 0% used [0x00000000d5580000,0x00000000d5580000,0x00000000eeb80000)
  from space 65024K, 69% used [0x00000000eeb80000,0x00000000f17ae658,0x00000000f2b00000)
  to   space 67072K, 0% used [0x00000000f5000000,0x00000000f5000000,0x00000000f9180000)
 ParOldGen       total 509952K, used 93833K [0x0000000080000000, 0x000000009f200000, 0x00000000d5580000)
  object space 509952K, 18% used [0x0000000080000000,0x0000000085ba27d8,0x000000009f200000)
 Metaspace       used 116205K, capacity 123654K, committed 123724K, reserved 1157120K
  class space    used 15287K, capacity 16730K, committed 16768K, reserved 1048576K
}

Deoptimization events (10 events):
Event: 2835.404 Thread 0x0000000026030000 Uncommon trap: reason=unstable_if action=reinterpret pc=0x00000000057353e4 method=com.android.builder.desugaring.TypeDependencies.reverseMapping()Ljava/util/Map; @ 4
Event: 2835.665 Thread 0x0000000026039800 Uncommon trap: reason=predicate action=maybe_recompile pc=0x0000000004669188 method=com.android.tools.r8.s.b.P0.a(Ljava/util/function/Predicate;)Ljava/lang/Object; @ 9
Event: 2835.666 Thread 0x0000000026039800 Uncommon trap: reason=class_check action=maybe_recompile pc=0x00000000035f5c90 method=com.android.tools.r8.t.a.a.a.f.c.get(Ljava/lang/Object;)Ljava/lang/Object; @ 16
Event: 2835.706 Thread 0x0000000026039800 Uncommon trap: reason=class_check action=maybe_recompile pc=0x00000000035f5c90 method=com.android.tools.r8.t.a.a.a.f.c.get(Ljava/lang/Object;)Ljava/lang/Object; @ 16
Event: 2835.707 Thread 0x0000000026039800 Uncommon trap: reason=class_check action=maybe_recompile pc=0x00000000035f5c90 method=com.android.tools.r8.t.a.a.a.f.c.get(Ljava/lang/Object;)Ljava/lang/Object; @ 16
Event: 2835.718 Thread 0x0000000026039800 Uncommon trap: reason=class_check action=maybe_recompile pc=0x00000000035f5c90 method=com.android.tools.r8.t.a.a.a.f.c.get(Ljava/lang/Object;)Ljava/lang/Object; @ 16
Event: 2835.818 Thread 0x0000000026039800 Uncommon trap: reason=unstable_if action=reinterpret pc=0x00000000037e4394 method=com.android.tools.r8.t.a.a.a.h.Y$f.hasNext()Z @ 4
Event: 2835.823 Thread 0x0000000026039800 Uncommon trap: reason=class_check action=maybe_recompile pc=0x0000000005df543c method=com.android.tools.r8.dex.r.a(Ljava/util/Collection;ILjava/util/function/Consumer;)V @ 29
Event: 2835.823 Thread 0x0000000026039800 Uncommon trap: reason=class_check action=maybe_recompile pc=0x0000000005df543c method=com.android.tools.r8.dex.r.a(Ljava/util/Collection;ILjava/util/function/Consumer;)V @ 29
Event: 2836.114 Thread 0x000000002603a800 Uncommon trap: reason=unstable_if action=reinterpret pc=0x0000000005b8ca64 method=com.android.tools.r8.dex.r.c()Lcom/android/tools/r8/dex/r$a; @ 522

Classes redefined (0 events):
No events

Internal exceptions (10 events):
Event: 2835.566 Thread 0x0000000026030000 Exception <a 'sun/nio/fs/WindowsException'> (0x00000000e1ab4020) thrown at [C:\src\AOSP-openjdk-git\hotspot\src\share\vm\prims\jni.cpp, line 710]
Event: 2835.588 Thread 0x0000000026039800 Exception <a 'sun/nio/fs/WindowsException'> (0x00000000e1c89470) thrown at [C:\src\AOSP-openjdk-git\hotspot\src\share\vm\prims\jni.cpp, line 710]
Event: 2835.823 Thread 0x0000000026039800 Exception <a 'sun/nio/fs/WindowsException'> (0x00000000e54a4fa0) thrown at [C:\src\AOSP-openjdk-git\hotspot\src\share\vm\prims\jni.cpp, line 710]
Event: 2835.830 Thread 0x0000000026039800 Exception <a 'sun/nio/fs/WindowsException'> (0x00000000e54ac290) thrown at [C:\src\AOSP-openjdk-git\hotspot\src\share\vm\prims\jni.cpp, line 710]
Event: 2835.836 Thread 0x0000000026039800 Exception <a 'sun/nio/fs/WindowsException'> (0x00000000e57e6ba8) thrown at [C:\src\AOSP-openjdk-git\hotspot\src\share\vm\prims\jni.cpp, line 710]
Event: 2835.843 Thread 0x0000000026039800 Exception <a 'sun/nio/fs/WindowsException'> (0x00000000e57ecb00) thrown at [C:\src\AOSP-openjdk-git\hotspot\src\share\vm\prims\jni.cpp, line 710]
Event: 2835.849 Thread 0x0000000026039800 Exception <a 'sun/nio/fs/WindowsException'> (0x00000000e5a670a0) thrown at [C:\src\AOSP-openjdk-git\hotspot\src\share\vm\prims\jni.cpp, line 710]
Event: 2835.855 Thread 0x0000000026039800 Exception <a 'sun/nio/fs/WindowsException'> (0x00000000e5a6cfe8) thrown at [C:\src\AOSP-openjdk-git\hotspot\src\share\vm\prims\jni.cpp, line 710]
Event: 2835.870 Thread 0x0000000026039800 Exception <a 'sun/nio/fs/WindowsException'> (0x00000000e5a73980) thrown at [C:\src\AOSP-openjdk-git\hotspot\src\share\vm\prims\jni.cpp, line 710]
Event: 2836.866 Thread 0x000000002672a000 Exception <a 'sun/nio/fs/WindowsException'> (0x00000000e95073f8) thrown at [C:\src\AOSP-openjdk-git\hotspot\src\share\vm\prims\jni.cpp, line 710]

Events (10 events):
Event: 2836.906 Thread 0x0000000019b50000 flushing nmethod 0x0000000006725d50
Event: 2836.906 Thread 0x0000000019b50000 flushing nmethod 0x000000000672af50
Event: 2836.906 Thread 0x0000000019b50000 flushing nmethod 0x0000000006734410
Event: 2836.906 Thread 0x0000000019b50000 flushing nmethod 0x0000000006735910
Event: 2836.906 Thread 0x0000000019b50000 flushing nmethod 0x0000000006759750
Event: 2836.906 Thread 0x0000000019b50000 flushing nmethod 0x000000000675f590
Event: 2836.906 Thread 0x0000000019b50000 flushing nmethod 0x000000000676c310
Event: 2836.907 Thread 0x0000000019b50000 flushing nmethod 0x000000000678f350
Event: 2836.907 Thread 0x0000000019b50000 flushing nmethod 0x0000000006790b50
Event: 2836.907 Thread 0x0000000019b50000 flushing nmethod 0x00000000067d7290


Dynamic libraries:
0x00007ff7b9bf0000 - 0x00007ff7b9c21000 	D:\Android\Android Studio\jre\bin\java.exe
0x00007ff950610000 - 0x00007ff950805000 	C:\WINDOWS\SYSTEM32\ntdll.dll
0x00007ff94eb20000 - 0x00007ff94ebdd000 	C:\WINDOWS\System32\KERNEL32.DLL
0x00007ff94e1c0000 - 0x00007ff94e488000 	C:\WINDOWS\System32\KERNELBASE.dll
0x00007ff950440000 - 0x00007ff9504ec000 	C:\WINDOWS\System32\ADVAPI32.dll
0x00007ff94eca0000 - 0x00007ff94ed3e000 	C:\WINDOWS\System32\msvcrt.dll
0x00007ff94fc30000 - 0x00007ff94fccb000 	C:\WINDOWS\System32\sechost.dll
0x00007ff94f490000 - 0x00007ff94f5bb000 	C:\WINDOWS\System32\RPCRT4.dll
0x00007ff94fd90000 - 0x00007ff94ff30000 	C:\WINDOWS\System32\USER32.dll
0x00007ff94dd50000 - 0x00007ff94dd72000 	C:\WINDOWS\System32\win32u.dll
0x00007ff950300000 - 0x00007ff95032a000 	C:\WINDOWS\System32\GDI32.dll
0x00007ff94dec0000 - 0x00007ff94dfcb000 	C:\WINDOWS\System32\gdi32full.dll
0x00007ff94dfd0000 - 0x00007ff94e06d000 	C:\WINDOWS\System32\msvcp_win.dll
0x00007ff94e0c0000 - 0x00007ff94e1c0000 	C:\WINDOWS\System32\ucrtbase.dll
0x00007ff92f980000 - 0x00007ff92fc1a000 	C:\WINDOWS\WinSxS\amd64_microsoft.windows.common-controls_6595b64144ccf1df_6.0.19041.844_none_ca00b6081b84eb1d\COMCTL32.dll
0x00007ff94e7b0000 - 0x00007ff94e7e0000 	C:\WINDOWS\System32\IMM32.DLL
0x0000000059d50000 - 0x0000000059e22000 	D:\Android\Android Studio\jre\jre\bin\msvcr100.dll
0x0000000058520000 - 0x0000000058d6b000 	D:\Android\Android Studio\jre\jre\bin\server\jvm.dll
0x00007ff94fcd0000 - 0x00007ff94fcd8000 	C:\WINDOWS\System32\PSAPI.DLL
0x00007ff92c660000 - 0x00007ff92c687000 	C:\WINDOWS\SYSTEM32\WINMM.dll
0x00007ff944bb0000 - 0x00007ff944bba000 	C:\WINDOWS\SYSTEM32\VERSION.dll
0x00007ff947860000 - 0x00007ff947869000 	C:\WINDOWS\SYSTEM32\WSOCK32.dll
0x00007ff950290000 - 0x00007ff9502fb000 	C:\WINDOWS\System32\WS2_32.dll
0x00007ff947930000 - 0x00007ff94793f000 	D:\Android\Android Studio\jre\jre\bin\verify.dll
0x00007ff93b450000 - 0x00007ff93b479000 	D:\Android\Android Studio\jre\jre\bin\java.dll
0x00007ff9478e0000 - 0x00007ff9478f6000 	D:\Android\Android Studio\jre\jre\bin\zip.dll
0x00007ff94ed40000 - 0x00007ff94f482000 	C:\WINDOWS\System32\SHELL32.dll
0x00007ff94bae0000 - 0x00007ff94c271000 	C:\WINDOWS\SYSTEM32\windows.storage.dll
0x00007ff94ff30000 - 0x00007ff950285000 	C:\WINDOWS\System32\combase.dll
0x00007ff94d7c0000 - 0x00007ff94d7ec000 	C:\WINDOWS\SYSTEM32\Wldp.dll
0x00007ff94e670000 - 0x00007ff94e71e000 	C:\WINDOWS\System32\SHCORE.dll
0x00007ff94ebe0000 - 0x00007ff94ec35000 	C:\WINDOWS\System32\shlwapi.dll
0x00007ff94dc90000 - 0x00007ff94dcaf000 	C:\WINDOWS\SYSTEM32\profapi.dll
0x00007ff947880000 - 0x00007ff94789a000 	D:\Android\Android Studio\jre\jre\bin\net.dll
0x00007ff94d530000 - 0x00007ff94d59a000 	C:\WINDOWS\system32\mswsock.dll
0x00007ff943350000 - 0x00007ff943363000 	D:\Android\Android Studio\jre\jre\bin\nio.dll
0x00007ff93b260000 - 0x00007ff93b287000 	C:\Users\lesha\.gradle\native\f6784746aeab05261644944871eae4fe03e0ef1612fff0a4a95f87b438bc6780\windows-amd64\native-platform.dll
0x00007ff947920000 - 0x00007ff94792d000 	D:\Android\Android Studio\jre\jre\bin\management.dll
0x00007ff94d710000 - 0x00007ff94d728000 	C:\WINDOWS\SYSTEM32\CRYPTSP.dll
0x00007ff94ce60000 - 0x00007ff94ce94000 	C:\WINDOWS\system32\rsaenh.dll
0x00007ff94dd80000 - 0x00007ff94dda7000 	C:\WINDOWS\System32\bcrypt.dll
0x00007ff94dc50000 - 0x00007ff94dc7e000 	C:\WINDOWS\SYSTEM32\USERENV.dll
0x00007ff94e490000 - 0x00007ff94e510000 	C:\WINDOWS\System32\bcryptprimitives.dll
0x00007ff94d700000 - 0x00007ff94d70c000 	C:\WINDOWS\SYSTEM32\CRYPTBASE.dll
0x00007ff94d1d0000 - 0x00007ff94d20b000 	C:\WINDOWS\SYSTEM32\IPHLPAPI.DLL
0x00007ff94e7a0000 - 0x00007ff94e7a8000 	C:\WINDOWS\System32\NSI.dll
0x00007ff944f60000 - 0x00007ff944f77000 	C:\WINDOWS\SYSTEM32\dhcpcsvc6.DLL
0x00007ff944de0000 - 0x00007ff944dfd000 	C:\WINDOWS\SYSTEM32\dhcpcsvc.DLL
0x00007ff94d210000 - 0x00007ff94d2dc000 	C:\WINDOWS\SYSTEM32\DNSAPI.dll
0x00007ff9451d0000 - 0x00007ff9451db000 	C:\WINDOWS\SYSTEM32\WINNSI.DLL
0x00007ff914ed0000 - 0x00007ff91506c000 	D:\Android\Android Studio\jre\jre\bin\awt.dll
0x00007ff94f5c0000 - 0x00007ff94f68d000 	C:\WINDOWS\System32\OLEAUT32.dll
0x00007ff94b5f0000 - 0x00007ff94b61f000 	C:\WINDOWS\SYSTEM32\dwmapi.dll
0x00007ff949340000 - 0x00007ff949900000 	C:\WINDOWS\SYSTEM32\d2d1.dll
0x00007ff94a7c0000 - 0x00007ff94a850000 	C:\WINDOWS\SYSTEM32\apphelp.dll
0x00007ff94a8f0000 - 0x00007ff94a98e000 	C:\WINDOWS\system32\uxtheme.dll

VM Arguments:
jvm_args: -Xmx2048m -Dfile.encoding=UTF-8 -Duser.country=RU -Duser.language=ru -Duser.variant 
java_command: org.gradle.launcher.daemon.bootstrap.GradleDaemon 6.5
java_class_path (initial): C:\Users\lesha\.gradle\wrapper\dists\gradle-6.5-bin\6nifqtx7604sqp1q6g8wikw7p\gradle-6.5\lib\gradle-launcher-6.5.jar
Launcher Type: SUN_STANDARD

Environment Variables:
PATH=C:\WINDOWS\system32;C:\WINDOWS;C:\WINDOWS\System32\Wbem;C:\WINDOWS\System32\WindowsPowerShell\v1.0\;C:\WINDOWS\System32\OpenSSH\;C:\Program Files\dotnet\;C:\Program Files\Microsoft SQL Server\130\Tools\Binn\;C:\Program Files\Git\cmd;C:\Program Files (x86)\Microsoft SQL Server\130\Tools\Binn\;C:\Program Files\Microsoft SQL Server\Client SDK\ODBC\130\Tools\Binn\;C:\Program Files\Microsoft SQL Server\130\DTS\Binn\;C:\Program Files\nodejs\;C:\Program Files\Common Files\Autodesk Shared\;C:\Program Files (x86)\PDFtk Server\bin\;C:\Program Files (x86)\PDFtk\bin\;C:\Program Files (x86)\PuTTY\;C:\Program Files\Microsoft SQL Server\Client SDK\ODBC\170\Tools\Binn\;C:\Users\lesha\AppData\Local\Microsoft\WindowsApps;C:\Users\lesha\AppData\Roaming\npm;C:\Users\lesha\.dotnet\tools;C:\Users\lesha\.dotnet\tools;C:\Program Files\JetBrains\WebStorm 203.5419.24\bin;;C:\Users\lesha\AppData\Local\Microsoft\WindowsApps;
USERNAME=lesha
OS=Windows_NT
PROCESSOR_IDENTIFIER=Intel64 Family 6 Model 142 Stepping 10, GenuineIntel



---------------  S Y S T E M  ---------------

OS: Windows 10.0 , 64 bit Build 19041 (10.0.19041.928)

CPU:total 8 (initial active 8) (4 cores per cpu, 2 threads per core) family 6 model 142 stepping 10, cmov, cx8, fxsr, mmx, sse, sse2, sse3, ssse3, sse4.1, sse4.2, popcnt, avx, avx2, aes, clmul, erms, 3dnowpref, lzcnt, ht, tsc, tscinvbit, bmi1, bmi2, adx

Memory: 4k page, physical 20878476k(6964844k free), swap 24974476k(9740k free)

vm_info: OpenJDK 64-Bit Server VM (25.242-b01) for windows-amd64 JRE (1.8.0_242-release-1644-b01), built by "builder" with MS VC++ 10.0 (VS2010)

time: Fri May 21 00:45:37 2021
timezone: RTZ 2 ()
elapsed time: 2837 seconds (0d 0h 47m 17s)

