#
# There is insufficient memory for the Java Runtime Environment to continue.
# Native memory allocation (malloc) failed to allocate 32744 bytes for ChunkPool::allocate
# Possible reasons:
#   The system is out of physical RAM or swap space
#   The process is running with CompressedOops enabled, and the Java Heap may be blocking the growth of the native heap
# Possible solutions:
#   Reduce memory load on the system
#   Increase physical memory or swap space
#   Check if swap backing store is full
#   Decrease Java heap size (-Xmx/-Xms)
#   Decrease number of Java threads
#   Decrease Java thread stack sizes (-Xss)
#   Set larger code cache with -XX:ReservedCodeCacheSize=
#   JVM is running with Unscaled Compressed Oops mode in which the Java heap is
#     placed in the first 4GB address space. The Java Heap base address is the
#     maximum limit for the native heap growth. Please use -XX:HeapBaseMinAddress
#     to set the Java Heap base and to place the Java Heap above 4GB virtual address.
# This output file may be truncated or incomplete.
#
#  Out of Memory Error (allocation.cpp:272), pid=18332, tid=0x0000000000006144
#
# JRE version: OpenJDK Runtime Environment (8.0_242-b01) (build 1.8.0_242-release-1644-b01)
# Java VM: OpenJDK 64-Bit Server VM (25.242-b01 mixed mode windows-amd64 compressed oops)
# Failed to write core dump. Minidumps are not enabled by default on client versions of Windows
#

---------------  T H R E A D  ---------------

Current thread (0x00000000192c8000):  JavaThread "C2 CompilerThread2" daemon [_thread_in_native, id=24900, stack(0x0000000019da0000,0x0000000019ea0000)]

Stack: [0x0000000019da0000,0x0000000019ea0000]
[error occurred during error reporting (printing stack bounds), id 0xc0000005]

Native frames: (J=compiled Java code, j=interpreted, Vv=VM code, C=native code)


Current CompileTask:
C2:  16739 5363       4       java.beans.Introspector::addMethod (196 bytes)


---------------  P R O C E S S  ---------------

Java Threads: ( => current thread )
  0x000000001b2ef800 JavaThread "Memory manager" [_thread_blocked, id=19276, stack(0x000000002cea0000,0x000000002cfa0000)]
  0x000000001b2ee800 JavaThread "Cache worker for Build Output Cleanup Cache (D:\Android\AndroidStudioProjects\mousic\.gradle\buildOutputCleanup)" [_thread_blocked, id=15520, stack(0x000000002b820000,0x000000002b920000)]
  0x000000001b2eb800 JavaThread "jar transforms Thread 113" [_thread_blocked, id=27540, stack(0x000000002b520000,0x000000002b620000)]
  0x000000001b2ed000 JavaThread "jar transforms Thread 112" [_thread_blocked, id=15564, stack(0x000000002b420000,0x000000002b520000)]
  0x000000001b2eb000 JavaThread "jar transforms Thread 111" [_thread_blocked, id=28500, stack(0x000000002b320000,0x000000002b420000)]
  0x000000001b2ec800 JavaThread "jar transforms Thread 110" [_thread_blocked, id=26056, stack(0x000000002b220000,0x000000002b320000)]
  0x000000001b2ea000 JavaThread "jar transforms Thread 109" [_thread_blocked, id=10000, stack(0x000000002b120000,0x000000002b220000)]
  0x000000001b2ee000 JavaThread "jar transforms Thread 108" [_thread_blocked, id=25208, stack(0x000000002b020000,0x000000002b120000)]
  0x000000001b2e2800 JavaThread "jar transforms Thread 107" [_thread_blocked, id=28320, stack(0x000000002af20000,0x000000002b020000)]
  0x000000001b2e9800 JavaThread "jar transforms Thread 106" [_thread_blocked, id=21228, stack(0x000000002ae20000,0x000000002af20000)]
  0x000000001b2e2000 JavaThread "jar transforms Thread 105" [_thread_blocked, id=26028, stack(0x000000002ac20000,0x000000002ad20000)]
  0x000000001b2e8800 JavaThread "jar transforms Thread 104" [_thread_blocked, id=18672, stack(0x000000002ab20000,0x000000002ac20000)]
  0x000000001b2e5800 JavaThread "jar transforms Thread 103" [_thread_blocked, id=17624, stack(0x000000002aa20000,0x000000002ab20000)]
  0x000000001b2e8000 JavaThread "jar transforms Thread 102" [_thread_blocked, id=15944, stack(0x000000002a920000,0x000000002aa20000)]
  0x000000001b2e3800 JavaThread "jar transforms Thread 101" [_thread_blocked, id=14404, stack(0x000000002a820000,0x000000002a920000)]
  0x000000001b2e5000 JavaThread "jar transforms Thread 100" [_thread_blocked, id=28140, stack(0x000000002a720000,0x000000002a820000)]
  0x000000001b2e1000 JavaThread "jar transforms Thread 99" [_thread_blocked, id=21240, stack(0x000000002a620000,0x000000002a720000)]
  0x000000001b2e7000 JavaThread "jar transforms Thread 98" [_thread_blocked, id=23592, stack(0x000000002a520000,0x000000002a620000)]
  0x000000001b2e0800 JavaThread "jar transforms Thread 97" [_thread_blocked, id=27848, stack(0x000000002a420000,0x000000002a520000)]
  0x000000001b2e6800 JavaThread "jar transforms Thread 96" [_thread_blocked, id=4636, stack(0x000000002a320000,0x000000002a420000)]
  0x000000001b2e4000 JavaThread "jar transforms Thread 95" [_thread_blocked, id=14988, stack(0x000000002a220000,0x000000002a320000)]
  0x000000001b421000 JavaThread "jar transforms Thread 94" [_thread_blocked, id=18196, stack(0x000000002a120000,0x000000002a220000)]
  0x000000001b420000 JavaThread "jar transforms Thread 93" [_thread_blocked, id=8968, stack(0x000000002a020000,0x000000002a120000)]
  0x000000001b41e800 JavaThread "jar transforms Thread 92" [_thread_blocked, id=20504, stack(0x0000000029f20000,0x000000002a020000)]
  0x000000001b41d000 JavaThread "jar transforms Thread 91" [_thread_blocked, id=20496, stack(0x0000000029e20000,0x0000000029f20000)]
  0x000000001b41f800 JavaThread "jar transforms Thread 90" [_thread_blocked, id=13504, stack(0x0000000029d20000,0x0000000029e20000)]
  0x000000001b41c800 JavaThread "jar transforms Thread 89" [_thread_blocked, id=9420, stack(0x0000000029c20000,0x0000000029d20000)]
  0x000000001b41b800 JavaThread "jar transforms Thread 88" [_thread_blocked, id=23944, stack(0x0000000029b20000,0x0000000029c20000)]
  0x000000001b41e000 JavaThread "jar transforms Thread 87" [_thread_blocked, id=700, stack(0x0000000029a20000,0x0000000029b20000)]
  0x000000001b414000 JavaThread "jar transforms Thread 86" [_thread_blocked, id=20976, stack(0x0000000029920000,0x0000000029a20000)]
  0x000000001b41b000 JavaThread "jar transforms Thread 85" [_thread_blocked, id=22388, stack(0x0000000029820000,0x0000000029920000)]
  0x000000001b41a000 JavaThread "jar transforms Thread 84" [_thread_blocked, id=27740, stack(0x0000000029720000,0x0000000029820000)]
  0x000000001b413800 JavaThread "jar transforms Thread 83" [_thread_blocked, id=27912, stack(0x0000000029620000,0x0000000029720000)]
  0x000000001b412800 JavaThread "jar transforms Thread 82" [_thread_blocked, id=24756, stack(0x0000000029520000,0x0000000029620000)]
  0x000000001b419800 JavaThread "jar transforms Thread 81" [_thread_blocked, id=28484, stack(0x0000000029420000,0x0000000029520000)]
  0x000000001b412000 JavaThread "jar transforms Thread 80" [_thread_blocked, id=12852, stack(0x0000000029320000,0x0000000029420000)]
  0x000000001b415000 JavaThread "jar transforms Thread 79" [_thread_blocked, id=20920, stack(0x0000000029220000,0x0000000029320000)]
  0x000000001b415800 JavaThread "jar transforms Thread 78" [_thread_blocked, id=4048, stack(0x0000000029120000,0x0000000029220000)]
  0x000000001b418800 JavaThread "jar transforms Thread 77" [_thread_blocked, id=23948, stack(0x0000000029020000,0x0000000029120000)]
  0x000000001b418000 JavaThread "jar transforms Thread 76" [_thread_blocked, id=11740, stack(0x0000000028f20000,0x0000000029020000)]
  0x000000001b417000 JavaThread "jar transforms Thread 75" [_thread_blocked, id=19968, stack(0x0000000028e20000,0x0000000028f20000)]
  0x000000001b416800 JavaThread "jar transforms Thread 74" [_thread_blocked, id=22216, stack(0x0000000028d20000,0x0000000028e20000)]
  0x000000001a29c800 JavaThread "jar transforms Thread 73" [_thread_blocked, id=26512, stack(0x0000000028c20000,0x0000000028d20000)]
  0x000000001a29c000 JavaThread "jar transforms Thread 72" [_thread_blocked, id=26720, stack(0x0000000028b20000,0x0000000028c20000)]
  0x000000001a29a800 JavaThread "jar transforms Thread 71" [_thread_blocked, id=17956, stack(0x0000000028a20000,0x0000000028b20000)]
  0x000000001a299800 JavaThread "jar transforms Thread 70" [_thread_blocked, id=19304, stack(0x0000000028920000,0x0000000028a20000)]
  0x000000001a298000 JavaThread "jar transforms Thread 69" [_thread_blocked, id=15536, stack(0x0000000028820000,0x0000000028920000)]
  0x000000001a29e000 JavaThread "jar transforms Thread 68" [_thread_blocked, id=4552, stack(0x0000000028720000,0x0000000028820000)]
  0x000000001a29d800 JavaThread "jar transforms Thread 67" [_thread_blocked, id=16540, stack(0x0000000028620000,0x0000000028720000)]
  0x000000001a29b000 JavaThread "jar transforms Thread 66" [_thread_blocked, id=16264, stack(0x0000000028520000,0x0000000028620000)]
  0x000000001a299000 JavaThread "jar transforms Thread 65" [_thread_blocked, id=24160, stack(0x0000000028420000,0x0000000028520000)]
  0x000000001a290800 JavaThread "jar transforms Thread 64" [_thread_blocked, id=6772, stack(0x0000000028320000,0x0000000028420000)]
  0x000000001a297800 JavaThread "jar transforms Thread 63" [_thread_blocked, id=13288, stack(0x0000000028220000,0x0000000028320000)]
  0x000000001a290000 JavaThread "jar transforms Thread 62" [_thread_blocked, id=19432, stack(0x0000000028120000,0x0000000028220000)]
  0x000000001a291800 JavaThread "jar transforms Thread 61" [_thread_blocked, id=26336, stack(0x0000000028020000,0x0000000028120000)]
  0x000000001a296800 JavaThread "jar transforms Thread 60" [_thread_blocked, id=3740, stack(0x0000000027f20000,0x0000000028020000)]
  0x000000001a28f000 JavaThread "jar transforms Thread 59" [_thread_blocked, id=28040, stack(0x0000000027e20000,0x0000000027f20000)]
  0x000000001a295000 JavaThread "jar transforms Thread 58" [_thread_blocked, id=17872, stack(0x0000000027d20000,0x0000000027e20000)]
  0x000000001a293000 JavaThread "jar transforms Thread 57" [_thread_blocked, id=11384, stack(0x0000000027c20000,0x0000000027d20000)]
  0x000000001a292000 JavaThread "jar transforms Thread 56" [_thread_blocked, id=16204, stack(0x0000000027b20000,0x0000000027c20000)]
  0x000000001a294800 JavaThread "jar transforms Thread 55" [_thread_blocked, id=8608, stack(0x0000000027a20000,0x0000000027b20000)]
  0x000000001a296000 JavaThread "jar transforms Thread 54" [_thread_blocked, id=23972, stack(0x0000000027920000,0x0000000027a20000)]
  0x000000001a293800 JavaThread "jar transforms Thread 53" [_thread_blocked, id=23532, stack(0x0000000027820000,0x0000000027920000)]
  0x000000001b45b000 JavaThread "jar transforms Thread 52" [_thread_blocked, id=3900, stack(0x0000000027720000,0x0000000027820000)]
  0x000000001b45a000 JavaThread "jar transforms Thread 51" [_thread_blocked, id=9580, stack(0x0000000027620000,0x0000000027720000)]
  0x000000001b45c800 JavaThread "jar transforms Thread 50" [_thread_blocked, id=25448, stack(0x0000000027520000,0x0000000027620000)]
  0x000000001b460000 JavaThread "jar transforms Thread 49" [_thread_blocked, id=3244, stack(0x0000000027420000,0x0000000027520000)]
  0x000000001b45e800 JavaThread "jar transforms Thread 48" [_thread_blocked, id=8836, stack(0x0000000027320000,0x0000000027420000)]
  0x000000001b45b800 JavaThread "jar transforms Thread 47" [_thread_blocked, id=16488, stack(0x0000000027220000,0x0000000027320000)]
  0x000000001b45f800 JavaThread "jar transforms Thread 46" [_thread_blocked, id=23060, stack(0x0000000027120000,0x0000000027220000)]
  0x000000001b461000 JavaThread "jar transforms Thread 45" [_thread_blocked, id=10256, stack(0x0000000027020000,0x0000000027120000)]
  0x000000001b45d000 JavaThread "jar transforms Thread 44" [_thread_blocked, id=21756, stack(0x0000000026f20000,0x0000000027020000)]
  0x000000001b45e000 JavaThread "jar transforms Thread 43" [_thread_blocked, id=12840, stack(0x0000000026e20000,0x0000000026f20000)]
  0x000000001b452800 JavaThread "jar transforms Thread 42" [_thread_blocked, id=14672, stack(0x0000000026d20000,0x0000000026e20000)]
  0x000000001b455000 JavaThread "jar transforms Thread 41" [_thread_blocked, id=22156, stack(0x0000000026c20000,0x0000000026d20000)]
  0x000000001b459800 JavaThread "jar transforms Thread 40" [_thread_blocked, id=26460, stack(0x0000000026b20000,0x0000000026c20000)]
  0x000000001b458000 JavaThread "jar transforms Thread 39" [_thread_blocked, id=23932, stack(0x0000000026a20000,0x0000000026b20000)]
  0x000000001b453800 JavaThread "jar transforms Thread 38" [_thread_blocked, id=24676, stack(0x0000000026920000,0x0000000026a20000)]
  0x000000001b457000 JavaThread "jar transforms Thread 37" [_thread_blocked, id=21612, stack(0x0000000026820000,0x0000000026920000)]
  0x000000001b451800 JavaThread "jar transforms Thread 36" [_thread_blocked, id=14376, stack(0x0000000026720000,0x0000000026820000)]
  0x000000001b456800 JavaThread "jar transforms Thread 35" [_thread_blocked, id=22112, stack(0x0000000026620000,0x0000000026720000)]
  0x000000001b454000 JavaThread "jar transforms Thread 34" [_thread_blocked, id=20096, stack(0x0000000026520000,0x0000000026620000)]
  0x000000001b455800 JavaThread "jar transforms Thread 33" [_thread_blocked, id=23404, stack(0x0000000026420000,0x0000000026520000)]
  0x000000001b458800 JavaThread "jar transforms Thread 32" [_thread_blocked, id=24668, stack(0x0000000026320000,0x0000000026420000)]
  0x000000001959b000 JavaThread "jar transforms Thread 31" [_thread_blocked, id=28264, stack(0x0000000026220000,0x0000000026320000)]
  0x0000000019599800 JavaThread "jar transforms Thread 30" [_thread_blocked, id=7544, stack(0x0000000026120000,0x0000000026220000)]
  0x000000001959d000 JavaThread "jar transforms Thread 29" [_thread_blocked, id=18792, stack(0x0000000026020000,0x0000000026120000)]
  0x000000001959c800 JavaThread "jar transforms Thread 28" [_thread_blocked, id=20000, stack(0x0000000025f20000,0x0000000026020000)]
  0x000000001959a000 JavaThread "jar transforms Thread 27" [_thread_blocked, id=13708, stack(0x0000000025e20000,0x0000000025f20000)]
  0x000000001959b800 JavaThread "jar transforms Thread 26" [_thread_blocked, id=19872, stack(0x0000000025d20000,0x0000000025e20000)]
  0x0000000019598800 JavaThread "jar transforms Thread 25" [_thread_blocked, id=9836, stack(0x0000000025c20000,0x0000000025d20000)]
  0x0000000019591000 JavaThread "jar transforms Thread 24" [_thread_blocked, id=15756, stack(0x0000000025b20000,0x0000000025c20000)]
  0x0000000019598000 JavaThread "jar transforms Thread 23" [_thread_blocked, id=12048, stack(0x0000000025a20000,0x0000000025b20000)]
  0x0000000019597000 JavaThread "jar transforms Thread 22" [_thread_blocked, id=19492, stack(0x0000000025920000,0x0000000025a20000)]
  0x0000000019595000 JavaThread "jar transforms Thread 21" [_thread_blocked, id=25048, stack(0x0000000025820000,0x0000000025920000)]
  0x0000000019594000 JavaThread "jar transforms Thread 20" [_thread_blocked, id=27512, stack(0x0000000025720000,0x0000000025820000)]
  0x0000000019593800 JavaThread "jar transforms Thread 19" [_thread_blocked, id=25788, stack(0x0000000025620000,0x0000000025720000)]
  0x0000000019596800 JavaThread "jar transforms Thread 18" [_thread_blocked, id=23204, stack(0x0000000025520000,0x0000000025620000)]
  0x0000000019592800 JavaThread "jar transforms Thread 17" [_thread_blocked, id=3752, stack(0x0000000025420000,0x0000000025520000)]
  0x0000000019595800 JavaThread "jar transforms Thread 16" [_thread_blocked, id=22840, stack(0x0000000025320000,0x0000000025420000)]
  0x000000001958e000 JavaThread "jar transforms Thread 15" [_thread_blocked, id=25696, stack(0x0000000025220000,0x0000000025320000)]
  0x0000000019590800 JavaThread "jar transforms Thread 14" [_thread_blocked, id=10784, stack(0x0000000025120000,0x0000000025220000)]
  0x0000000019592000 JavaThread "jar transforms Thread 13" [_thread_blocked, id=25864, stack(0x0000000025020000,0x0000000025120000)]
  0x000000001958f800 JavaThread "jar transforms Thread 12" [_thread_blocked, id=25284, stack(0x0000000024f20000,0x0000000025020000)]
  0x000000001958f000 JavaThread "jar transforms Thread 11" [_thread_blocked, id=856, stack(0x0000000024e20000,0x0000000024f20000)]
  0x000000001bf82000 JavaThread "jar transforms Thread 10" [_thread_blocked, id=7696, stack(0x0000000024d20000,0x0000000024e20000)]
  0x000000001bf80000 JavaThread "jar transforms Thread 9" [_thread_blocked, id=27684, stack(0x0000000024c20000,0x0000000024d20000)]
  0x000000001bf7d800 JavaThread "jar transforms Thread 8" [_thread_blocked, id=10600, stack(0x0000000024b20000,0x0000000024c20000)]
  0x000000001bf7f000 JavaThread "jar transforms Thread 7" [_thread_blocked, id=16636, stack(0x0000000024a20000,0x0000000024b20000)]
  0x000000001bf83000 JavaThread "jar transforms Thread 6" [_thread_blocked, id=18480, stack(0x0000000024920000,0x0000000024a20000)]
  0x000000001bf81800 JavaThread "jar transforms Thread 5" [_thread_blocked, id=26552, stack(0x0000000024820000,0x0000000024920000)]
  0x000000001bf80800 JavaThread "jar transforms Thread 4" [_thread_blocked, id=27044, stack(0x0000000024720000,0x0000000024820000)]
  0x000000001bf7e800 JavaThread "jar transforms Thread 3" [_thread_blocked, id=12828, stack(0x0000000024620000,0x0000000024720000)]
  0x000000001bf7d000 JavaThread "jar transforms Thread 2" [_thread_blocked, id=28212, stack(0x0000000024520000,0x0000000024620000)]
  0x000000001bf75800 JavaThread "Build operations Thread 8" [_thread_blocked, id=23140, stack(0x0000000024420000,0x0000000024520000)]
  0x000000001bf7c000 JavaThread "Build operations Thread 7" [_thread_blocked, id=24584, stack(0x0000000024320000,0x0000000024420000)]
  0x000000001bf7b800 JavaThread "Build operations Thread 6" [_thread_blocked, id=26408, stack(0x0000000024220000,0x0000000024320000)]
  0x000000001bf79000 JavaThread "Build operations Thread 5" [_thread_blocked, id=28384, stack(0x0000000024120000,0x0000000024220000)]
  0x000000001bf7a800 JavaThread "Build operations Thread 4" [_thread_blocked, id=26856, stack(0x0000000024020000,0x0000000024120000)]
  0x000000001bf77800 JavaThread "Build operations Thread 3" [_thread_blocked, id=10308, stack(0x0000000023f20000,0x0000000024020000)]
  0x000000001bf74800 JavaThread "Build operations Thread 2" [_thread_blocked, id=23744, stack(0x0000000023e20000,0x0000000023f20000)]
  0x000000001bf77000 JavaThread "Build operations" [_thread_blocked, id=25920, stack(0x0000000023d20000,0x0000000023e20000)]
  0x000000001c19c000 JavaThread "Cache worker for file content cache (C:\Users\lesha\.gradle\caches\6.5\fileContent)" [_thread_blocked, id=16216, stack(0x0000000023620000,0x0000000023720000)]
  0x000000001c19b800 JavaThread "jar transforms" [_thread_blocked, id=25272, stack(0x0000000021ea0000,0x0000000021fa0000)]
  0x000000001c19a800 JavaThread "Cache worker for execution history cache (C:\Users\lesha\.gradle\caches\6.5\executionHistory)" [_thread_blocked, id=5848, stack(0x0000000020b70000,0x0000000020c70000)]
  0x000000001c1a0000 JavaThread "Cache worker for cache directory md-rule (C:\Users\lesha\.gradle\caches\6.5\md-rule)" [_thread_blocked, id=16940, stack(0x0000000020a70000,0x0000000020b70000)]
  0x000000001c19f000 JavaThread "Cache worker for cache directory md-supplier (C:\Users\lesha\.gradle\caches\6.5\md-supplier)" [_thread_blocked, id=9812, stack(0x0000000020970000,0x0000000020a70000)]
  0x000000001c19d000 JavaThread "Cache worker for checksums cache (D:\Android\AndroidStudioProjects\mousic\.gradle\checksums)" [_thread_blocked, id=22676, stack(0x0000000020670000,0x0000000020770000)]
  0x000000001c19a000 JavaThread "Cache worker for file hash cache (D:\Android\AndroidStudioProjects\mousic\.gradle\6.5\fileHashes)" [_thread_blocked, id=23392, stack(0x0000000020570000,0x0000000020670000)]
  0x000000001c199000 JavaThread "Cache worker for file hash cache (C:\Users\lesha\.gradle\caches\6.5\fileHashes)" [_thread_blocked, id=20792, stack(0x000000001f2a0000,0x000000001f3a0000)]
  0x000000001c19e800 JavaThread "File lock request listener" [_thread_in_native, id=21564, stack(0x000000001e1d0000,0x000000001e2d0000)]
  0x000000001bf02000 JavaThread "Cache worker for journal cache (C:\Users\lesha\.gradle\caches\journal-1)" [_thread_blocked, id=25900, stack(0x000000001e0d0000,0x000000001e1d0000)]
  0x000000001be82800 JavaThread "Thread-9" [_thread_blocked, id=14424, stack(0x000000001ddd0000,0x000000001ded0000)]
  0x000000001be69800 JavaThread "Stdin handler" [_thread_blocked, id=15804, stack(0x000000001dcd0000,0x000000001ddd0000)]
  0x000000001be67800 JavaThread "Asynchronous log dispatcher for DefaultDaemonConnection: socket connection from /127.0.0.1:55489 to /127.0.0.1:55490" [_thread_blocked, id=23828, stack(0x000000001dbd0000,0x000000001dcd0000)]
  0x000000001be65800 JavaThread "Daemon worker" [_thread_in_vm, id=13236, stack(0x000000001dad0000,0x000000001dbd0000)]
  0x000000001be6a000 JavaThread "Cancel handler" [_thread_blocked, id=14356, stack(0x000000001d8d0000,0x000000001d9d0000)]
  0x000000001bdb0000 JavaThread "Handler for socket connection from /127.0.0.1:55489 to /127.0.0.1:55490" [_thread_in_native, id=19524, stack(0x000000001d5d0000,0x000000001d6d0000)]
  0x000000001bdbf000 JavaThread "Daemon" [_thread_blocked, id=9520, stack(0x000000001d4d0000,0x000000001d5d0000)]
  0x000000001bdb1800 JavaThread "Daemon periodic checks" [_thread_blocked, id=19800, stack(0x000000001d3d0000,0x000000001d4d0000)]
  0x000000001bd52800 JavaThread "Incoming local TCP Connector on port 55489" [_thread_in_native, id=20164, stack(0x000000001d180000,0x000000001d280000)]
  0x000000001bcab800 JavaThread "Daemon health stats" [_thread_blocked, id=20360, stack(0x000000001cb40000,0x000000001cc40000)]
  0x000000001934d000 JavaThread "Service Thread" daemon [_thread_blocked, id=17844, stack(0x0000000019fa0000,0x000000001a0a0000)]
  0x00000000192db800 JavaThread "C1 CompilerThread3" daemon [_thread_in_native, id=28268, stack(0x0000000019ea0000,0x0000000019fa0000)]
=>0x00000000192c8000 JavaThread "C2 CompilerThread2" daemon [_thread_in_native, id=24900, stack(0x0000000019da0000,0x0000000019ea0000)]
  0x00000000192c7000 JavaThread "C2 CompilerThread1" daemon [_thread_in_native, id=3820, stack(0x0000000019ca0000,0x0000000019da0000)]
  0x00000000174ca000 JavaThread "C2 CompilerThread0" daemon [_thread_in_native, id=26448, stack(0x0000000019ba0000,0x0000000019ca0000)]
  0x00000000192c5800 JavaThread "Attach Listener" daemon [_thread_blocked, id=25240, stack(0x0000000019aa0000,0x0000000019ba0000)]
  0x00000000192c4000 JavaThread "Signal Dispatcher" daemon [_thread_blocked, id=7152, stack(0x00000000199a0000,0x0000000019aa0000)]
  0x00000000192b1800 JavaThread "Finalizer" daemon [_thread_blocked, id=26572, stack(0x0000000019790000,0x0000000019890000)]
  0x00000000192b0800 JavaThread "Reference Handler" daemon [_thread_blocked, id=18048, stack(0x0000000019690000,0x0000000019790000)]
  0x000000000230e000 JavaThread "main" [_thread_blocked, id=18988, stack(0x00000000021a0000,0x00000000022a0000)]

Other Threads:
  0x00000000174b8800 VMThread [stack: 0x0000000019190000,0x0000000019290000] [id=2220]
  0x000000001935e000 WatcherThread [stack: 0x000000001a0a0000,0x000000001a1a0000] [id=12924]

VM state:not at safepoint (normal execution)

VM Mutex/Monitor currently owned by a thread:  ([mutex/lock_event])
[0x000000000230cc30] SystemDictionary_lock - owner thread: 0x0000000000000000

heap address: 0x0000000080000000, size: 2048 MB, Compressed Oops mode: 32-bit
Narrow klass base: 0x0000000000000000, Narrow klass shift: 3
Compressed class space size: 1073741824 Address: 0x0000000100000000

Heap:
 PSYoungGen      total 148480K, used 33785K [0x00000000d5580000, 0x00000000e3080000, 0x0000000100000000)
  eden space 126464K, 26% used [0x00000000d5580000,0x00000000d767e710,0x00000000dd100000)
  from space 22016K, 0% used [0x00000000dd100000,0x00000000dd100000,0x00000000de680000)
  to   space 22528K, 0% used [0x00000000e1a80000,0x00000000e1a80000,0x00000000e3080000)
 ParOldGen       total 311808K, used 29746K [0x0000000080000000, 0x0000000093080000, 0x00000000d5580000)
  object space 311808K, 9% used [0x0000000080000000,0x0000000081d0c870,0x0000000093080000)
 Metaspace       used 58507K, capacity 60800K, committed 60952K, reserved 1101824K
  class space    used 7993K, capacity 8471K, committed 8496K, reserved 1048576K

Card table byte_map: [0x0000000011810000,0x0000000011c20000] byte_map_base: 0x0000000011410000

Marking Bits: (ParMarkBitMap*) 0x000000005a19f030
 Begin Bits: [0x00000000126d0000, 0x00000000146d0000)
 End Bits:   [0x00000000146d0000, 0x00000000166d0000)

Polling page: 0x00000000022a0000

CodeCache: size=245760Kb used=16303Kb max_used=17064Kb free=229456Kb
 bounds [0x0000000002450000, 0x0000000003510000, 0x0000000011450000]
 total_blobs=5624 nmethods=4846 adapters=687
 compilation: enabled

Compilation events (10 events):
Event: 16.712 Thread 0x00000000192db800 nmethod 5474 0x0000000002dd0510 code [0x0000000002dd06c0, 0x0000000002dd0e58]
Event: 16.714 Thread 0x00000000192db800 5475       3       org.gradle.internal.reflect.annotations.impl.DefaultTypeAnnotationMetadataStore$$Lambda$355/419235545::apply (8 bytes)
Event: 16.715 Thread 0x00000000192db800 nmethod 5475 0x000000000283c050 code [0x000000000283c1c0, 0x000000000283c530]
Event: 16.715 Thread 0x00000000192db800 5476       3       org.gradle.internal.reflect.annotations.impl.DefaultTypeAnnotationMetadataStore::lambda$convertMethodToPropertyBuilders$4 (8 bytes)
Event: 16.715 Thread 0x00000000192db800 nmethod 5476 0x0000000002aa29d0 code [0x0000000002aa2b20, 0x0000000002aa2d10]
Event: 16.715 Thread 0x00000000192db800 5478       3       com.google.common.collect.ImmutableMap::of (4 bytes)
Event: 16.715 Thread 0x00000000192db800 nmethod 5478 0x00000000031b1910 code [0x00000000031b1a60, 0x00000000031b1b90]
Event: 16.715 Thread 0x00000000192db800 5477       3       com.google.common.collect.ArrayListMultimap::get (6 bytes)
Event: 16.716 Thread 0x00000000192db800 nmethod 5477 0x0000000002af5b90 code [0x0000000002af5d60, 0x0000000002af6708]
Event: 16.728 Thread 0x00000000192db800 5479       3       sun.misc.ProxyGenerator$ProxyMethod::generateMethod (733 bytes)

GC Heap History (10 events):
Event: 9.984 GC heap before
{Heap before GC invocations=8 (full 2):
 PSYoungGen      total 95744K, used 82432K [0x00000000d5580000, 0x00000000de600000, 0x0000000100000000)
  eden space 82432K, 100% used [0x00000000d5580000,0x00000000da600000,0x00000000da600000)
  from space 13312K, 0% used [0x00000000da600000,0x00000000da600000,0x00000000db300000)
  to   space 12800K, 0% used [0x00000000dd980000,0x00000000dd980000,0x00000000de600000)
 ParOldGen       total 238592K, used 17210K [0x0000000080000000, 0x000000008e900000, 0x00000000d5580000)
  object space 238592K, 7% used [0x0000000080000000,0x00000000810cea58,0x000000008e900000)
 Metaspace       used 36750K, capacity 38312K, committed 38440K, reserved 1083392K
  class space    used 5059K, capacity 5353K, committed 5424K, reserved 1048576K
Event: 9.995 GC heap after
Heap after GC invocations=8 (full 2):
 PSYoungGen      total 110592K, used 6235K [0x00000000d5580000, 0x00000000de000000, 0x0000000100000000)
  eden space 103936K, 0% used [0x00000000d5580000,0x00000000d5580000,0x00000000dbb00000)
  from space 6656K, 93% used [0x00000000dd980000,0x00000000ddf96f60,0x00000000de000000)
  to   space 13312K, 0% used [0x00000000dc600000,0x00000000dc600000,0x00000000dd300000)
 ParOldGen       total 238592K, used 17218K [0x0000000080000000, 0x000000008e900000, 0x00000000d5580000)
  object space 238592K, 7% used [0x0000000080000000,0x00000000810d0a58,0x000000008e900000)
 Metaspace       used 36750K, capacity 38312K, committed 38440K, reserved 1083392K
  class space    used 5059K, capacity 5353K, committed 5424K, reserved 1048576K
}
Event: 12.312 GC heap before
{Heap before GC invocations=9 (full 2):
 PSYoungGen      total 110592K, used 110171K [0x00000000d5580000, 0x00000000de000000, 0x0000000100000000)
  eden space 103936K, 100% used [0x00000000d5580000,0x00000000dbb00000,0x00000000dbb00000)
  from space 6656K, 93% used [0x00000000dd980000,0x00000000ddf96f60,0x00000000de000000)
  to   space 13312K, 0% used [0x00000000dc600000,0x00000000dc600000,0x00000000dd300000)
 ParOldGen       total 238592K, used 17218K [0x0000000080000000, 0x000000008e900000, 0x00000000d5580000)
  object space 238592K, 7% used [0x0000000080000000,0x00000000810d0a58,0x000000008e900000)
 Metaspace       used 46756K, capacity 48642K, committed 48936K, reserved 1091584K
  class space    used 6323K, capacity 6671K, committed 6704K, reserved 1048576K
Event: 12.337 GC heap after
Heap after GC invocations=9 (full 2):
 PSYoungGen      total 128512K, used 13281K [0x00000000d5580000, 0x00000000df680000, 0x0000000100000000)
  eden space 115200K, 0% used [0x00000000d5580000,0x00000000d5580000,0x00000000dc600000)
  from space 13312K, 99% used [0x00000000dc600000,0x00000000dd2f85f0,0x00000000dd300000)
  to   space 16384K, 0% used [0x00000000de680000,0x00000000de680000,0x00000000df680000)
 ParOldGen       total 238592K, used 20402K [0x0000000080000000, 0x000000008e900000, 0x00000000d5580000)
  object space 238592K, 8% used [0x0000000080000000,0x00000000813ecb10,0x000000008e900000)
 Metaspace       used 46756K, capacity 48642K, committed 48936K, reserved 1091584K
  class space    used 6323K, capacity 6671K, committed 6704K, reserved 1048576K
}
Event: 15.321 GC heap before
{Heap before GC invocations=10 (full 2):
 PSYoungGen      total 128512K, used 128481K [0x00000000d5580000, 0x00000000df680000, 0x0000000100000000)
  eden space 115200K, 100% used [0x00000000d5580000,0x00000000dc600000,0x00000000dc600000)
  from space 13312K, 99% used [0x00000000dc600000,0x00000000dd2f85f0,0x00000000dd300000)
  to   space 16384K, 0% used [0x00000000de680000,0x00000000de680000,0x00000000df680000)
 ParOldGen       total 238592K, used 20402K [0x0000000080000000, 0x000000008e900000, 0x00000000d5580000)
  object space 238592K, 8% used [0x0000000080000000,0x00000000813ecb10,0x000000008e900000)
 Metaspace       used 56537K, capacity 58804K, committed 58920K, reserved 1099776K
  class space    used 7668K, capacity 8133K, committed 8240K, reserved 1048576K
Event: 15.355 GC heap after
Heap after GC invocations=10 (full 2):
 PSYoungGen      total 142848K, used 16383K [0x00000000d5580000, 0x00000000e1080000, 0x0000000100000000)
  eden space 126464K, 0% used [0x00000000d5580000,0x00000000d5580000,0x00000000dd100000)
  from space 16384K, 99% used [0x00000000de680000,0x00000000df67ff48,0x00000000df680000)
  to   space 22016K, 0% used [0x00000000dd100000,0x00000000dd100000,0x00000000de680000)
 ParOldGen       total 238592K, used 28305K [0x0000000080000000, 0x000000008e900000, 0x00000000d5580000)
  object space 238592K, 11% used [0x0000000080000000,0x0000000081ba4440,0x000000008e900000)
 Metaspace       used 56537K, capacity 58804K, committed 58920K, reserved 1099776K
  class space    used 7668K, capacity 8133K, committed 8240K, reserved 1048576K
}
Event: 15.428 GC heap before
{Heap before GC invocations=11 (full 2):
 PSYoungGen      total 142848K, used 18817K [0x00000000d5580000, 0x00000000e1080000, 0x0000000100000000)
  eden space 126464K, 1% used [0x00000000d5580000,0x00000000d57e0738,0x00000000dd100000)
  from space 16384K, 99% used [0x00000000de680000,0x00000000df67ff48,0x00000000df680000)
  to   space 22016K, 0% used [0x00000000dd100000,0x00000000dd100000,0x00000000de680000)
 ParOldGen       total 238592K, used 28305K [0x0000000080000000, 0x000000008e900000, 0x00000000d5580000)
  object space 238592K, 11% used [0x0000000080000000,0x0000000081ba4440,0x000000008e900000)
 Metaspace       used 56721K, capacity 59034K, committed 59160K, reserved 1099776K
  class space    used 7696K, capacity 8166K, committed 8240K, reserved 1048576K
Event: 15.446 GC heap after
Heap after GC invocations=11 (full 2):
 PSYoungGen      total 148480K, used 16785K [0x00000000d5580000, 0x00000000e3080000, 0x0000000100000000)
  eden space 126464K, 0% used [0x00000000d5580000,0x00000000d5580000,0x00000000dd100000)
  from space 22016K, 76% used [0x00000000dd100000,0x00000000de164450,0x00000000de680000)
  to   space 22528K, 0% used [0x00000000e1a80000,0x00000000e1a80000,0x00000000e3080000)
 ParOldGen       total 238592K, used 28313K [0x0000000080000000, 0x000000008e900000, 0x00000000d5580000)
  object space 238592K, 11% used [0x0000000080000000,0x0000000081ba6440,0x000000008e900000)
 Metaspace       used 56721K, capacity 59034K, committed 59160K, reserved 1099776K
  class space    used 7696K, capacity 8166K, committed 8240K, reserved 1048576K
}
Event: 15.446 GC heap before
{Heap before GC invocations=12 (full 3):
 PSYoungGen      total 148480K, used 16785K [0x00000000d5580000, 0x00000000e3080000, 0x0000000100000000)
  eden space 126464K, 0% used [0x00000000d5580000,0x00000000d5580000,0x00000000dd100000)
  from space 22016K, 76% used [0x00000000dd100000,0x00000000de164450,0x00000000de680000)
  to   space 22528K, 0% used [0x00000000e1a80000,0x00000000e1a80000,0x00000000e3080000)
 ParOldGen       total 238592K, used 28313K [0x0000000080000000, 0x000000008e900000, 0x00000000d5580000)
  object space 238592K, 11% used [0x0000000080000000,0x0000000081ba6440,0x000000008e900000)
 Metaspace       used 56721K, capacity 59034K, committed 59160K, reserved 1099776K
  class space    used 7696K, capacity 8166K, committed 8240K, reserved 1048576K
Event: 15.958 GC heap after
Heap after GC invocations=12 (full 3):
 PSYoungGen      total 148480K, used 0K [0x00000000d5580000, 0x00000000e3080000, 0x0000000100000000)
  eden space 126464K, 0% used [0x00000000d5580000,0x00000000d5580000,0x00000000dd100000)
  from space 22016K, 0% used [0x00000000dd100000,0x00000000dd100000,0x00000000de680000)
  to   space 22528K, 0% used [0x00000000e1a80000,0x00000000e1a80000,0x00000000e3080000)
 ParOldGen       total 311808K, used 29746K [0x0000000080000000, 0x0000000093080000, 0x00000000d5580000)
  object space 311808K, 9% used [0x0000000080000000,0x0000000081d0c870,0x0000000093080000)
 Metaspace       used 56680K, capacity 58896K, committed 59160K, reserved 1099776K
  class space    used 7684K, capacity 8143K, committed 8240K, reserved 1048576K
}

Deoptimization events (10 events):
Event: 16.101 Thread 0x000000001be65800 Uncommon trap: reason=unstable_if action=reinterpret pc=0x000000000276c6bc method=java.util.HashMap.resize()[Ljava/util/HashMap$Node; @ 206
Event: 16.102 Thread 0x000000001be65800 Uncommon trap: reason=unstable_if action=reinterpret pc=0x00000000032033b4 method=java.util.HashMap.getNode(ILjava/lang/Object;)Ljava/util/HashMap$Node; @ 84
Event: 16.102 Thread 0x000000001be65800 Uncommon trap: reason=unstable_if action=reinterpret pc=0x0000000003429030 method=java.util.HashMap.getNode(ILjava/lang/Object;)Ljava/util/HashMap$Node; @ 84
Event: 16.102 Thread 0x000000001be65800 Uncommon trap: reason=unstable_if action=reinterpret pc=0x0000000003418ca4 method=java.util.HashMap.getNode(ILjava/lang/Object;)Ljava/util/HashMap$Node; @ 84
Event: 16.141 Thread 0x000000001be65800 Uncommon trap: reason=unstable_if action=reinterpret pc=0x0000000002f0dfc0 method=java.io.WinNTFileSystem.normalize(Ljava/lang/String;)Ljava/lang/String; @ 74
Event: 16.141 Thread 0x000000001be65800 Uncommon trap: reason=unstable_if action=reinterpret pc=0x0000000002a24f70 method=java.io.WinNTFileSystem.normalize(Ljava/lang/String;II)Ljava/lang/String; @ 103
Event: 16.497 Thread 0x000000001be65800 Uncommon trap: reason=unstable_if action=reinterpret pc=0x000000000293ec34 method=java.lang.String.regionMatches(ZILjava/lang/String;II)Z @ 58
Event: 16.572 Thread 0x000000001be65800 Uncommon trap: reason=unstable_if action=reinterpret pc=0x000000000321711c method=sun.nio.fs.WindowsPathParser.isSlash(C)Z @ 9
Event: 16.572 Thread 0x000000001be65800 Uncommon trap: reason=unstable_if action=reinterpret pc=0x00000000027d34f8 method=sun.nio.fs.WindowsPathParser.isSlash(C)Z @ 9
Event: 16.595 Thread 0x000000001be65800 Uncommon trap: reason=unstable_if action=reinterpret pc=0x000000000262f2a4 method=java.util.TreeMap.put(Ljava/lang/Object;Ljava/lang/Object;)Ljava/lang/Object; @ 163

Classes redefined (0 events):
No events

Internal exceptions (10 events):
Event: 16.006 Thread 0x000000001be65800 Exception <a 'java/lang/ClassNotFoundException': com/android/build/gradle/internal/api/ApkVariantOutputImpl_DecoratedCustomizer> (0x00000000d58eaae0) thrown at [C:\src\AOSP-openjdk-git\hotspot\src\share\vm\classfile\systemDictionary.cpp, line 210]
Event: 16.387 Thread 0x000000001be65800 Exception <a 'java/lang/ClassNotFoundException': org/gradle/api/internal/file/collections/DefaultConfigurableFileTreeBeanInfo> (0x00000000d68f7c50) thrown at [C:\src\AOSP-openjdk-git\hotspot\src\share\vm\classfile\systemDictionary.cpp, line 210]
Event: 16.388 Thread 0x000000001be65800 Exception <a 'java/lang/ClassNotFoundException': org/gradle/api/internal/file/CompositeFileTreeBeanInfo> (0x00000000d6911e98) thrown at [C:\src\AOSP-openjdk-git\hotspot\src\share\vm\classfile\systemDictionary.cpp, line 210]
Event: 16.389 Thread 0x000000001be65800 Exception <a 'java/lang/ClassNotFoundException': org/gradle/api/internal/file/CompositeFileCollectionBeanInfo> (0x00000000d692df30) thrown at [C:\src\AOSP-openjdk-git\hotspot\src\share\vm\classfile\systemDictionary.cpp, line 210]
Event: 16.389 Thread 0x000000001be65800 Exception <a 'java/lang/ClassNotFoundException': org/gradle/api/internal/file/AbstractFileCollectionBeanInfo> (0x00000000d6949f38) thrown at [C:\src\AOSP-openjdk-git\hotspot\src\share\vm\classfile\systemDictionary.cpp, line 210]
Event: 16.390 Thread 0x000000001be65800 Exception <a 'java/lang/ClassNotFoundException': org/gradle/api/internal/file/AbstractFileCollectionCustomizer> (0x00000000d69665c0) thrown at [C:\src\AOSP-openjdk-git\hotspot\src\share\vm\classfile\systemDictionary.cpp, line 210]
Event: 16.392 Thread 0x000000001be65800 Exception <a 'java/lang/ClassNotFoundException': org/gradle/api/internal/file/CompositeFileCollectionCustomizer> (0x00000000d6994060) thrown at [C:\src\AOSP-openjdk-git\hotspot\src\share\vm\classfile\systemDictionary.cpp, line 210]
Event: 16.393 Thread 0x000000001be65800 Exception <a 'java/lang/ClassNotFoundException': org/gradle/api/internal/file/CompositeFileTreeCustomizer> (0x00000000d69bafd8) thrown at [C:\src\AOSP-openjdk-git\hotspot\src\share\vm\classfile\systemDictionary.cpp, line 210]
Event: 16.394 Thread 0x000000001be65800 Exception <a 'java/lang/ClassNotFoundException': org/gradle/api/internal/file/collections/DefaultConfigurableFileTreeCustomizer> (0x00000000d69e88b8) thrown at [C:\src\AOSP-openjdk-git\hotspot\src\share\vm\classfile\systemDictionary.cpp, line 210]
Event: 16.675 Thread 0x000000001be65800 Exception <a 'java/lang/NoSuchMethodError': java.lang.Object.lambda$static$0(Lorg/gradle/api/internal/tasks/TaskDependencyResolveContext;)V> (0x00000000d727ac20) thrown at [C:\src\AOSP-openjdk-git\hotspot\src\share\vm\interpreter\linkResolver.cpp, line 62

Events (10 events):
Event: 16.730 loading class org/gradle/process/internal/health/memory/MBeanAttributeProvider done
Event: 16.731 loading class org/gradle/process/internal/health/memory/OsMemoryStatusSnapshot
Event: 16.731 loading class org/gradle/process/internal/health/memory/OsMemoryStatusSnapshot done
Event: 16.732 loading class org/gradle/process/internal/health/memory/DefaultMemoryManager$OsMemoryListener
Event: 16.732 loading class org/gradle/process/internal/health/memory/DefaultMemoryManager$OsMemoryListener done
Event: 16.736 loading class org/gradle/process/internal/health/memory/DefaultMemoryManager$MemoryCheck
Event: 16.736 loading class org/gradle/process/internal/health/memory/DefaultMemoryManager$MemoryCheck done
Event: 16.737 Thread 0x000000001b2ef800 Thread added: 0x000000001b2ef800
Event: 16.738 loading class org/gradle/process/internal/worker/DefaultWorkerProcessFactory
Event: 16.738 loading class org/gradle/process/internal/worker/DefaultWorkerProcessFactory done


Dynamic libraries:
0x00007ff75bcc0000 - 0x00007ff75bcf1000 	D:\Android\Android Studio\jre\bin\java.exe
0x00007ffc4d8b0000 - 0x00007ffc4daa5000 	C:\WINDOWS\SYSTEM32\ntdll.dll
0x00007ffc4c6d0000 - 0x00007ffc4c78d000 	C:\WINDOWS\System32\KERNEL32.DLL
0x00007ffc4b610000 - 0x00007ffc4b8d8000 	C:\WINDOWS\System32\KERNELBASE.dll
0x00007ffc4ced0000 - 0x00007ffc4cf7c000 	C:\WINDOWS\System32\ADVAPI32.dll
0x00007ffc4c0c0000 - 0x00007ffc4c15e000 	C:\WINDOWS\System32\msvcrt.dll
0x00007ffc4b9a0000 - 0x00007ffc4ba3b000 	C:\WINDOWS\System32\sechost.dll
0x00007ffc4bf30000 - 0x00007ffc4c05b000 	C:\WINDOWS\System32\RPCRT4.dll
0x00007ffc4cc60000 - 0x00007ffc4ce00000 	C:\WINDOWS\System32\USER32.dll
0x00007ffc4b260000 - 0x00007ffc4b282000 	C:\WINDOWS\System32\win32u.dll
0x00007ffc4b910000 - 0x00007ffc4b93a000 	C:\WINDOWS\System32\GDI32.dll
0x00007ffc4aff0000 - 0x00007ffc4b0fb000 	C:\WINDOWS\System32\gdi32full.dll
0x00007ffc4b2e0000 - 0x00007ffc4b37d000 	C:\WINDOWS\System32\msvcp_win.dll
0x00007ffc4b400000 - 0x00007ffc4b500000 	C:\WINDOWS\System32\ucrtbase.dll
0x00007ffc1e5f0000 - 0x00007ffc1e88a000 	C:\WINDOWS\WinSxS\amd64_microsoft.windows.common-controls_6595b64144ccf1df_6.0.19041.844_none_ca00b6081b84eb1d\COMCTL32.dll
0x00007ffc4c470000 - 0x00007ffc4c4a0000 	C:\WINDOWS\System32\IMM32.DLL
0x00000000598f0000 - 0x00000000599c2000 	D:\Android\Android Studio\jre\jre\bin\msvcr100.dll
0x00000000599d0000 - 0x000000005a21b000 	D:\Android\Android Studio\jre\jre\bin\server\jvm.dll
0x00007ffc4c460000 - 0x00007ffc4c468000 	C:\WINDOWS\System32\PSAPI.DLL
0x00007ffc45e60000 - 0x00007ffc45e69000 	C:\WINDOWS\SYSTEM32\WSOCK32.dll
0x00007ffc3bcc0000 - 0x00007ffc3bcca000 	C:\WINDOWS\SYSTEM32\VERSION.dll
0x00007ffc31c40000 - 0x00007ffc31c67000 	C:\WINDOWS\SYSTEM32\WINMM.dll
0x00007ffc4d000000 - 0x00007ffc4d06b000 	C:\WINDOWS\System32\WS2_32.dll
0x00007ffc45810000 - 0x00007ffc4581f000 	D:\Android\Android Studio\jre\jre\bin\verify.dll
0x00007ffc457e0000 - 0x00007ffc45809000 	D:\Android\Android Studio\jre\jre\bin\java.dll
0x00007ffc457c0000 - 0x00007ffc457d6000 	D:\Android\Android Studio\jre\jre\bin\zip.dll
0x00007ffc4d120000 - 0x00007ffc4d862000 	C:\WINDOWS\System32\SHELL32.dll
0x00007ffc48e40000 - 0x00007ffc495d1000 	C:\WINDOWS\SYSTEM32\windows.storage.dll
0x00007ffc4bbd0000 - 0x00007ffc4bf25000 	C:\WINDOWS\System32\combase.dll
0x00007ffc4aa60000 - 0x00007ffc4aa8c000 	C:\WINDOWS\SYSTEM32\Wldp.dll
0x00007ffc4c3b0000 - 0x00007ffc4c45e000 	C:\WINDOWS\System32\SHCORE.dll
0x00007ffc4b940000 - 0x00007ffc4b995000 	C:\WINDOWS\System32\shlwapi.dll
0x00007ffc4af30000 - 0x00007ffc4af4f000 	C:\WINDOWS\SYSTEM32\profapi.dll
0x00007ffc451f0000 - 0x00007ffc4520a000 	D:\Android\Android Studio\jre\jre\bin\net.dll
0x00007ffc4a7d0000 - 0x00007ffc4a83a000 	C:\WINDOWS\system32\mswsock.dll
0x00007ffc44360000 - 0x00007ffc44373000 	D:\Android\Android Studio\jre\jre\bin\nio.dll
0x00007ffc191d0000 - 0x00007ffc191f7000 	C:\Users\lesha\.gradle\native\f6784746aeab05261644944871eae4fe03e0ef1612fff0a4a95f87b438bc6780\windows-amd64\native-platform.dll
0x00007ffc44350000 - 0x00007ffc4435d000 	D:\Android\Android Studio\jre\jre\bin\management.dll
0x00007ffc4a9b0000 - 0x00007ffc4a9c8000 	C:\WINDOWS\SYSTEM32\CRYPTSP.dll
0x00007ffc4a100000 - 0x00007ffc4a134000 	C:\WINDOWS\system32\rsaenh.dll
0x00007ffc4b8e0000 - 0x00007ffc4b907000 	C:\WINDOWS\System32\bcrypt.dll
0x00007ffc4aef0000 - 0x00007ffc4af1e000 	C:\WINDOWS\SYSTEM32\USERENV.dll
0x00007ffc4b380000 - 0x00007ffc4b400000 	C:\WINDOWS\System32\bcryptprimitives.dll
0x00007ffc4a9a0000 - 0x00007ffc4a9ac000 	C:\WINDOWS\SYSTEM32\CRYPTBASE.dll
0x00007ffc4a470000 - 0x00007ffc4a4ab000 	C:\WINDOWS\SYSTEM32\IPHLPAPI.DLL
0x00007ffc4bbc0000 - 0x00007ffc4bbc8000 	C:\WINDOWS\System32\NSI.dll
0x00007ffc3ba90000 - 0x00007ffc3baa7000 	C:\WINDOWS\SYSTEM32\dhcpcsvc6.DLL
0x00007ffc3ba70000 - 0x00007ffc3ba8d000 	C:\WINDOWS\SYSTEM32\dhcpcsvc.DLL
0x00007ffc4a4b0000 - 0x00007ffc4a57c000 	C:\WINDOWS\SYSTEM32\DNSAPI.dll
0x00007ffc3bcd0000 - 0x00007ffc3bcdb000 	C:\WINDOWS\SYSTEM32\WINNSI.DLL

VM Arguments:
jvm_args: -Xmx2048m -Dfile.encoding=UTF-8 -Duser.country=RU -Duser.language=ru -Duser.variant 
java_command: org.gradle.launcher.daemon.bootstrap.GradleDaemon 6.5
java_class_path (initial): C:\Users\lesha\.gradle\wrapper\dists\gradle-6.5-all\2oz4ud9k3tuxjg84bbf55q0tn\gradle-6.5\lib\gradle-launcher-6.5.jar
Launcher Type: SUN_STANDARD

Environment Variables:
PATH=C:\WINDOWS\system32;C:\WINDOWS;C:\WINDOWS\System32\Wbem;C:\WINDOWS\System32\WindowsPowerShell\v1.0\;C:\WINDOWS\System32\OpenSSH\;C:\Program Files\dotnet\;C:\Program Files\Microsoft SQL Server\130\Tools\Binn\;C:\Program Files\Git\cmd;C:\Program Files (x86)\Microsoft SQL Server\130\Tools\Binn\;C:\Program Files\Microsoft SQL Server\Client SDK\ODBC\130\Tools\Binn\;C:\Program Files\Microsoft SQL Server\130\DTS\Binn\;C:\Program Files\nodejs\;C:\Program Files\Common Files\Autodesk Shared\;C:\Program Files (x86)\PDFtk Server\bin\;C:\Program Files (x86)\PDFtk\bin\;C:\Program Files (x86)\PuTTY\;C:\Program Files\Microsoft SQL Server\Client SDK\ODBC\170\Tools\Binn\;C:\Users\lesha\AppData\Local\Microsoft\WindowsApps;C:\Users\lesha\AppData\Roaming\npm;C:\Users\lesha\.dotnet\tools;C:\Users\lesha\.dotnet\tools;C:\Program Files\JetBrains\WebStorm 203.5419.24\bin;C:\Users\lesha\AppData\Local\Microsoft\WindowsApps
USERNAME=lesha
OS=Windows_NT
PROCESSOR_IDENTIFIER=Intel64 Family 6 Model 142 Stepping 10, GenuineIntel



---------------  S Y S T E M  ---------------

OS: Windows 10.0 , 64 bit Build 19041 (10.0.19041.928)

CPU:total 8 (initial active 8) (4 cores per cpu, 2 threads per core) family 6 model 142 stepping 10, cmov, cx8, fxsr, mmx, sse, sse2, sse3, ssse3, sse4.1, sse4.2, popcnt, avx, avx2, aes, clmul, erms, 3dnowpref, lzcnt, ht, tsc, tscinvbit, bmi1, bmi2, adx

Memory: 4k page, physical 20878476k(6579884k free), swap 24974476k(6904k free)

vm_info: OpenJDK 64-Bit Server VM (25.242-b01) for windows-amd64 JRE (1.8.0_242-release-1644-b01), built by "builder" with MS VC++ 10.0 (VS2010)

time: Mon May 31 03:38:19 2021
timezone: RTZ 2 (зима)
elapsed time: 16 seconds (0d 0h 0m 16s)

