#
# There is insufficient memory for the Java Runtime Environment to continue.
# Native memory allocation (malloc) failed to allocate 32744 bytes for ChunkPool::allocate
# Possible reasons:
#   The system is out of physical RAM or swap space
#   The process is running with CompressedOops enabled, and the Java Heap may be blocking the growth of the native heap
# Possible solutions:
#   Reduce memory load on the system
#   Increase physical memory or swap space
#   Check if swap backing store is full
#   Decrease Java heap size (-Xmx/-Xms)
#   Decrease number of Java threads
#   Decrease Java thread stack sizes (-Xss)
#   Set larger code cache with -XX:ReservedCodeCacheSize=
#   JVM is running with Unscaled Compressed Oops mode in which the Java heap is
#     placed in the first 4GB address space. The Java Heap base address is the
#     maximum limit for the native heap growth. Please use -XX:HeapBaseMinAddress
#     to set the Java Heap base and to place the Java Heap above 4GB virtual address.
# This output file may be truncated or incomplete.
#
#  Out of Memory Error (allocation.cpp:272), pid=12880, tid=0x0000000000005b10
#
# JRE version: OpenJDK Runtime Environment (8.0_242-b01) (build 1.8.0_242-release-1644-b01)
# Java VM: OpenJDK 64-Bit Server VM (25.242-b01 mixed mode windows-amd64 compressed oops)
# Failed to write core dump. Minidumps are not enabled by default on client versions of Windows
#

---------------  T H R E A D  ---------------

Current thread (0x0000000017bd9000):  JavaThread "C2 CompilerThread0" daemon [_thread_in_native, id=23312, stack(0x000000001a2c0000,0x000000001a3c0000)]

Stack: [0x000000001a2c0000,0x000000001a3c0000]
[error occurred during error reporting (printing stack bounds), id 0xc0000005]

Native frames: (J=compiled Java code, j=interpreted, Vv=VM code, C=native code)


Current CompileTask:
C2:  23702 8109       4       com.sun.org.apache.xerces.internal.impl.XMLNSDocumentScannerImpl::scanStartElement (1026 bytes)


---------------  P R O C E S S  ---------------

Java Threads: ( => current thread )
  0x000000001b492000 JavaThread "Cache worker for execution history cache (D:\Android\AndroidStudioProjects\mousic\.gradle\6.5\executionHistory)" [_thread_blocked, id=26380, stack(0x000000002f030000,0x000000002f130000)]
  0x000000001b496800 JavaThread "Execution worker for ':' Thread 7" [_thread_in_native, id=19760, stack(0x000000002ef30000,0x000000002f030000)]
  0x000000001b496000 JavaThread "Execution worker for ':' Thread 6" [_thread_blocked, id=16156, stack(0x000000002ee30000,0x000000002ef30000)]
  0x000000001b491000 JavaThread "Execution worker for ':' Thread 5" [_thread_blocked, id=27584, stack(0x000000002ed30000,0x000000002ee30000)]
  0x000000001b495000 JavaThread "Execution worker for ':' Thread 4" [_thread_blocked, id=25800, stack(0x000000002ec30000,0x000000002ed30000)]
  0x000000001b489000 JavaThread "Execution worker for ':' Thread 3" [_thread_blocked, id=25368, stack(0x000000002eb30000,0x000000002ec30000)]
  0x000000001b48f000 JavaThread "Execution worker for ':' Thread 2" [_thread_blocked, id=21616, stack(0x000000002ea30000,0x000000002eb30000)]
  0x000000001b48f800 JavaThread "Execution worker for ':'" [_thread_blocked, id=28536, stack(0x000000002e930000,0x000000002ea30000)]
  0x000000001b48c000 JavaThread "Cache worker for file content cache (D:\Android\AndroidStudioProjects\mousic\.gradle\6.5\fileContent)" [_thread_blocked, id=17948, stack(0x0000000029310000,0x0000000029410000)]
  0x000000001b48e000 JavaThread "Memory manager" [_thread_blocked, id=7488, stack(0x0000000024fe0000,0x00000000250e0000)]
  0x000000001b48a800 JavaThread "Cache worker for Build Output Cleanup Cache (D:\Android\AndroidStudioProjects\mousic\.gradle\buildOutputCleanup)" [_thread_blocked, id=11540, stack(0x0000000024ee0000,0x0000000024fe0000)]
  0x000000001b489800 JavaThread "jar transforms Thread 113" [_thread_blocked, id=20124, stack(0x000000002b090000,0x000000002b190000)]
  0x000000001bc75000 JavaThread "jar transforms Thread 112" [_thread_blocked, id=22544, stack(0x000000002af90000,0x000000002b090000)]
  0x000000001bc79800 JavaThread "jar transforms Thread 111" [_thread_blocked, id=2684, stack(0x000000002ae90000,0x000000002af90000)]
  0x000000001bc74000 JavaThread "jar transforms Thread 110" [_thread_blocked, id=25440, stack(0x000000002ad90000,0x000000002ae90000)]
  0x000000001bc7a000 JavaThread "jar transforms Thread 109" [_thread_blocked, id=16224, stack(0x000000002ab90000,0x000000002ac90000)]
  0x000000001bc78800 JavaThread "jar transforms Thread 108" [_thread_blocked, id=20408, stack(0x000000002aa90000,0x000000002ab90000)]
  0x000000001bc76800 JavaThread "jar transforms Thread 107" [_thread_blocked, id=24784, stack(0x000000002a990000,0x000000002aa90000)]
  0x000000001bc75800 JavaThread "jar transforms Thread 106" [_thread_blocked, id=3164, stack(0x000000002a890000,0x000000002a990000)]
  0x000000001bc77000 JavaThread "jar transforms Thread 105" [_thread_blocked, id=25856, stack(0x000000002a790000,0x000000002a890000)]
  0x000000001bc78000 JavaThread "jar transforms Thread 104" [_thread_blocked, id=24092, stack(0x000000002a690000,0x000000002a790000)]
  0x000000001bc73800 JavaThread "jar transforms Thread 103" [_thread_blocked, id=10332, stack(0x000000002a590000,0x000000002a690000)]
  0x000000001bc6c000 JavaThread "jar transforms Thread 102" [_thread_blocked, id=8432, stack(0x000000002a490000,0x000000002a590000)]
  0x000000001bc72800 JavaThread "jar transforms Thread 101" [_thread_blocked, id=8152, stack(0x000000002a390000,0x000000002a490000)]
  0x000000001bc72000 JavaThread "jar transforms Thread 100" [_thread_blocked, id=17840, stack(0x000000002a290000,0x000000002a390000)]
  0x000000001bc6b000 JavaThread "jar transforms Thread 99" [_thread_blocked, id=15520, stack(0x000000002a190000,0x000000002a290000)]
  0x000000001bc70800 JavaThread "jar transforms Thread 98" [_thread_blocked, id=13224, stack(0x000000002a090000,0x000000002a190000)]
  0x000000001bc6f800 JavaThread "jar transforms Thread 97" [_thread_blocked, id=2236, stack(0x0000000029f90000,0x000000002a090000)]
  0x000000001bc71000 JavaThread "jar transforms Thread 96" [_thread_blocked, id=27540, stack(0x0000000029e90000,0x0000000029f90000)]
  0x000000001bc6f000 JavaThread "jar transforms Thread 95" [_thread_blocked, id=15564, stack(0x0000000029d90000,0x0000000029e90000)]
  0x000000001bc6d800 JavaThread "jar transforms Thread 94" [_thread_blocked, id=28500, stack(0x0000000029c90000,0x0000000029d90000)]
  0x000000001bc6e000 JavaThread "jar transforms Thread 93" [_thread_blocked, id=26056, stack(0x0000000029b90000,0x0000000029c90000)]
  0x000000001bc6c800 JavaThread "jar transforms Thread 92" [_thread_blocked, id=10000, stack(0x0000000029a90000,0x0000000029b90000)]
  0x000000001cf5f000 JavaThread "jar transforms Thread 91" [_thread_blocked, id=25208, stack(0x0000000029990000,0x0000000029a90000)]
  0x000000001cf5e800 JavaThread "jar transforms Thread 90" [_thread_blocked, id=28320, stack(0x0000000029890000,0x0000000029990000)]
  0x000000001cf5d800 JavaThread "jar transforms Thread 89" [_thread_blocked, id=21228, stack(0x0000000029790000,0x0000000029890000)]
  0x000000001cf5d000 JavaThread "jar transforms Thread 88" [_thread_blocked, id=26028, stack(0x0000000029690000,0x0000000029790000)]
  0x000000001cf60800 JavaThread "jar transforms Thread 87" [_thread_blocked, id=18672, stack(0x0000000029590000,0x0000000029690000)]
  0x000000001cf60000 JavaThread "jar transforms Thread 86" [_thread_blocked, id=17624, stack(0x0000000029490000,0x0000000029590000)]
  0x000000001cf61800 JavaThread "jar transforms Thread 85" [_thread_blocked, id=15944, stack(0x00000000250f0000,0x00000000251f0000)]
  0x000000001cf5c000 JavaThread "jar transforms Thread 84" [_thread_blocked, id=14404, stack(0x0000000029210000,0x0000000029310000)]
  0x000000001cf54800 JavaThread "jar transforms Thread 83" [_thread_blocked, id=28140, stack(0x0000000029110000,0x0000000029210000)]
  0x000000001cf5b800 JavaThread "jar transforms Thread 82" [_thread_blocked, id=21240, stack(0x0000000029010000,0x0000000029110000)]
  0x000000001cf54000 JavaThread "jar transforms Thread 81" [_thread_blocked, id=23592, stack(0x0000000028f10000,0x0000000029010000)]
  0x000000001cf5a800 JavaThread "jar transforms Thread 80" [_thread_blocked, id=27848, stack(0x0000000028e10000,0x0000000028f10000)]
  0x000000001cf53000 JavaThread "jar transforms Thread 79" [_thread_blocked, id=4636, stack(0x0000000028d10000,0x0000000028e10000)]
  0x000000001cf5a000 JavaThread "jar transforms Thread 78" [_thread_blocked, id=14988, stack(0x0000000028c10000,0x0000000028d10000)]
  0x000000001cf58800 JavaThread "jar transforms Thread 77" [_thread_blocked, id=18196, stack(0x0000000028b10000,0x0000000028c10000)]
  0x000000001cf57800 JavaThread "jar transforms Thread 76" [_thread_blocked, id=8968, stack(0x0000000028a10000,0x0000000028b10000)]
  0x000000001cf57000 JavaThread "jar transforms Thread 75" [_thread_blocked, id=20504, stack(0x0000000028910000,0x0000000028a10000)]
  0x000000001cf59000 JavaThread "jar transforms Thread 74" [_thread_blocked, id=20496, stack(0x0000000028810000,0x0000000028910000)]
  0x000000001cf56000 JavaThread "jar transforms Thread 73" [_thread_blocked, id=13504, stack(0x0000000028710000,0x0000000028810000)]
  0x000000001cf52800 JavaThread "jar transforms Thread 72" [_thread_blocked, id=9420, stack(0x0000000028610000,0x0000000028710000)]
  0x000000001cf55800 JavaThread "jar transforms Thread 71" [_thread_blocked, id=23944, stack(0x0000000028510000,0x0000000028610000)]
  0x0000000021282000 JavaThread "jar transforms Thread 70" [_thread_blocked, id=700, stack(0x0000000028410000,0x0000000028510000)]
  0x0000000021281000 JavaThread "jar transforms Thread 69" [_thread_blocked, id=20976, stack(0x0000000028310000,0x0000000028410000)]
  0x000000002127f800 JavaThread "jar transforms Thread 68" [_thread_blocked, id=22388, stack(0x0000000028210000,0x0000000028310000)]
  0x0000000021280800 JavaThread "jar transforms Thread 67" [_thread_blocked, id=27740, stack(0x0000000028110000,0x0000000028210000)]
  0x000000002127c800 JavaThread "jar transforms Thread 66" [_thread_blocked, id=27912, stack(0x0000000028010000,0x0000000028110000)]
  0x0000000021282800 JavaThread "jar transforms Thread 65" [_thread_blocked, id=24756, stack(0x0000000027f10000,0x0000000028010000)]
  0x000000002127c000 JavaThread "jar transforms Thread 64" [_thread_blocked, id=28484, stack(0x0000000027e10000,0x0000000027f10000)]
  0x000000002127f000 JavaThread "jar transforms Thread 63" [_thread_blocked, id=12852, stack(0x0000000027d10000,0x0000000027e10000)]
  0x000000002127d800 JavaThread "jar transforms Thread 62" [_thread_blocked, id=20920, stack(0x0000000027c10000,0x0000000027d10000)]
  0x000000002127e000 JavaThread "jar transforms Thread 61" [_thread_blocked, id=4048, stack(0x0000000027b10000,0x0000000027c10000)]
  0x0000000021274800 JavaThread "jar transforms Thread 60" [_thread_blocked, id=23948, stack(0x0000000027a10000,0x0000000027b10000)]
  0x000000002127b000 JavaThread "jar transforms Thread 59" [_thread_blocked, id=11740, stack(0x0000000027910000,0x0000000027a10000)]
  0x0000000021273800 JavaThread "jar transforms Thread 58" [_thread_blocked, id=19968, stack(0x0000000027810000,0x0000000027910000)]
  0x0000000021277800 JavaThread "jar transforms Thread 57" [_thread_blocked, id=22216, stack(0x0000000027710000,0x0000000027810000)]
  0x0000000021276800 JavaThread "jar transforms Thread 56" [_thread_blocked, id=26512, stack(0x0000000027610000,0x0000000027710000)]
  0x0000000021279000 JavaThread "jar transforms Thread 55" [_thread_blocked, id=26720, stack(0x0000000027510000,0x0000000027610000)]
  0x0000000021279800 JavaThread "jar transforms Thread 54" [_thread_blocked, id=17956, stack(0x0000000027410000,0x0000000027510000)]
  0x0000000021275000 JavaThread "jar transforms Thread 53" [_thread_blocked, id=19304, stack(0x0000000027310000,0x0000000027410000)]
  0x000000002127a800 JavaThread "jar transforms Thread 52" [_thread_blocked, id=15536, stack(0x0000000027210000,0x0000000027310000)]
  0x0000000021276000 JavaThread "jar transforms Thread 51" [_thread_blocked, id=4552, stack(0x0000000027110000,0x0000000027210000)]
  0x0000000021278000 JavaThread "jar transforms Thread 50" [_thread_blocked, id=16540, stack(0x0000000027010000,0x0000000027110000)]
  0x000000002040e000 JavaThread "jar transforms Thread 49" [_thread_blocked, id=16264, stack(0x0000000026f10000,0x0000000027010000)]
  0x000000002040b800 JavaThread "jar transforms Thread 48" [_thread_blocked, id=24160, stack(0x0000000026e10000,0x0000000026f10000)]
  0x000000002040d000 JavaThread "jar transforms Thread 47" [_thread_blocked, id=6772, stack(0x0000000026d10000,0x0000000026e10000)]
  0x000000002040c800 JavaThread "jar transforms Thread 46" [_thread_blocked, id=13288, stack(0x0000000026c10000,0x0000000026d10000)]
  0x0000000020409800 JavaThread "jar transforms Thread 45" [_thread_blocked, id=19432, stack(0x0000000026b10000,0x0000000026c10000)]
  0x000000002040a000 JavaThread "jar transforms Thread 44" [_thread_blocked, id=26336, stack(0x0000000026a10000,0x0000000026b10000)]
  0x000000002040e800 JavaThread "jar transforms Thread 43" [_thread_blocked, id=3740, stack(0x0000000026910000,0x0000000026a10000)]
  0x0000000020408800 JavaThread "jar transforms Thread 42" [_thread_blocked, id=28040, stack(0x0000000026810000,0x0000000026910000)]
  0x0000000020408000 JavaThread "jar transforms Thread 41" [_thread_blocked, id=17872, stack(0x0000000026710000,0x0000000026810000)]
  0x000000002040b000 JavaThread "jar transforms Thread 40" [_thread_blocked, id=11384, stack(0x0000000026610000,0x0000000026710000)]
  0x0000000020400800 JavaThread "jar transforms Thread 39" [_thread_blocked, id=16204, stack(0x0000000026510000,0x0000000026610000)]
  0x0000000020407000 JavaThread "jar transforms Thread 38" [_thread_blocked, id=8608, stack(0x0000000026410000,0x0000000026510000)]
  0x0000000020406800 JavaThread "jar transforms Thread 37" [_thread_blocked, id=23972, stack(0x0000000026310000,0x0000000026410000)]
  0x0000000020405800 JavaThread "jar transforms Thread 36" [_thread_blocked, id=23532, stack(0x0000000026210000,0x0000000026310000)]
  0x0000000020403800 JavaThread "jar transforms Thread 35" [_thread_blocked, id=25448, stack(0x0000000026110000,0x0000000026210000)]
  0x0000000020402000 JavaThread "jar transforms Thread 34" [_thread_blocked, id=3900, stack(0x0000000026010000,0x0000000026110000)]
  0x00000000203ff800 JavaThread "jar transforms Thread 33" [_thread_blocked, id=9580, stack(0x0000000025f10000,0x0000000026010000)]
  0x0000000020405000 JavaThread "jar transforms Thread 32" [_thread_blocked, id=3244, stack(0x0000000025e10000,0x0000000025f10000)]
  0x0000000020404000 JavaThread "jar transforms Thread 31" [_thread_blocked, id=8836, stack(0x0000000025d10000,0x0000000025e10000)]
  0x0000000020402800 JavaThread "jar transforms Thread 30" [_thread_blocked, id=16488, stack(0x0000000025c10000,0x0000000025d10000)]
  0x0000000020401000 JavaThread "jar transforms Thread 29" [_thread_blocked, id=23060, stack(0x0000000025b10000,0x0000000025c10000)]
  0x000000001bc0d800 JavaThread "jar transforms Thread 28" [_thread_blocked, id=10256, stack(0x0000000025a10000,0x0000000025b10000)]
  0x000000001bc0c000 JavaThread "jar transforms Thread 27" [_thread_blocked, id=21756, stack(0x0000000025910000,0x0000000025a10000)]
  0x000000001bc0d000 JavaThread "jar transforms Thread 26" [_thread_blocked, id=12840, stack(0x0000000025810000,0x0000000025910000)]
  0x000000001bc0b800 JavaThread "jar transforms Thread 25" [_thread_blocked, id=14672, stack(0x0000000025710000,0x0000000025810000)]
  0x000000001bc12000 JavaThread "jar transforms Thread 24" [_thread_blocked, id=22156, stack(0x0000000025610000,0x0000000025710000)]
  0x000000001bc0a800 JavaThread "jar transforms Thread 23" [_thread_blocked, id=26460, stack(0x0000000025510000,0x0000000025610000)]
  0x000000001bc0e800 JavaThread "jar transforms Thread 22" [_thread_blocked, id=23932, stack(0x0000000025410000,0x0000000025510000)]
  0x000000001bc11800 JavaThread "jar transforms Thread 21" [_thread_blocked, id=24676, stack(0x0000000025310000,0x0000000025410000)]
  0x000000001bc0f000 JavaThread "jar transforms Thread 20" [_thread_blocked, id=21612, stack(0x0000000025210000,0x0000000025310000)]
  0x000000001bc10000 JavaThread "jar transforms Thread 19" [_thread_blocked, id=14376, stack(0x0000000024de0000,0x0000000024ee0000)]
  0x000000001bc10800 JavaThread "jar transforms Thread 18" [_thread_blocked, id=22112, stack(0x0000000024ce0000,0x0000000024de0000)]
  0x000000001bc03000 JavaThread "jar transforms Thread 17" [_thread_blocked, id=20096, stack(0x0000000024be0000,0x0000000024ce0000)]
  0x000000001bc0a000 JavaThread "jar transforms Thread 16" [_thread_blocked, id=23404, stack(0x0000000024ae0000,0x0000000024be0000)]
  0x000000001bc04800 JavaThread "jar transforms Thread 15" [_thread_blocked, id=24668, stack(0x00000000249e0000,0x0000000024ae0000)]
  0x000000001bc04000 JavaThread "jar transforms Thread 14" [_thread_blocked, id=28264, stack(0x00000000248e0000,0x00000000249e0000)]
  0x000000001bc09000 JavaThread "jar transforms Thread 13" [_thread_blocked, id=7544, stack(0x00000000247e0000,0x00000000248e0000)]
  0x000000001bc07800 JavaThread "jar transforms Thread 12" [_thread_blocked, id=18792, stack(0x00000000246e0000,0x00000000247e0000)]
  0x000000001bc05800 JavaThread "jar transforms Thread 11" [_thread_blocked, id=20000, stack(0x00000000245e0000,0x00000000246e0000)]
  0x000000001bc07000 JavaThread "jar transforms Thread 10" [_thread_blocked, id=13708, stack(0x00000000244e0000,0x00000000245e0000)]
  0x000000001bc08800 JavaThread "jar transforms Thread 9" [_thread_blocked, id=19872, stack(0x00000000243e0000,0x00000000244e0000)]
  0x000000001bc06000 JavaThread "jar transforms Thread 8" [_thread_blocked, id=9836, stack(0x00000000242e0000,0x00000000243e0000)]
  0x000000002167c000 JavaThread "jar transforms Thread 7" [_thread_blocked, id=15756, stack(0x00000000241e0000,0x00000000242e0000)]
  0x000000002167b000 JavaThread "jar transforms Thread 6" [_thread_blocked, id=12048, stack(0x00000000240e0000,0x00000000241e0000)]
  0x000000002167a800 JavaThread "jar transforms Thread 5" [_thread_blocked, id=19492, stack(0x0000000023fe0000,0x00000000240e0000)]
  0x0000000021679800 JavaThread "jar transforms Thread 4" [_thread_blocked, id=25048, stack(0x0000000023ee0000,0x0000000023fe0000)]
  0x0000000021678800 JavaThread "jar transforms Thread 3" [_thread_blocked, id=27512, stack(0x0000000023de0000,0x0000000023ee0000)]
  0x0000000021678000 JavaThread "jar transforms Thread 2" [_thread_blocked, id=25788, stack(0x0000000023ce0000,0x0000000023de0000)]
  0x000000002167d800 JavaThread "Build operations Thread 8" [_thread_blocked, id=23204, stack(0x0000000023be0000,0x0000000023ce0000)]
  0x0000000021677000 JavaThread "Build operations Thread 7" [_thread_blocked, id=3752, stack(0x0000000023ae0000,0x0000000023be0000)]
  0x000000002167c800 JavaThread "Build operations Thread 6" [_thread_blocked, id=22840, stack(0x00000000239e0000,0x0000000023ae0000)]
  0x000000002166f800 JavaThread "Build operations Thread 5" [_thread_blocked, id=25696, stack(0x00000000238e0000,0x00000000239e0000)]
  0x0000000021676800 JavaThread "Build operations Thread 4" [_thread_blocked, id=10784, stack(0x00000000237e0000,0x00000000238e0000)]
  0x0000000021675800 JavaThread "Build operations Thread 3" [_thread_blocked, id=25864, stack(0x00000000236e0000,0x00000000237e0000)]
  0x0000000021670800 JavaThread "Build operations Thread 2" [_thread_blocked, id=25284, stack(0x00000000235e0000,0x00000000236e0000)]
  0x0000000021672000 JavaThread "Build operations" [_thread_blocked, id=856, stack(0x00000000234e0000,0x00000000235e0000)]
  0x000000001c67a000 JavaThread "Cache worker for file content cache (C:\Users\lesha\.gradle\caches\6.5\fileContent)" [_thread_blocked, id=27684, stack(0x0000000022de0000,0x0000000022ee0000)]
  0x000000001c679800 JavaThread "jar transforms" [_thread_blocked, id=10600, stack(0x0000000022ce0000,0x0000000022de0000)]
  0x000000001c675800 JavaThread "Cache worker for execution history cache (C:\Users\lesha\.gradle\caches\6.5\executionHistory)" [_thread_blocked, id=16636, stack(0x00000000225e0000,0x00000000226e0000)]
  0x000000001c678800 JavaThread "Cache worker for cache directory md-rule (C:\Users\lesha\.gradle\caches\6.5\md-rule)" [_thread_blocked, id=18480, stack(0x00000000224e0000,0x00000000225e0000)]
  0x000000001c678000 JavaThread "Cache worker for cache directory md-supplier (C:\Users\lesha\.gradle\caches\6.5\md-supplier)" [_thread_blocked, id=26552, stack(0x0000000020fb0000,0x00000000210b0000)]
  0x000000001c676800 JavaThread "Cache worker for checksums cache (D:\Android\AndroidStudioProjects\mousic\.gradle\checksums)" [_thread_blocked, id=27044, stack(0x0000000020eb0000,0x0000000020fb0000)]
  0x000000001c677000 JavaThread "Cache worker for file hash cache (D:\Android\AndroidStudioProjects\mousic\.gradle\6.5\fileHashes)" [_thread_blocked, id=28212, stack(0x0000000022100000,0x0000000022200000)]
  0x000000001c67c800 JavaThread "Cache worker for file hash cache (C:\Users\lesha\.gradle\caches\6.5\fileHashes)" [_thread_blocked, id=27948, stack(0x000000001ea10000,0x000000001eb10000)]
  0x000000001c67b800 JavaThread "File lock request listener" [_thread_in_native, id=14408, stack(0x000000001e910000,0x000000001ea10000)]
  0x000000001c7dd800 JavaThread "Cache worker for journal cache (C:\Users\lesha\.gradle\caches\journal-1)" [_thread_blocked, id=23140, stack(0x000000001e810000,0x000000001e910000)]
  0x000000001c58f000 JavaThread "Thread-9" [_thread_blocked, id=7696, stack(0x000000001e510000,0x000000001e610000)]
  0x000000001c577000 JavaThread "Stdin handler" [_thread_blocked, id=24584, stack(0x000000001e410000,0x000000001e510000)]
  0x000000001c56f800 JavaThread "Asynchronous log dispatcher for DefaultDaemonConnection: socket connection from /127.0.0.1:55444 to /127.0.0.1:55445" [_thread_blocked, id=12828, stack(0x000000001e310000,0x000000001e410000)]
  0x000000001c56d800 JavaThread "Daemon worker" [_thread_blocked, id=26408, stack(0x000000001e210000,0x000000001e310000)]
  0x000000001c56d000 JavaThread "Cancel handler" [_thread_blocked, id=28384, stack(0x000000001e010000,0x000000001e110000)]
  0x000000001c4ec000 JavaThread "Handler for socket connection from /127.0.0.1:55444 to /127.0.0.1:55445" [_thread_in_native, id=26856, stack(0x000000001dd10000,0x000000001de10000)]
  0x000000001c4e9000 JavaThread "Daemon" [_thread_blocked, id=10308, stack(0x000000001dc10000,0x000000001dd10000)]
  0x000000001c4d7800 JavaThread "Daemon periodic checks" [_thread_blocked, id=25920, stack(0x000000001db10000,0x000000001dc10000)]
  0x000000001c4d5000 JavaThread "Incoming local TCP Connector on port 55444" [_thread_in_native, id=23744, stack(0x000000001d8c0000,0x000000001d9c0000)]
  0x000000001bffe800 JavaThread "Daemon health stats" [_thread_blocked, id=25876, stack(0x000000001d260000,0x000000001d360000)]
  0x0000000019a69000 JavaThread "Service Thread" daemon [_thread_blocked, id=6568, stack(0x000000001a6c0000,0x000000001a7c0000)]
  0x00000000199e3800 JavaThread "C1 CompilerThread3" daemon [_thread_in_vm, id=26476, stack(0x000000001a5c0000,0x000000001a6c0000)]
  0x00000000199dc800 JavaThread "C2 CompilerThread2" daemon [_thread_in_native, id=3392, stack(0x000000001a4c0000,0x000000001a5c0000)]
  0x0000000017bdd800 JavaThread "C2 CompilerThread1" daemon [_thread_in_native, id=16216, stack(0x000000001a3c0000,0x000000001a4c0000)]
=>0x0000000017bd9000 JavaThread "C2 CompilerThread0" daemon [_thread_in_native, id=23312, stack(0x000000001a2c0000,0x000000001a3c0000)]
  0x00000000199d5800 JavaThread "Attach Listener" daemon [_thread_blocked, id=25272, stack(0x000000001a1c0000,0x000000001a2c0000)]
  0x00000000199d4800 JavaThread "Signal Dispatcher" daemon [_thread_blocked, id=21260, stack(0x000000001a0c0000,0x000000001a1c0000)]
  0x00000000199c1800 JavaThread "Finalizer" daemon [_thread_blocked, id=5848, stack(0x0000000019ea0000,0x0000000019fa0000)]
  0x00000000199c0800 JavaThread "Reference Handler" daemon [_thread_blocked, id=16940, stack(0x0000000019da0000,0x0000000019ea0000)]
  0x000000000113e000 JavaThread "main" [_thread_blocked, id=21448, stack(0x0000000002960000,0x0000000002a60000)]

Other Threads:
  0x0000000017bc8800 VMThread [stack: 0x00000000198a0000,0x00000000199a0000] [id=9812]
  0x0000000019a71800 WatcherThread [stack: 0x000000001a7c0000,0x000000001a8c0000] [id=11432]

VM state:not at safepoint (normal execution)

VM Mutex/Monitor currently owned by a thread: None

heap address: 0x0000000080000000, size: 2048 MB, Compressed Oops mode: 32-bit
Narrow klass base: 0x0000000000000000, Narrow klass shift: 3
Compressed class space size: 1073741824 Address: 0x0000000100000000

Heap:
 PSYoungGen      total 155136K, used 36636K [0x00000000d5580000, 0x00000000e2b00000, 0x0000000100000000)
  eden space 133120K, 11% used [0x00000000d5580000,0x00000000d64a8a50,0x00000000dd780000)
  from space 22016K, 95% used [0x00000000dd780000,0x00000000dec1e868,0x00000000ded00000)
  to   space 24576K, 0% used [0x00000000e1300000,0x00000000e1300000,0x00000000e2b00000)
 ParOldGen       total 241152K, used 30018K [0x0000000080000000, 0x000000008eb80000, 0x00000000d5580000)
  object space 241152K, 12% used [0x0000000080000000,0x0000000081d50bb8,0x000000008eb80000)
 Metaspace       used 66930K, capacity 70140K, committed 70296K, reserved 1110016K
  class space    used 9180K, capacity 9823K, committed 9896K, reserved 1048576K

Card table byte_map: [0x0000000011f20000,0x0000000012330000] byte_map_base: 0x0000000011b20000

Marking Bits: (ParMarkBitMap*) 0x000000005a19f030
 Begin Bits: [0x0000000012de0000, 0x0000000014de0000)
 End Bits:   [0x0000000014de0000, 0x0000000016de0000)

Polling page: 0x0000000001140000

CodeCache: size=245760Kb used=22948Kb max_used=22956Kb free=222811Kb
 bounds [0x0000000002b60000, 0x00000000041f0000, 0x0000000011b60000]
 total_blobs=7972 nmethods=7180 adapters=703
 compilation: enabled

Compilation events (10 events):
Event: 23.607 Thread 0x0000000017bdd800 nmethod 8188 0x00000000041d9650 code [0x00000000041d9800, 0x00000000041da050]
Event: 23.607 Thread 0x0000000017bdd800 8191 %     4       com.sun.org.apache.xerces.internal.impl.XMLEntityScanner::scanData @ 721 (1108 bytes)
Event: 23.618 Thread 0x00000000199e3800 8198   !   3       com.sun.org.apache.xerces.internal.parsers.AbstractSAXParser::setErrorHandler (59 bytes)
Event: 23.619 Thread 0x00000000199e3800 nmethod 8198 0x00000000041d8250 code [0x00000000041d8460, 0x00000000041d9008]
Event: 23.619 Thread 0x00000000199e3800 8199       3       com.sun.org.apache.xerces.internal.parsers.AbstractXMLDocumentParser::setDTDSource (6 bytes)
Event: 23.619 Thread 0x00000000199e3800 nmethod 8199 0x00000000041caf90 code [0x00000000041cb0e0, 0x00000000041cb250]
Event: 23.655 Thread 0x00000000199e3800 8202       3       com.google.common.base.Splitter::splittingIterator (12 bytes)
Event: 23.655 Thread 0x00000000199e3800 nmethod 8202 0x00000000041ca7d0 code [0x00000000041ca960, 0x00000000041cad68]
Event: 23.655 Thread 0x00000000199e3800 8203       3       com.google.common.base.AbstractIterator::<init> (12 bytes)
Event: 23.656 Thread 0x00000000199e3800 nmethod 8203 0x00000000041d7e50 code [0x00000000041d7fc0, 0x00000000041d8190]

GC Heap History (10 events):
Event: 14.014 GC heap before
{Heap before GC invocations=10 (full 2):
 PSYoungGen      total 122880K, used 122872K [0x00000000d5580000, 0x00000000dfd80000, 0x0000000100000000)
  eden space 109568K, 100% used [0x00000000d5580000,0x00000000dc080000,0x00000000dc080000)
  from space 13312K, 99% used [0x00000000dc080000,0x00000000dcd7e370,0x00000000dcd80000)
  to   space 16896K, 0% used [0x00000000ded00000,0x00000000ded00000,0x00000000dfd80000)
 ParOldGen       total 241152K, used 21220K [0x0000000080000000, 0x000000008eb80000, 0x00000000d5580000)
  object space 241152K, 8% used [0x0000000080000000,0x00000000814b93a8,0x000000008eb80000)
 Metaspace       used 56449K, capacity 58734K, committed 58920K, reserved 1099776K
  class space    used 7658K, capacity 8132K, committed 8232K, reserved 1048576K
Event: 14.050 GC heap after
Heap after GC invocations=10 (full 2):
 PSYoungGen      total 150016K, used 16876K [0x00000000d5580000, 0x00000000e0d00000, 0x0000000100000000)
  eden space 133120K, 0% used [0x00000000d5580000,0x00000000d5580000,0x00000000dd780000)
  from space 16896K, 99% used [0x00000000ded00000,0x00000000dfd7b330,0x00000000dfd80000)
  to   space 22016K, 0% used [0x00000000dd780000,0x00000000dd780000,0x00000000ded00000)
 ParOldGen       total 241152K, used 28133K [0x0000000080000000, 0x000000008eb80000, 0x00000000d5580000)
  object space 241152K, 11% used [0x0000000080000000,0x0000000081b794f0,0x000000008eb80000)
 Metaspace       used 56449K, capacity 58734K, committed 58920K, reserved 1099776K
  class space    used 7658K, capacity 8132K, committed 8232K, reserved 1048576K
}
Event: 14.142 GC heap before
{Heap before GC invocations=11 (full 2):
 PSYoungGen      total 150016K, used 21826K [0x00000000d5580000, 0x00000000e0d00000, 0x0000000100000000)
  eden space 133120K, 3% used [0x00000000d5580000,0x00000000d5a55558,0x00000000dd780000)
  from space 16896K, 99% used [0x00000000ded00000,0x00000000dfd7b330,0x00000000dfd80000)
  to   space 22016K, 0% used [0x00000000dd780000,0x00000000dd780000,0x00000000ded00000)
 ParOldGen       total 241152K, used 28133K [0x0000000080000000, 0x000000008eb80000, 0x00000000d5580000)
  object space 241152K, 11% used [0x0000000080000000,0x0000000081b794f0,0x000000008eb80000)
 Metaspace       used 56782K, capacity 59034K, committed 59160K, reserved 1099776K
  class space    used 7703K, capacity 8166K, committed 8232K, reserved 1048576K
Event: 14.162 GC heap after
Heap after GC invocations=11 (full 2):
 PSYoungGen      total 155136K, used 17316K [0x00000000d5580000, 0x00000000e0d00000, 0x0000000100000000)
  eden space 133120K, 0% used [0x00000000d5580000,0x00000000d5580000,0x00000000dd780000)
  from space 22016K, 78% used [0x00000000dd780000,0x00000000de869258,0x00000000ded00000)
  to   space 16896K, 0% used [0x00000000ded00000,0x00000000ded00000,0x00000000dfd80000)
 ParOldGen       total 241152K, used 28141K [0x0000000080000000, 0x000000008eb80000, 0x00000000d5580000)
  object space 241152K, 11% used [0x0000000080000000,0x0000000081b7b4f0,0x000000008eb80000)
 Metaspace       used 56782K, capacity 59034K, committed 59160K, reserved 1099776K
  class space    used 7703K, capacity 8166K, committed 8232K, reserved 1048576K
}
Event: 14.162 GC heap before
{Heap before GC invocations=12 (full 3):
 PSYoungGen      total 155136K, used 17316K [0x00000000d5580000, 0x00000000e0d00000, 0x0000000100000000)
  eden space 133120K, 0% used [0x00000000d5580000,0x00000000d5580000,0x00000000dd780000)
  from space 22016K, 78% used [0x00000000dd780000,0x00000000de869258,0x00000000ded00000)
  to   space 16896K, 0% used [0x00000000ded00000,0x00000000ded00000,0x00000000dfd80000)
 ParOldGen       total 241152K, used 28141K [0x0000000080000000, 0x000000008eb80000, 0x00000000d5580000)
  object space 241152K, 11% used [0x0000000080000000,0x0000000081b7b4f0,0x000000008eb80000)
 Metaspace       used 56782K, capacity 59034K, committed 59160K, reserved 1099776K
  class space    used 7703K, capacity 8166K, committed 8232K, reserved 1048576K
Event: 14.666 GC heap after
Heap after GC invocations=12 (full 3):
 PSYoungGen      total 155136K, used 0K [0x00000000d5580000, 0x00000000e0d00000, 0x0000000100000000)
  eden space 133120K, 0% used [0x00000000d5580000,0x00000000d5580000,0x00000000dd780000)
  from space 22016K, 0% used [0x00000000dd780000,0x00000000dd780000,0x00000000ded00000)
  to   space 16896K, 0% used [0x00000000ded00000,0x00000000ded00000,0x00000000dfd80000)
 ParOldGen       total 241152K, used 30002K [0x0000000080000000, 0x000000008eb80000, 0x00000000d5580000)
  object space 241152K, 12% used [0x0000000080000000,0x0000000081d4cbb8,0x000000008eb80000)
 Metaspace       used 56741K, capacity 58896K, committed 59160K, reserved 1099776K
  class space    used 7690K, capacity 8143K, committed 8232K, reserved 1048576K
}
Event: 18.018 GC heap before
{Heap before GC invocations=13 (full 3):
 PSYoungGen      total 155136K, used 133120K [0x00000000d5580000, 0x00000000e0d00000, 0x0000000100000000)
  eden space 133120K, 100% used [0x00000000d5580000,0x00000000dd780000,0x00000000dd780000)
  from space 22016K, 0% used [0x00000000dd780000,0x00000000dd780000,0x00000000ded00000)
  to   space 16896K, 0% used [0x00000000ded00000,0x00000000ded00000,0x00000000dfd80000)
 ParOldGen       total 241152K, used 30002K [0x0000000080000000, 0x000000008eb80000, 0x00000000d5580000)
  object space 241152K, 12% used [0x0000000080000000,0x0000000081d4cbb8,0x000000008eb80000)
 Metaspace       used 65098K, capacity 68092K, committed 68248K, reserved 1107968K
  class space    used 9013K, capacity 9599K, committed 9640K, reserved 1048576K
Event: 18.033 GC heap after
Heap after GC invocations=13 (full 3):
 PSYoungGen      total 150016K, used 13754K [0x00000000d5580000, 0x00000000e0d00000, 0x0000000100000000)
  eden space 133120K, 0% used [0x00000000d5580000,0x00000000d5580000,0x00000000dd780000)
  from space 16896K, 81% used [0x00000000ded00000,0x00000000dfa6e8c0,0x00000000dfd80000)
  to   space 22016K, 0% used [0x00000000dd780000,0x00000000dd780000,0x00000000ded00000)
 ParOldGen       total 241152K, used 30010K [0x0000000080000000, 0x000000008eb80000, 0x00000000d5580000)
  object space 241152K, 12% used [0x0000000080000000,0x0000000081d4ebb8,0x000000008eb80000)
 Metaspace       used 65098K, capacity 68092K, committed 68248K, reserved 1107968K
  class space    used 9013K, capacity 9599K, committed 9640K, reserved 1048576K
}
Event: 23.532 GC heap before
{Heap before GC invocations=14 (full 3):
 PSYoungGen      total 150016K, used 146665K [0x00000000d5580000, 0x00000000e0d00000, 0x0000000100000000)
  eden space 133120K, 99% used [0x00000000d5580000,0x00000000dd74bef8,0x00000000dd780000)
  from space 16896K, 81% used [0x00000000ded00000,0x00000000dfa6e8c0,0x00000000dfd80000)
  to   space 22016K, 0% used [0x00000000dd780000,0x00000000dd780000,0x00000000ded00000)
 ParOldGen       total 241152K, used 30010K [0x0000000080000000, 0x000000008eb80000, 0x00000000d5580000)
  object space 241152K, 12% used [0x0000000080000000,0x0000000081d4ebb8,0x000000008eb80000)
 Metaspace       used 66918K, capacity 70140K, committed 70296K, reserved 1110016K
  class space    used 9180K, capacity 9823K, committed 9896K, reserved 1048576K
Event: 23.555 GC heap after
Heap after GC invocations=14 (full 3):
 PSYoungGen      total 155136K, used 21114K [0x00000000d5580000, 0x00000000e2b00000, 0x0000000100000000)
  eden space 133120K, 0% used [0x00000000d5580000,0x00000000d5580000,0x00000000dd780000)
  from space 22016K, 95% used [0x00000000dd780000,0x00000000dec1e868,0x00000000ded00000)
  to   space 24576K, 0% used [0x00000000e1300000,0x00000000e1300000,0x00000000e2b00000)
 ParOldGen       total 241152K, used 30018K [0x0000000080000000, 0x000000008eb80000, 0x00000000d5580000)
  object space 241152K, 12% used [0x0000000080000000,0x0000000081d50bb8,0x000000008eb80000)
 Metaspace       used 66918K, capacity 70140K, committed 70296K, reserved 1110016K
  class space    used 9180K, capacity 9823K, committed 9896K, reserved 1048576K
}

Deoptimization events (10 events):
Event: 23.098 Thread 0x000000001b496800 Uncommon trap: reason=class_check action=maybe_recompile pc=0x0000000004116b58 method=com.sun.org.apache.xerces.internal.dom.NamedNodeMapImpl.findNamePoint(Ljava/lang/String;I)I @ 54
Event: 23.284 Thread 0x000000001b496800 Uncommon trap: reason=unstable_if action=reinterpret pc=0x00000000041599cc method=com.sun.org.apache.xerces.internal.parsers.AbstractSAXParser.endNamespaceMapping()V @ 11
Event: 23.507 Thread 0x000000001b496800 Uncommon trap: reason=unstable_if action=reinterpret pc=0x0000000004140580 method=com.sun.org.apache.xerces.internal.impl.XMLEntityScanner.arrangeCapacity(IZ)Z @ 59
Event: 23.510 Thread 0x000000001b496800 Uncommon trap: reason=unstable_if action=reinterpret pc=0x00000000040bff68 method=com.sun.org.apache.xerces.internal.impl.XMLEntityScanner.scanLiteral(ILcom/sun/org/apache/xerces/internal/xni/XMLString;Z)I @ 44
Event: 23.520 Thread 0x000000001b496800 Uncommon trap: reason=unstable_if action=reinterpret pc=0x00000000041499e0 method=com.sun.org.apache.xerces.internal.dom.ParentNode.nodeListItem(I)Lorg/w3c/dom/Node; @ 4
Event: 23.558 Thread 0x000000001b496800 Uncommon trap: reason=bimorphic action=maybe_recompile pc=0x000000000413c5e8 method=com.sun.org.apache.xerces.internal.dom.NamedNodeMapImpl.findNamePoint(Ljava/lang/String;I)I @ 57
Event: 23.559 Thread 0x000000001b496800 Uncommon trap: reason=unstable_if action=reinterpret pc=0x00000000040b6adc method=com.sun.org.apache.xerces.internal.impl.XMLEntityScanner.scanContent(Lcom/sun/org/apache/xerces/internal/xni/XMLString;)I @ 44
Event: 23.564 Thread 0x000000001b496800 Uncommon trap: reason=unstable_if action=reinterpret pc=0x0000000004174738 method=com.sun.org.apache.xerces.internal.impl.XMLScanner.scanAttributeValue(Lcom/sun/org/apache/xerces/internal/xni/XMLString;Lcom/sun/org/apache/xerces/internal/xni/XMLString;Lja
Event: 23.564 Thread 0x000000001b496800 Uncommon trap: reason=unstable_if action=reinterpret pc=0x00000000041bc7dc method=com.sun.org.apache.xerces.internal.impl.XMLNSDocumentScannerImpl.scanAttribute(Lcom/sun/org/apache/xerces/internal/util/XMLAttributesImpl;)V @ 155
Event: 23.565 Thread 0x000000001b496800 Uncommon trap: reason=unstable_if action=reinterpret pc=0x00000000040f2c4c method=com.sun.org.apache.xerces.internal.utils.XMLLimitAnalyzer.addValue(ILjava/lang/String;I)V @ 78

Classes redefined (0 events):
No events

Internal exceptions (10 events):
Event: 18.067 Thread 0x000000002167c800 Exception <a 'java/lang/NoSuchMethodError': java.lang.Object.lambda$flatMap$2(Ljava/util/function/Function;Ljava/lang/Object;)Lorg/gradle/internal/Try;> (0x00000000d5621678) thrown at [C:\src\AOSP-openjdk-git\hotspot\src\share\vm\interpreter\linkResolver.
Event: 18.067 Thread 0x0000000021677000 Exception <a 'java/lang/NoSuchMethodError': java.lang.Object.lambda$flatMap$2(Ljava/util/function/Function;Ljava/lang/Object;)Lorg/gradle/internal/Try;> (0x00000000d56ec7f8) thrown at [C:\src\AOSP-openjdk-git\hotspot\src\share\vm\interpreter\linkResolver.
Event: 18.067 Thread 0x000000002167d800 Exception <a 'java/lang/NoSuchMethodError': java.lang.Object.lambda$flatMap$2(Ljava/util/function/Function;Ljava/lang/Object;)Lorg/gradle/internal/Try;> (0x00000000d573f680) thrown at [C:\src\AOSP-openjdk-git\hotspot\src\share\vm\interpreter\linkResolver.
Event: 18.067 Thread 0x000000001b496800 Exception <a 'java/lang/NoSuchMethodError': java.lang.Object.lambda$flatMap$2(Ljava/util/function/Function;Ljava/lang/Object;)Lorg/gradle/internal/Try;> (0x00000000d5760868) thrown at [C:\src\AOSP-openjdk-git\hotspot\src\share\vm\interpreter\linkResolver.
Event: 18.067 Thread 0x0000000021672000 Exception <a 'java/lang/NoSuchMethodError': java.lang.Object.lambda$flatMap$2(Ljava/util/function/Function;Ljava/lang/Object;)Lorg/gradle/internal/Try;> (0x00000000d5708718) thrown at [C:\src\AOSP-openjdk-git\hotspot\src\share\vm\interpreter\linkResolver.
Event: 18.067 Thread 0x000000002166f800 Exception <a 'java/lang/NoSuchMethodError': java.lang.Object.lambda$flatMap$2(Ljava/util/function/Function;Ljava/lang/Object;)Lorg/gradle/internal/Try;> (0x00000000d56639e0) thrown at [C:\src\AOSP-openjdk-git\hotspot\src\share\vm\interpreter\linkResolver.
Event: 18.067 Thread 0x0000000021670800 Exception <a 'java/lang/NoSuchMethodError': java.lang.Object.lambda$flatMap$2(Ljava/util/function/Function;Ljava/lang/Object;)Lorg/gradle/internal/Try;> (0x00000000d5729620) thrown at [C:\src\AOSP-openjdk-git\hotspot\src\share\vm\interpreter\linkResolver.
Event: 18.067 Thread 0x0000000021676800 Exception <a 'java/lang/NoSuchMethodError': java.lang.Object.lambda$flatMap$2(Ljava/util/function/Function;Ljava/lang/Object;)Lorg/gradle/internal/Try;> (0x00000000d579f0a8) thrown at [C:\src\AOSP-openjdk-git\hotspot\src\share\vm\interpreter\linkResolver.
Event: 21.653 Thread 0x000000001b496800 Exception <a 'java/lang/NoSuchMethodError': java.lang.Object.lambda$flatMap$0(Ljava/lang/Throwable;)Lorg/gradle/api/internal/artifacts/transform/CacheableInvocation;> (0x00000000d8cc2110) thrown at [C:\src\AOSP-openjdk-git\hotspot\src\share\vm\interpreter
Event: 23.520 Thread 0x000000001b496800 Implicit null exception at 0x0000000004149852 to 0x00000000041499c9

Events (10 events):
Event: 23.559 Thread 0x000000001b496800 DEOPT UNPACKING pc=0x0000000002ba557b sp=0x000000002f02af28 mode 2
Event: 23.564 Thread 0x000000001b496800 Uncommon trap: trap_request=0xffffff65 fr.pc=0x0000000004174738
Event: 23.564 Thread 0x000000001b496800 DEOPT PACKING pc=0x0000000004174738 sp=0x000000002f02ae00
Event: 23.564 Thread 0x000000001b496800 DEOPT UNPACKING pc=0x0000000002ba557b sp=0x000000002f02ad60 mode 2
Event: 23.564 Thread 0x000000001b496800 Uncommon trap: trap_request=0xffffff65 fr.pc=0x00000000041bc7dc
Event: 23.564 Thread 0x000000001b496800 DEOPT PACKING pc=0x00000000041bc7dc sp=0x000000002f02ae60
Event: 23.564 Thread 0x000000001b496800 DEOPT UNPACKING pc=0x0000000002ba557b sp=0x000000002f02adf0 mode 2
Event: 23.565 Thread 0x000000001b496800 Uncommon trap: trap_request=0xffffff65 fr.pc=0x00000000040f2c4c
Event: 23.565 Thread 0x000000001b496800 DEOPT PACKING pc=0x00000000040f2c4c sp=0x000000002f02ac40
Event: 23.565 Thread 0x000000001b496800 DEOPT UNPACKING pc=0x0000000002ba557b sp=0x000000002f02abc0 mode 2


Dynamic libraries:
0x00007ff75bcc0000 - 0x00007ff75bcf1000 	D:\Android\Android Studio\jre\bin\java.exe
0x00007ffc4d8b0000 - 0x00007ffc4daa5000 	C:\WINDOWS\SYSTEM32\ntdll.dll
0x00007ffc4c6d0000 - 0x00007ffc4c78d000 	C:\WINDOWS\System32\KERNEL32.DLL
0x00007ffc4b610000 - 0x00007ffc4b8d8000 	C:\WINDOWS\System32\KERNELBASE.dll
0x00007ffc4ced0000 - 0x00007ffc4cf7c000 	C:\WINDOWS\System32\ADVAPI32.dll
0x00007ffc4c0c0000 - 0x00007ffc4c15e000 	C:\WINDOWS\System32\msvcrt.dll
0x00007ffc4b9a0000 - 0x00007ffc4ba3b000 	C:\WINDOWS\System32\sechost.dll
0x00007ffc4bf30000 - 0x00007ffc4c05b000 	C:\WINDOWS\System32\RPCRT4.dll
0x00007ffc4cc60000 - 0x00007ffc4ce00000 	C:\WINDOWS\System32\USER32.dll
0x00007ffc4b260000 - 0x00007ffc4b282000 	C:\WINDOWS\System32\win32u.dll
0x00007ffc4b910000 - 0x00007ffc4b93a000 	C:\WINDOWS\System32\GDI32.dll
0x00007ffc4aff0000 - 0x00007ffc4b0fb000 	C:\WINDOWS\System32\gdi32full.dll
0x00007ffc4b2e0000 - 0x00007ffc4b37d000 	C:\WINDOWS\System32\msvcp_win.dll
0x00007ffc4b400000 - 0x00007ffc4b500000 	C:\WINDOWS\System32\ucrtbase.dll
0x00007ffc1e5f0000 - 0x00007ffc1e88a000 	C:\WINDOWS\WinSxS\amd64_microsoft.windows.common-controls_6595b64144ccf1df_6.0.19041.844_none_ca00b6081b84eb1d\COMCTL32.dll
0x00007ffc4c470000 - 0x00007ffc4c4a0000 	C:\WINDOWS\System32\IMM32.DLL
0x00000000598f0000 - 0x00000000599c2000 	D:\Android\Android Studio\jre\jre\bin\msvcr100.dll
0x00000000599d0000 - 0x000000005a21b000 	D:\Android\Android Studio\jre\jre\bin\server\jvm.dll
0x00007ffc4c460000 - 0x00007ffc4c468000 	C:\WINDOWS\System32\PSAPI.DLL
0x00007ffc31c40000 - 0x00007ffc31c67000 	C:\WINDOWS\SYSTEM32\WINMM.dll
0x00007ffc3bcc0000 - 0x00007ffc3bcca000 	C:\WINDOWS\SYSTEM32\VERSION.dll
0x00007ffc45e60000 - 0x00007ffc45e69000 	C:\WINDOWS\SYSTEM32\WSOCK32.dll
0x00007ffc4d000000 - 0x00007ffc4d06b000 	C:\WINDOWS\System32\WS2_32.dll
0x00007ffc45810000 - 0x00007ffc4581f000 	D:\Android\Android Studio\jre\jre\bin\verify.dll
0x00007ffc457e0000 - 0x00007ffc45809000 	D:\Android\Android Studio\jre\jre\bin\java.dll
0x00007ffc457c0000 - 0x00007ffc457d6000 	D:\Android\Android Studio\jre\jre\bin\zip.dll
0x00007ffc4d120000 - 0x00007ffc4d862000 	C:\WINDOWS\System32\SHELL32.dll
0x00007ffc48e40000 - 0x00007ffc495d1000 	C:\WINDOWS\SYSTEM32\windows.storage.dll
0x00007ffc4bbd0000 - 0x00007ffc4bf25000 	C:\WINDOWS\System32\combase.dll
0x00007ffc4aa60000 - 0x00007ffc4aa8c000 	C:\WINDOWS\SYSTEM32\Wldp.dll
0x00007ffc4c3b0000 - 0x00007ffc4c45e000 	C:\WINDOWS\System32\SHCORE.dll
0x00007ffc4b940000 - 0x00007ffc4b995000 	C:\WINDOWS\System32\shlwapi.dll
0x00007ffc4af30000 - 0x00007ffc4af4f000 	C:\WINDOWS\SYSTEM32\profapi.dll
0x00007ffc451f0000 - 0x00007ffc4520a000 	D:\Android\Android Studio\jre\jre\bin\net.dll
0x00007ffc4a7d0000 - 0x00007ffc4a83a000 	C:\WINDOWS\system32\mswsock.dll
0x00007ffc44360000 - 0x00007ffc44373000 	D:\Android\Android Studio\jre\jre\bin\nio.dll
0x00007ffc191d0000 - 0x00007ffc191f7000 	C:\Users\lesha\.gradle\native\f6784746aeab05261644944871eae4fe03e0ef1612fff0a4a95f87b438bc6780\windows-amd64\native-platform.dll
0x00007ffc44350000 - 0x00007ffc4435d000 	D:\Android\Android Studio\jre\jre\bin\management.dll
0x00007ffc4a9b0000 - 0x00007ffc4a9c8000 	C:\WINDOWS\SYSTEM32\CRYPTSP.dll
0x00007ffc4a100000 - 0x00007ffc4a134000 	C:\WINDOWS\system32\rsaenh.dll
0x00007ffc4b8e0000 - 0x00007ffc4b907000 	C:\WINDOWS\System32\bcrypt.dll
0x00007ffc4aef0000 - 0x00007ffc4af1e000 	C:\WINDOWS\SYSTEM32\USERENV.dll
0x00007ffc4b380000 - 0x00007ffc4b400000 	C:\WINDOWS\System32\bcryptprimitives.dll
0x00007ffc4a9a0000 - 0x00007ffc4a9ac000 	C:\WINDOWS\SYSTEM32\CRYPTBASE.dll
0x00007ffc4a470000 - 0x00007ffc4a4ab000 	C:\WINDOWS\SYSTEM32\IPHLPAPI.DLL
0x00007ffc4bbc0000 - 0x00007ffc4bbc8000 	C:\WINDOWS\System32\NSI.dll
0x00007ffc3ba90000 - 0x00007ffc3baa7000 	C:\WINDOWS\SYSTEM32\dhcpcsvc6.DLL
0x00007ffc3ba70000 - 0x00007ffc3ba8d000 	C:\WINDOWS\SYSTEM32\dhcpcsvc.DLL
0x00007ffc4a4b0000 - 0x00007ffc4a57c000 	C:\WINDOWS\SYSTEM32\DNSAPI.dll
0x00007ffc3bcd0000 - 0x00007ffc3bcdb000 	C:\WINDOWS\SYSTEM32\WINNSI.DLL

VM Arguments:
jvm_args: -Xmx2048m -Dfile.encoding=UTF-8 -Duser.country=RU -Duser.language=ru -Duser.variant 
java_command: org.gradle.launcher.daemon.bootstrap.GradleDaemon 6.5
java_class_path (initial): C:\Users\lesha\.gradle\wrapper\dists\gradle-6.5-all\2oz4ud9k3tuxjg84bbf55q0tn\gradle-6.5\lib\gradle-launcher-6.5.jar
Launcher Type: SUN_STANDARD

Environment Variables:
PATH=C:\WINDOWS\system32;C:\WINDOWS;C:\WINDOWS\System32\Wbem;C:\WINDOWS\System32\WindowsPowerShell\v1.0\;C:\WINDOWS\System32\OpenSSH\;C:\Program Files\dotnet\;C:\Program Files\Microsoft SQL Server\130\Tools\Binn\;C:\Program Files\Git\cmd;C:\Program Files (x86)\Microsoft SQL Server\130\Tools\Binn\;C:\Program Files\Microsoft SQL Server\Client SDK\ODBC\130\Tools\Binn\;C:\Program Files\Microsoft SQL Server\130\DTS\Binn\;C:\Program Files\nodejs\;C:\Program Files\Common Files\Autodesk Shared\;C:\Program Files (x86)\PDFtk Server\bin\;C:\Program Files (x86)\PDFtk\bin\;C:\Program Files (x86)\PuTTY\;C:\Program Files\Microsoft SQL Server\Client SDK\ODBC\170\Tools\Binn\;C:\Users\lesha\AppData\Local\Microsoft\WindowsApps;C:\Users\lesha\AppData\Roaming\npm;C:\Users\lesha\.dotnet\tools;C:\Users\lesha\.dotnet\tools;C:\Program Files\JetBrains\WebStorm 203.5419.24\bin;C:\Users\lesha\AppData\Local\Microsoft\WindowsApps
USERNAME=lesha
OS=Windows_NT
PROCESSOR_IDENTIFIER=Intel64 Family 6 Model 142 Stepping 10, GenuineIntel



---------------  S Y S T E M  ---------------

OS: Windows 10.0 , 64 bit Build 19041 (10.0.19041.928)

CPU:total 8 (initial active 8) (4 cores per cpu, 2 threads per core) family 6 model 142 stepping 10, cmov, cx8, fxsr, mmx, sse, sse2, sse3, ssse3, sse4.1, sse4.2, popcnt, avx, avx2, aes, clmul, erms, 3dnowpref, lzcnt, ht, tsc, tscinvbit, bmi1, bmi2, adx

Memory: 4k page, physical 20878476k(6797660k free), swap 24974476k(4648k free)

vm_info: OpenJDK 64-Bit Server VM (25.242-b01) for windows-amd64 JRE (1.8.0_242-release-1644-b01), built by "builder" with MS VC++ 10.0 (VS2010)

time: Mon May 31 03:36:24 2021
timezone: RTZ 2 (зима)
elapsed time: 23 seconds (0d 0h 0m 23s)

